Log file open, 11/13/19 08:40:41
LogWindows: Failed to load 'aqProf.dll' (GetLastError=126)
LogWindows: File 'aqProf.dll' does not exist
LogWindows: Failed to load 'VtuneApi.dll' (GetLastError=126)
LogWindows: File 'VtuneApi.dll' does not exist
LogWindows: Failed to load 'VtuneApi32e.dll' (GetLastError=126)
LogWindows: File 'VtuneApi32e.dll' does not exist
LogConsoleResponse: Display: Failed to find resolution value strings in scalability ini. Falling back to default.
LogInit: Display: Running engine for game: ZombieCreed
LogPakFile: Registered encryption key '00000000000000000000000000000000': 0 pak files mounted, 0 remain pending
LogPlatformFile: Not using cached read wrapper
LogTaskGraph: Started task graph with 5 named threads and 23 total threads with 3 sets of task threads.
LogStats: Stats thread started at 0.297939
LogD3D11RHI: Loaded GFSDK_Aftermath_Lib.x64.dll
LogICUInternationalization: ICU TimeZone Detection - Raw Offset: -8:00, Platform Override: ''
LogPluginManager: Mounting plugin Paper2D
LogPluginManager: Mounting plugin AISupport
LogPluginManager: Mounting plugin LightPropagationVolume
LogPluginManager: Mounting plugin ActorLayerUtilities
LogPluginManager: Mounting plugin AnimationSharing
LogPluginManager: Mounting plugin CLionSourceCodeAccess
LogPluginManager: Mounting plugin CodeLiteSourceCodeAccess
LogPluginManager: Mounting plugin GitSourceControl
LogPluginManager: Mounting plugin KDevelopSourceCodeAccess
LogPluginManager: Mounting plugin NullSourceCodeAccess
LogPluginManager: Mounting plugin PerforceSourceControl
LogPluginManager: Mounting plugin SubversionSourceControl
LogPluginManager: Mounting plugin UObjectPlugin
LogPluginManager: Mounting plugin VisualStudioCodeSourceCodeAccess
LogPluginManager: Mounting plugin VisualStudioSourceCodeAccess
LogPluginManager: Mounting plugin XCodeSourceCodeAccess
LogPluginManager: Mounting plugin AssetManagerEditor
LogPluginManager: Mounting plugin CryptoKeys
LogPluginManager: Mounting plugin DataValidation
LogPluginManager: Mounting plugin FacialAnimation
LogPluginManager: Mounting plugin GameplayTagsEditor
LogPluginManager: Mounting plugin MacGraphicsSwitching
LogPluginManager: Mounting plugin MaterialAnalyzer
LogPluginManager: Mounting plugin MobileLauncherProfileWizard
LogPluginManager: Mounting plugin PluginBrowser
LogPluginManager: Mounting plugin SpeedTreeImporter
LogPluginManager: Mounting plugin DatasmithContent
LogPluginManager: Mounting plugin VariantManagerContent
LogPluginManager: Mounting plugin AlembicImporter
LogPluginManager: Mounting plugin AppleImageUtils
LogPluginManager: Mounting plugin AppleVision
LogPluginManager: Mounting plugin BackChannel
LogPluginManager: Mounting plugin CharacterAI
LogPluginManager: Mounting plugin GeometryCache
LogPluginManager: Mounting plugin HTML5Networking
LogPluginManager: Mounting plugin ProxyLODPlugin
LogPluginManager: Mounting plugin SkeletalReduction
LogPluginManager: Mounting plugin MagicLeap
LogPluginManager: Mounting plugin MagicLeapMedia
LogPluginManager: Mounting plugin AndroidMedia
LogPluginManager: Mounting plugin AvfMedia
LogPluginManager: Mounting plugin ImgMedia
LogPluginManager: Mounting plugin LinearTimecode
LogPluginManager: Mounting plugin MediaCompositing
LogPluginManager: Mounting plugin MediaPlayerEditor
LogPluginManager: Mounting plugin WebMMedia
LogPluginManager: Mounting plugin WmfMedia
LogPluginManager: Mounting plugin TcpMessaging
LogPluginManager: Mounting plugin UdpMessaging
LogPluginManager: Mounting plugin ActorSequence
LogPluginManager: Mounting plugin LevelSequenceEditor
LogPluginManager: Mounting plugin MatineeToLevelSequence
LogPluginManager: Mounting plugin NetcodeUnitTest
LogPluginManager: Mounting plugin NUTUnrealEngine4
LogPluginManager: Mounting plugin OnlineSubsystemGooglePlay
LogPluginManager: Mounting plugin OnlineSubsystemIOS
LogPluginManager: Mounting plugin OnlineSubsystem
LogPluginManager: Mounting plugin OnlineSubsystemNull
LogPluginManager: Mounting plugin OnlineSubsystemUtils
LogPluginManager: Mounting plugin LauncherChunkInstaller
LogPluginManager: Mounting plugin AndroidDeviceProfileSelector
LogPluginManager: Mounting plugin AndroidMoviePlayer
LogPluginManager: Mounting plugin AndroidPermission
LogPluginManager: Mounting plugin AppleMoviePlayer
LogPluginManager: Mounting plugin ArchVisCharacter
LogPluginManager: Mounting plugin AudioCapture
LogPluginManager: Mounting plugin CableComponent
LogPluginManager: Mounting plugin CustomMeshComponent
LogPluginManager: Mounting plugin EditableMesh
LogPluginManager: Mounting plugin ExampleDeviceProfileSelector
LogPluginManager: Mounting plugin Firebase
LogPluginManager: Mounting plugin GoogleCloudMessaging
LogPluginManager: Mounting plugin IOSDeviceProfileSelector
LogPluginManager: Mounting plugin LinuxDeviceProfileSelector
LogPluginManager: Mounting plugin LocationServicesBPLibrary
LogPluginManager: Mounting plugin MobilePatchingUtils
LogPluginManager: Mounting plugin OculusVR
LogPluginManager: Mounting plugin PhysXVehicles
LogPluginManager: Mounting plugin ProceduralMeshComponent
LogPluginManager: Mounting plugin RuntimePhysXCooking
LogPluginManager: Mounting plugin SignificanceManager
LogPluginManager: Mounting plugin SteamVR
LogPluginManager: Mounting plugin WebMMoviePlayer
LogPluginManager: Mounting plugin WindowsMoviePlayer
LogInit: Using libcurl 7.55.1-DEV
LogInit:  - built for x86_64-pc-win32
LogInit:  - supports SSL with OpenSSL/1.1.1
LogInit:  - supports HTTP deflate (compression) using libz 1.2.8
LogInit:  - other features:
LogInit:      CURL_VERSION_SSL
LogInit:      CURL_VERSION_LIBZ
LogInit:      CURL_VERSION_IPV6
LogInit:      CURL_VERSION_ASYNCHDNS
LogInit:      CURL_VERSION_LARGEFILE
LogInit:      CURL_VERSION_IDN
LogInit:  CurlRequestOptions (configurable via config and command line):
LogInit:  - bVerifyPeer = true  - Libcurl will verify peer certificate
LogInit:  - bUseHttpProxy = false  - Libcurl will NOT use HTTP proxy
LogInit:  - bDontReuseConnections = false  - Libcurl will reuse connections
LogInit:  - MaxHostConnections = 16  - Libcurl will limit the number of connections to a host
LogInit:  - LocalHostAddr = Default
LogInit:  - BufferSize = 65536
LogInit: WinSock: version 1.1 (2.2), MaxSocks=32767, MaxUdp=65467
LogInit: Build: ++UE4+Release-4.22-CL-7053642
LogInit: Engine Version: 4.22.3-7053642+++UE4+Release-4.22
LogInit: Compatible Engine Version: 4.22.0-5660361+++UE4+Release-4.22
LogInit: Net CL: 5660361
LogInit: OS: Windows 10 (Release 1809) (), CPU: AMD Ryzen 7 3750H with Radeon Vega Mobile Gfx  , GPU: AMD Radeon(TM) RX Vega 10 Graphics
LogInit: Compiled (64-bit): Jun 18 2019 03:09:11
LogInit: Compiled with Visual C++: 19.16.27025.01
LogInit: Build Configuration: Development
LogInit: Branch Name: ++UE4+Release-4.22
LogInit: Command Line:  -EpicPortal -epicusername=Satucree -epicuserid=3495916a293f4f9b9e0823dd2d0f4bb3 -epiclocale=en-US
LogInit: Base Directory: C:/Program Files/Epic Games/UE_4.22/Engine/Binaries/Win64/
LogInit: Installed Engine Build: 1
LogDevObjectVersion: Number of dev versions registered: 23
LogDevObjectVersion:   Dev-Blueprints (B0D832E4-1F89-4F0D-ACCF-7EB736FD4AA2): 10
LogDevObjectVersion:   Dev-Build (E1C64328-A22C-4D53-A36C-8E866417BD8C): 0
LogDevObjectVersion:   Dev-Core (375EC13C-06E4-48FB-B500-84F0262A717E): 3
LogDevObjectVersion:   Dev-Editor (E4B068ED-F494-42E9-A231-DA0B2E46BB41): 30
LogDevObjectVersion:   Dev-Framework (CFFC743F-43B0-4480-9391-14DF171D2073): 35
LogDevObjectVersion:   Dev-Mobile (B02B49B5-BB20-44E9-A304-32B752E40360): 2
LogDevObjectVersion:   Dev-Networking (A4E4105C-59A1-49B5-A7C5-40C4547EDFEE): 0
LogDevObjectVersion:   Dev-Online (39C831C9-5AE6-47DC-9A44-9C173E1C8E7C): 0
LogDevObjectVersion:   Dev-Physics (78F01B33-EBEA-4F98-B9B4-84EACCB95AA2): 0
LogDevObjectVersion:   Dev-Platform (6631380F-2D4D-43E0-8009-CF276956A95A): 0
LogDevObjectVersion:   Dev-Rendering (12F88B9F-8875-4AFC-A67C-D90C383ABD29): 28
LogDevObjectVersion:   Dev-Sequencer (7B5AE74C-D270-4C10-A958-57980B212A5A): 11
LogDevObjectVersion:   Dev-VR (D7296918-1DD6-4BDD-9DE2-64A83CC13884): 2
LogDevObjectVersion:   Dev-LoadTimes (C2A15278-BFE7-4AFE-6C17-90FF531DF755): 1
LogDevObjectVersion:   Private-Geometry (6EACA3D4-40EC-4CC1-B786-8BED09428FC5): 3
LogDevObjectVersion:   Dev-AnimPhys (29E575DD-E0A3-4627-9D10-D276232CDCEA): 17
LogDevObjectVersion:   Dev-Anim (AF43A65D-7FD3-4947-9873-3E8ED9C1BB05): 2
LogDevObjectVersion:   Dev-ReflectionCapture (6B266CEC-1EC7-4B8F-A30B-E4D90942FC07): 1
LogDevObjectVersion:   Dev-Automation (0DF73D61-A23F-47EA-B727-89E90C41499A): 1
LogDevObjectVersion:   FortniteMain (601D1886-AC64-4F84-AA16-D3DE0DEAC7D6): 25
LogDevObjectVersion:   Dev-Enterprise (9DFFBCD6-494F-0158-E221-12823C92A888): 6
LogDevObjectVersion:   Dev-Niagara (F2AED0AC-9AFE-416F-8664-AA7FFA26D6FC): 1
LogDevObjectVersion:   Dev-Destruction (174F1F0B-B4C6-45A5-B13F-2EE8D0FB917D): 2
LogInit: Presizing for max 16777216 objects, including 0 objects not considered by GC, pre-allocating 0 bytes for permanent pool.
LogInit: Object subsystem initialized
LogConfig: Setting CVar [[con.DebugEarlyDefault:1]]
LogConfig: Setting CVar [[r.setres:1280x720]]
[2019.11.13-16.40.41:849][  0]LogConfig: Setting CVar [[r.VSync:0]]
[2019.11.13-16.40.41:849][  0]LogConfig: Setting CVar [[r.RHICmdBypass:0]]
[2019.11.13-16.40.41:849][  0]LogConfig: Applying CVar settings from Section [/Script/Engine.RendererSettings] File [C:/Users/samue/Desktop/Projet zombie/ZombieCreed/ZombieCreed/Saved/Config/Windows/Engine.ini]
[2019.11.13-16.40.41:849][  0]LogConfig: Setting CVar [[r.GPUCrashDebugging:0]]
[2019.11.13-16.40.41:849][  0]LogConfig: Applying CVar settings from Section [/Script/Engine.RendererOverrideSettings] File [C:/Users/samue/Desktop/Projet zombie/ZombieCreed/ZombieCreed/Saved/Config/Windows/Engine.ini]
[2019.11.13-16.40.41:849][  0]LogConfig: Applying CVar settings from Section [/Script/Engine.StreamingSettings] File [C:/Users/samue/Desktop/Projet zombie/ZombieCreed/ZombieCreed/Saved/Config/Windows/Engine.ini]
[2019.11.13-16.40.41:849][  0]LogConfig: Setting CVar [[s.MinBulkDataSizeForAsyncLoading:131072]]
[2019.11.13-16.40.41:849][  0]LogConfig: Setting CVar [[s.AsyncLoadingThreadEnabled:0]]
[2019.11.13-16.40.41:849][  0]LogConfig: Setting CVar [[s.EventDrivenLoaderEnabled:1]]
[2019.11.13-16.40.41:849][  0]LogConfig: Setting CVar [[s.WarnIfTimeLimitExceeded:0]]
[2019.11.13-16.40.41:849][  0]LogConfig: Setting CVar [[s.TimeLimitExceededMultiplier:1.5]]
[2019.11.13-16.40.41:849][  0]LogConfig: Setting CVar [[s.TimeLimitExceededMinTime:0.005]]
[2019.11.13-16.40.41:849][  0]LogConfig: Setting CVar [[s.UseBackgroundLevelStreaming:1]]
[2019.11.13-16.40.41:849][  0]LogConfig: Setting CVar [[s.PriorityAsyncLoadingExtraTime:15.0]]
[2019.11.13-16.40.41:849][  0]LogConfig: Setting CVar [[s.LevelStreamingActorsUpdateTimeLimit:5.0]]
[2019.11.13-16.40.41:849][  0]LogConfig: Setting CVar [[s.PriorityLevelStreamingActorsUpdateExtraTime:5.0]]
[2019.11.13-16.40.41:849][  0]LogConfig: Setting CVar [[s.LevelStreamingComponentsRegistrationGranularity:10]]
[2019.11.13-16.40.41:849][  0]LogConfig: Setting CVar [[s.UnregisterComponentsTimeLimit:1.0]]
[2019.11.13-16.40.41:849][  0]LogConfig: Setting CVar [[s.LevelStreamingComponentsUnregistrationGranularity:5]]
[2019.11.13-16.40.41:849][  0]LogConfig: Applying CVar settings from Section [/Script/Engine.GarbageCollectionSettings] File [C:/Users/samue/Desktop/Projet zombie/ZombieCreed/ZombieCreed/Saved/Config/Windows/Engine.ini]
[2019.11.13-16.40.41:849][  0]LogConfig: Setting CVar [[gc.MaxObjectsNotConsideredByGC:1]]
[2019.11.13-16.40.41:849][  0]LogConfig: Setting CVar [[gc.SizeOfPermanentObjectPool:0]]
[2019.11.13-16.40.41:849][  0]LogConfig: Setting CVar [[gc.FlushStreamingOnGC:0]]
[2019.11.13-16.40.41:849][  0]LogConfig: Setting CVar [[gc.NumRetriesBeforeForcingGC:10]]
[2019.11.13-16.40.41:850][  0]LogConfig: Setting CVar [[gc.AllowParallelGC:1]]
[2019.11.13-16.40.41:850][  0]LogConfig: Setting CVar [[gc.TimeBetweenPurgingPendingKillObjects:61.1]]
[2019.11.13-16.40.41:850][  0]LogConfig: Setting CVar [[gc.MaxObjectsInEditor:16777216]]
[2019.11.13-16.40.41:850][  0]LogConfig: Setting CVar [[gc.IncrementalBeginDestroyEnabled:1]]
[2019.11.13-16.40.41:850][  0]LogConfig: Setting CVar [[gc.CreateGCClusters:1]]
[2019.11.13-16.40.41:850][  0]LogConfig: Setting CVar [[gc.MinGCClusterSize:5]]
[2019.11.13-16.40.41:850][  0]LogConfig: Setting CVar [[gc.ActorClusteringEnabled:0]]
[2019.11.13-16.40.41:850][  0]LogConfig: Setting CVar [[gc.BlueprintClusteringEnabled:0]]
[2019.11.13-16.40.41:850][  0]LogConfig: Setting CVar [[gc.UseDisregardForGCOnDedicatedServers:0]]
[2019.11.13-16.40.41:850][  0]LogConfig: Applying CVar settings from Section [/Script/Engine.NetworkSettings] File [C:/Users/samue/Desktop/Projet zombie/ZombieCreed/ZombieCreed/Saved/Config/Windows/Engine.ini]
[2019.11.13-16.40.41:850][  0]LogConfig: Applying CVar settings from Section [/Script/UnrealEd.CookerSettings] File [C:/Users/samue/Desktop/Projet zombie/ZombieCreed/ZombieCreed/Saved/Config/Windows/Engine.ini]
[2019.11.13-16.40.41:855][  0]LogConfig: Applying CVar settings from Section [ViewDistanceQuality@3] File [C:/Users/samue/Desktop/Projet zombie/ZombieCreed/ZombieCreed/Saved/Config/Windows/Scalability.ini]
[2019.11.13-16.40.41:855][  0]LogConfig: Setting CVar [[r.SkeletalMeshLODBias:0]]
[2019.11.13-16.40.41:855][  0]LogConfig: Setting CVar [[r.ViewDistanceScale:1.0]]
[2019.11.13-16.40.41:855][  0]LogConfig: Applying CVar settings from Section [AntiAliasingQuality@3] File [C:/Users/samue/Desktop/Projet zombie/ZombieCreed/ZombieCreed/Saved/Config/Windows/Scalability.ini]
[2019.11.13-16.40.41:855][  0]LogConfig: Setting CVar [[r.PostProcessAAQuality:4]]
[2019.11.13-16.40.41:855][  0]LogConfig: Applying CVar settings from Section [ShadowQuality@3] File [C:/Users/samue/Desktop/Projet zombie/ZombieCreed/ZombieCreed/Saved/Config/Windows/Scalability.ini]
[2019.11.13-16.40.41:855][  0]LogConfig: Setting CVar [[r.LightFunctionQuality:1]]
[2019.11.13-16.40.41:855][  0]LogConfig: Setting CVar [[r.ShadowQuality:5]]
[2019.11.13-16.40.41:855][  0]LogConfig: Setting CVar [[r.Shadow.CSM.MaxCascades:10]]
[2019.11.13-16.40.41:855][  0]LogConfig: Setting CVar [[r.Shadow.MaxResolution:2048]]
[2019.11.13-16.40.41:855][  0]LogConfig: Setting CVar [[r.Shadow.MaxCSMResolution:2048]]
[2019.11.13-16.40.41:855][  0]LogConfig: Setting CVar [[r.Shadow.RadiusThreshold:0.01]]
[2019.11.13-16.40.41:855][  0]LogConfig: Setting CVar [[r.Shadow.DistanceScale:1.0]]
[2019.11.13-16.40.41:855][  0]LogConfig: Setting CVar [[r.Shadow.CSM.TransitionScale:1.0]]
[2019.11.13-16.40.41:855][  0]LogConfig: Setting CVar [[r.Shadow.PreShadowResolutionFactor:1.0]]
[2019.11.13-16.40.41:855][  0]LogConfig: Setting CVar [[r.DistanceFieldShadowing:1]]
[2019.11.13-16.40.41:855][  0]LogConfig: Setting CVar [[r.DistanceFieldAO:1]]
[2019.11.13-16.40.41:855][  0]LogConfig: Setting CVar [[r.AOQuality:2]]
[2019.11.13-16.40.41:855][  0]LogConfig: Setting CVar [[r.VolumetricFog:1]]
[2019.11.13-16.40.41:855][  0]LogConfig: Setting CVar [[r.VolumetricFog.GridPixelSize:8]]
[2019.11.13-16.40.41:855][  0]LogConfig: Setting CVar [[r.VolumetricFog.GridSizeZ:128]]
[2019.11.13-16.40.41:855][  0]LogConfig: Setting CVar [[r.VolumetricFog.HistoryMissSupersampleCount:4]]
[2019.11.13-16.40.41:856][  0]LogConfig: Setting CVar [[r.LightMaxDrawDistanceScale:1]]
[2019.11.13-16.40.41:856][  0]LogConfig: Setting CVar [[r.CapsuleShadows:1]]
[2019.11.13-16.40.41:856][  0]LogConfig: Applying CVar settings from Section [PostProcessQuality@3] File [C:/Users/samue/Desktop/Projet zombie/ZombieCreed/ZombieCreed/Saved/Config/Windows/Scalability.ini]
[2019.11.13-16.40.41:856][  0]LogConfig: Setting CVar [[r.MotionBlurQuality:4]]
[2019.11.13-16.40.41:856][  0]LogConfig: Setting CVar [[r.AmbientOcclusionMipLevelFactor:0.4]]
[2019.11.13-16.40.41:856][  0]LogConfig: Setting CVar [[r.AmbientOcclusionMaxQuality:100]]
[2019.11.13-16.40.41:856][  0]LogConfig: Setting CVar [[r.AmbientOcclusionLevels:-1]]
[2019.11.13-16.40.41:856][  0]LogConfig: Setting CVar [[r.AmbientOcclusionRadiusScale:1.0]]
[2019.11.13-16.40.41:856][  0]LogConfig: Setting CVar [[r.DepthOfFieldQuality:2]]
[2019.11.13-16.40.41:856][  0]LogConfig: Setting CVar [[r.RenderTargetPoolMin:400]]
[2019.11.13-16.40.41:856][  0]LogConfig: Setting CVar [[r.LensFlareQuality:2]]
[2019.11.13-16.40.41:856][  0]LogConfig: Setting CVar [[r.SceneColorFringeQuality:1]]
[2019.11.13-16.40.41:856][  0]LogConfig: Setting CVar [[r.EyeAdaptationQuality:2]]
[2019.11.13-16.40.41:856][  0]LogConfig: Setting CVar [[r.BloomQuality:5]]
[2019.11.13-16.40.41:856][  0]LogConfig: Setting CVar [[r.FastBlurThreshold:100]]
[2019.11.13-16.40.41:856][  0]LogConfig: Setting CVar [[r.Upscale.Quality:3]]
[2019.11.13-16.40.41:856][  0]LogConfig: Setting CVar [[r.Tonemapper.GrainQuantization:1]]
[2019.11.13-16.40.41:856][  0]LogConfig: Setting CVar [[r.LightShaftQuality:1]]
[2019.11.13-16.40.41:856][  0]LogConfig: Setting CVar [[r.Filter.SizeScale:1]]
[2019.11.13-16.40.41:856][  0]LogConfig: Setting CVar [[r.Tonemapper.Quality:5]]
[2019.11.13-16.40.41:856][  0]LogConfig: Setting CVar [[r.DOF.Gather.AccumulatorQuality:1        ; higher gathering accumulator quality]]
[2019.11.13-16.40.41:856][  0]LogConfig: Setting CVar [[r.DOF.Gather.PostfilterMethod:1          ; Median3x3 postfilering method]]
[2019.11.13-16.40.41:856][  0]LogConfig: Setting CVar [[r.DOF.Gather.EnableBokehSettings:0       ; no bokeh simulation when gathering]]
[2019.11.13-16.40.41:856][  0]LogConfig: Setting CVar [[r.DOF.Gather.RingCount:4                 ; medium number of samples when gathering]]
[2019.11.13-16.40.41:856][  0]LogConfig: Setting CVar [[r.DOF.Scatter.ForegroundCompositing:1    ; additive foreground scattering]]
[2019.11.13-16.40.41:856][  0]LogConfig: Setting CVar [[r.DOF.Scatter.BackgroundCompositing:2    ; additive background scattering]]
[2019.11.13-16.40.41:856][  0]LogConfig: Setting CVar [[r.DOF.Scatter.EnableBokehSettings:1      ; bokeh simulation when scattering]]
[2019.11.13-16.40.41:856][  0]LogConfig: Setting CVar [[r.DOF.Scatter.MaxSpriteRatio:0.1         ; only a maximum of 10% of scattered bokeh]]
[2019.11.13-16.40.41:856][  0]LogConfig: Setting CVar [[r.DOF.Recombine.Quality:1                ; cheap slight out of focus]]
[2019.11.13-16.40.41:856][  0]LogConfig: Setting CVar [[r.DOF.Recombine.EnableBokehSettings:0    ; no bokeh simulation on slight out of focus]]
[2019.11.13-16.40.41:856][  0]LogConfig: Setting CVar [[r.DOF.TemporalAAQuality:1                ; more stable temporal accumulation]]
[2019.11.13-16.40.41:857][  0]LogConfig: Setting CVar [[r.DOF.Kernel.MaxForegroundRadius:0.025]]
[2019.11.13-16.40.41:857][  0]LogConfig: Setting CVar [[r.DOF.Kernel.MaxBackgroundRadius:0.025]]
[2019.11.13-16.40.41:857][  0]LogConfig: Applying CVar settings from Section [TextureQuality@3] File [C:/Users/samue/Desktop/Projet zombie/ZombieCreed/ZombieCreed/Saved/Config/Windows/Scalability.ini]
[2019.11.13-16.40.41:857][  0]LogConfig: Setting CVar [[r.Streaming.MipBias:0]]
[2019.11.13-16.40.41:857][  0]LogConfig: Setting CVar [[r.Streaming.AmortizeCPUToGPUCopy:0]]
[2019.11.13-16.40.41:857][  0]LogConfig: Setting CVar [[r.Streaming.MaxNumTexturesToStreamPerFrame:0]]
[2019.11.13-16.40.41:857][  0]LogConfig: Setting CVar [[r.Streaming.Boost:1]]
[2019.11.13-16.40.41:857][  0]LogConfig: Setting CVar [[r.MaxAnisotropy:8]]
[2019.11.13-16.40.41:857][  0]LogConfig: Setting CVar [[r.Streaming.LimitPoolSizeToVRAM:0]]
[2019.11.13-16.40.41:857][  0]LogConfig: Setting CVar [[r.Streaming.PoolSize:1000]]
[2019.11.13-16.40.41:857][  0]LogConfig: Setting CVar [[r.Streaming.MaxEffectiveScreenSize:0]]
[2019.11.13-16.40.41:857][  0]LogConfig: Applying CVar settings from Section [EffectsQuality@3] File [C:/Users/samue/Desktop/Projet zombie/ZombieCreed/ZombieCreed/Saved/Config/Windows/Scalability.ini]
[2019.11.13-16.40.41:857][  0]LogConfig: Setting CVar [[r.TranslucencyLightingVolumeDim:64]]
[2019.11.13-16.40.41:857][  0]LogConfig: Setting CVar [[r.RefractionQuality:2]]
[2019.11.13-16.40.41:857][  0]LogConfig: Setting CVar [[r.SSR.Quality:3]]
[2019.11.13-16.40.41:857][  0]LogConfig: Setting CVar [[r.SceneColorFormat:4]]
[2019.11.13-16.40.41:857][  0]LogConfig: Setting CVar [[r.DetailMode:2]]
[2019.11.13-16.40.41:857][  0]LogConfig: Setting CVar [[r.TranslucencyVolumeBlur:1]]
[2019.11.13-16.40.41:857][  0]LogConfig: Setting CVar [[r.MaterialQualityLevel:1 ; High quality]]
[2019.11.13-16.40.41:857][  0]LogConfig: Setting CVar [[r.SSS.Scale:1]]
[2019.11.13-16.40.41:857][  0]LogConfig: Setting CVar [[r.SSS.SampleSet:2]]
[2019.11.13-16.40.41:857][  0]LogConfig: Setting CVar [[r.SSS.Quality:1]]
[2019.11.13-16.40.41:857][  0]LogConfig: Setting CVar [[r.SSS.HalfRes:1]]
[2019.11.13-16.40.41:857][  0]LogConfig: Setting CVar [[r.EmitterSpawnRateScale:1.0]]
[2019.11.13-16.40.41:857][  0]LogConfig: Setting CVar [[r.ParticleLightQuality:2]]
[2019.11.13-16.40.41:857][  0]LogConfig: Applying CVar settings from Section [FoliageQuality@3] File [C:/Users/samue/Desktop/Projet zombie/ZombieCreed/ZombieCreed/Saved/Config/Windows/Scalability.ini]
[2019.11.13-16.40.41:857][  0]LogConfig: Setting CVar [[foliage.DensityScale:1.0]]
[2019.11.13-16.40.41:857][  0]LogConfig: Setting CVar [[grass.DensityScale:1.0]]
[2019.11.13-16.40.41:857][  0]LogInit: Selected Device Profile: [Windows]
[2019.11.13-16.40.41:858][  0]LogInit: Applying CVar settings loaded from the selected device profile: [Windows]
[2019.11.13-16.40.41:897][  0]LogHAL: Display: Platform has ~ 8 GB [8389910528 / 8589934592 / 8], which maps to Default [LargestMinGB=32, LargerMinGB=12, DefaultMinGB=8, SmallerMinGB=6, SmallestMinGB=0)
[2019.11.13-16.40.41:897][  0]LogConfig: Setting CVar [[r.Vulkan.UseRealUBs:0		; Required until we fix HLR fall-out]]
[2019.11.13-16.40.41:897][  0]LogInit: Going up to parent DeviceProfile []
[2019.11.13-16.40.41:897][  0]LogConfig: Applying CVar settings from Section [ViewDistanceQuality@3] File [C:/Users/samue/Desktop/Projet zombie/ZombieCreed/ZombieCreed/Saved/Config/Windows/Scalability.ini]
[2019.11.13-16.40.41:897][  0]LogConfig: Setting CVar [[r.SkeletalMeshLODBias:0]]
[2019.11.13-16.40.41:897][  0]LogConfig: Setting CVar [[r.ViewDistanceScale:1.0]]
[2019.11.13-16.40.41:897][  0]LogConfig: Applying CVar settings from Section [AntiAliasingQuality@3] File [C:/Users/samue/Desktop/Projet zombie/ZombieCreed/ZombieCreed/Saved/Config/Windows/Scalability.ini]
[2019.11.13-16.40.41:897][  0]LogConfig: Setting CVar [[r.PostProcessAAQuality:4]]
[2019.11.13-16.40.41:897][  0]LogConfig: Applying CVar settings from Section [ShadowQuality@3] File [C:/Users/samue/Desktop/Projet zombie/ZombieCreed/ZombieCreed/Saved/Config/Windows/Scalability.ini]
[2019.11.13-16.40.41:897][  0]LogConfig: Setting CVar [[r.LightFunctionQuality:1]]
[2019.11.13-16.40.41:897][  0]LogConfig: Setting CVar [[r.ShadowQuality:5]]
[2019.11.13-16.40.41:897][  0]LogConfig: Setting CVar [[r.Shadow.CSM.MaxCascades:10]]
[2019.11.13-16.40.41:898][  0]LogConfig: Setting CVar [[r.Shadow.MaxResolution:2048]]
[2019.11.13-16.40.41:898][  0]LogConfig: Setting CVar [[r.Shadow.MaxCSMResolution:2048]]
[2019.11.13-16.40.41:898][  0]LogConfig: Setting CVar [[r.Shadow.RadiusThreshold:0.01]]
[2019.11.13-16.40.41:898][  0]LogConfig: Setting CVar [[r.Shadow.DistanceScale:1.0]]
[2019.11.13-16.40.41:898][  0]LogConfig: Setting CVar [[r.Shadow.CSM.TransitionScale:1.0]]
[2019.11.13-16.40.41:898][  0]LogConfig: Setting CVar [[r.Shadow.PreShadowResolutionFactor:1.0]]
[2019.11.13-16.40.41:898][  0]LogConfig: Setting CVar [[r.DistanceFieldShadowing:1]]
[2019.11.13-16.40.41:898][  0]LogConfig: Setting CVar [[r.DistanceFieldAO:1]]
[2019.11.13-16.40.41:898][  0]LogConfig: Setting CVar [[r.AOQuality:2]]
[2019.11.13-16.40.41:898][  0]LogConfig: Setting CVar [[r.VolumetricFog:1]]
[2019.11.13-16.40.41:898][  0]LogConfig: Setting CVar [[r.VolumetricFog.GridPixelSize:8]]
[2019.11.13-16.40.41:898][  0]LogConfig: Setting CVar [[r.VolumetricFog.GridSizeZ:128]]
[2019.11.13-16.40.41:898][  0]LogConfig: Setting CVar [[r.VolumetricFog.HistoryMissSupersampleCount:4]]
[2019.11.13-16.40.41:898][  0]LogConfig: Setting CVar [[r.LightMaxDrawDistanceScale:1]]
[2019.11.13-16.40.41:898][  0]LogConfig: Setting CVar [[r.CapsuleShadows:1]]
[2019.11.13-16.40.41:898][  0]LogConfig: Applying CVar settings from Section [PostProcessQuality@3] File [C:/Users/samue/Desktop/Projet zombie/ZombieCreed/ZombieCreed/Saved/Config/Windows/Scalability.ini]
[2019.11.13-16.40.41:898][  0]LogConfig: Setting CVar [[r.MotionBlurQuality:4]]
[2019.11.13-16.40.41:898][  0]LogConfig: Setting CVar [[r.AmbientOcclusionMipLevelFactor:0.4]]
[2019.11.13-16.40.41:898][  0]LogConfig: Setting CVar [[r.AmbientOcclusionMaxQuality:100]]
[2019.11.13-16.40.41:898][  0]LogConfig: Setting CVar [[r.AmbientOcclusionLevels:-1]]
[2019.11.13-16.40.41:898][  0]LogConfig: Setting CVar [[r.AmbientOcclusionRadiusScale:1.0]]
[2019.11.13-16.40.41:898][  0]LogConfig: Setting CVar [[r.DepthOfFieldQuality:2]]
[2019.11.13-16.40.41:898][  0]LogConfig: Setting CVar [[r.RenderTargetPoolMin:400]]
[2019.11.13-16.40.41:898][  0]LogConfig: Setting CVar [[r.LensFlareQuality:2]]
[2019.11.13-16.40.41:898][  0]LogConfig: Setting CVar [[r.SceneColorFringeQuality:1]]
[2019.11.13-16.40.41:898][  0]LogConfig: Setting CVar [[r.EyeAdaptationQuality:2]]
[2019.11.13-16.40.41:898][  0]LogConfig: Setting CVar [[r.BloomQuality:5]]
[2019.11.13-16.40.41:899][  0]LogConfig: Setting CVar [[r.FastBlurThreshold:100]]
[2019.11.13-16.40.41:899][  0]LogConfig: Setting CVar [[r.Upscale.Quality:3]]
[2019.11.13-16.40.41:899][  0]LogConfig: Setting CVar [[r.Tonemapper.GrainQuantization:1]]
[2019.11.13-16.40.41:899][  0]LogConfig: Setting CVar [[r.LightShaftQuality:1]]
[2019.11.13-16.40.41:899][  0]LogConfig: Setting CVar [[r.Filter.SizeScale:1]]
[2019.11.13-16.40.41:899][  0]LogConfig: Setting CVar [[r.Tonemapper.Quality:5]]
[2019.11.13-16.40.41:899][  0]LogConfig: Setting CVar [[r.DOF.Gather.AccumulatorQuality:1        ; higher gathering accumulator quality]]
[2019.11.13-16.40.41:899][  0]LogConfig: Setting CVar [[r.DOF.Gather.PostfilterMethod:1          ; Median3x3 postfilering method]]
[2019.11.13-16.40.41:899][  0]LogConfig: Setting CVar [[r.DOF.Gather.EnableBokehSettings:0       ; no bokeh simulation when gathering]]
[2019.11.13-16.40.41:899][  0]LogConfig: Setting CVar [[r.DOF.Gather.RingCount:4                 ; medium number of samples when gathering]]
[2019.11.13-16.40.41:899][  0]LogConfig: Setting CVar [[r.DOF.Scatter.ForegroundCompositing:1    ; additive foreground scattering]]
[2019.11.13-16.40.41:899][  0]LogConfig: Setting CVar [[r.DOF.Scatter.BackgroundCompositing:2    ; additive background scattering]]
[2019.11.13-16.40.41:899][  0]LogConfig: Setting CVar [[r.DOF.Scatter.EnableBokehSettings:1      ; bokeh simulation when scattering]]
[2019.11.13-16.40.41:899][  0]LogConfig: Setting CVar [[r.DOF.Scatter.MaxSpriteRatio:0.1         ; only a maximum of 10% of scattered bokeh]]
[2019.11.13-16.40.41:899][  0]LogConfig: Setting CVar [[r.DOF.Recombine.Quality:1                ; cheap slight out of focus]]
[2019.11.13-16.40.41:899][  0]LogConfig: Setting CVar [[r.DOF.Recombine.EnableBokehSettings:0    ; no bokeh simulation on slight out of focus]]
[2019.11.13-16.40.41:899][  0]LogConfig: Setting CVar [[r.DOF.TemporalAAQuality:1                ; more stable temporal accumulation]]
[2019.11.13-16.40.41:899][  0]LogConfig: Setting CVar [[r.DOF.Kernel.MaxForegroundRadius:0.025]]
[2019.11.13-16.40.41:899][  0]LogConfig: Setting CVar [[r.DOF.Kernel.MaxBackgroundRadius:0.025]]
[2019.11.13-16.40.41:899][  0]LogConfig: Applying CVar settings from Section [TextureQuality@3] File [C:/Users/samue/Desktop/Projet zombie/ZombieCreed/ZombieCreed/Saved/Config/Windows/Scalability.ini]
[2019.11.13-16.40.41:899][  0]LogConfig: Setting CVar [[r.Streaming.MipBias:0]]
[2019.11.13-16.40.41:899][  0]LogConfig: Setting CVar [[r.Streaming.AmortizeCPUToGPUCopy:0]]
[2019.11.13-16.40.41:899][  0]LogConfig: Setting CVar [[r.Streaming.MaxNumTexturesToStreamPerFrame:0]]
[2019.11.13-16.40.41:899][  0]LogConfig: Setting CVar [[r.Streaming.Boost:1]]
[2019.11.13-16.40.41:899][  0]LogConfig: Setting CVar [[r.MaxAnisotropy:8]]
[2019.11.13-16.40.41:899][  0]LogConfig: Setting CVar [[r.Streaming.LimitPoolSizeToVRAM:0]]
[2019.11.13-16.40.41:900][  0]LogConfig: Setting CVar [[r.Streaming.PoolSize:1000]]
[2019.11.13-16.40.41:900][  0]LogConfig: Setting CVar [[r.Streaming.MaxEffectiveScreenSize:0]]
[2019.11.13-16.40.41:900][  0]LogConfig: Applying CVar settings from Section [EffectsQuality@3] File [C:/Users/samue/Desktop/Projet zombie/ZombieCreed/ZombieCreed/Saved/Config/Windows/Scalability.ini]
[2019.11.13-16.40.41:900][  0]LogConfig: Setting CVar [[r.TranslucencyLightingVolumeDim:64]]
[2019.11.13-16.40.41:900][  0]LogConfig: Setting CVar [[r.RefractionQuality:2]]
[2019.11.13-16.40.41:900][  0]LogConfig: Setting CVar [[r.SSR.Quality:3]]
[2019.11.13-16.40.41:900][  0]LogConfig: Setting CVar [[r.SceneColorFormat:4]]
[2019.11.13-16.40.41:900][  0]LogConfig: Setting CVar [[r.DetailMode:2]]
[2019.11.13-16.40.41:900][  0]LogConfig: Setting CVar [[r.TranslucencyVolumeBlur:1]]
[2019.11.13-16.40.41:900][  0]LogConfig: Setting CVar [[r.MaterialQualityLevel:1 ; High quality]]
[2019.11.13-16.40.41:900][  0]LogConfig: Setting CVar [[r.SSS.Scale:1]]
[2019.11.13-16.40.41:900][  0]LogConfig: Setting CVar [[r.SSS.SampleSet:2]]
[2019.11.13-16.40.41:900][  0]LogConfig: Setting CVar [[r.SSS.Quality:1]]
[2019.11.13-16.40.41:900][  0]LogConfig: Setting CVar [[r.SSS.HalfRes:1]]
[2019.11.13-16.40.41:900][  0]LogConfig: Setting CVar [[r.EmitterSpawnRateScale:1.0]]
[2019.11.13-16.40.41:900][  0]LogConfig: Setting CVar [[r.ParticleLightQuality:2]]
[2019.11.13-16.40.41:900][  0]LogConfig: Applying CVar settings from Section [FoliageQuality@3] File [C:/Users/samue/Desktop/Projet zombie/ZombieCreed/ZombieCreed/Saved/Config/Windows/Scalability.ini]
[2019.11.13-16.40.41:900][  0]LogConfig: Setting CVar [[foliage.DensityScale:1.0]]
[2019.11.13-16.40.41:900][  0]LogConfig: Setting CVar [[grass.DensityScale:1.0]]
[2019.11.13-16.40.41:900][  0]LogConfig: Applying CVar settings from Section [Startup] File [../../../Engine/Config/ConsoleVariables.ini]
[2019.11.13-16.40.41:901][  0]LogConfig: Setting CVar [[net.UseAdaptiveNetUpdateFrequency:0]]
[2019.11.13-16.40.41:901][  0]LogConfig: Setting CVar [[p.chaos.AllowCreatePhysxBodies:1]]
[2019.11.13-16.40.41:901][  0]LogConfig: Applying CVar settings from Section [ConsoleVariables] File [C:/Users/samue/Desktop/Projet zombie/ZombieCreed/ZombieCreed/Saved/Config/Windows/Engine.ini]
[2019.11.13-16.40.41:901][  0]LogInit: Computer: LAPTOP-IH2H1BOS
[2019.11.13-16.40.41:901][  0]LogInit: User: samue
[2019.11.13-16.40.41:901][  0]LogInit: CPU Page size=4096, Cores=4
[2019.11.13-16.40.41:901][  0]LogInit: High frequency timer resolution =10.000000 MHz
[2019.11.13-16.40.41:902][  0]LogMemory: Memory total: Physical=7.8GB (8GB approx)
[2019.11.13-16.40.41:902][  0]LogMemory: Platform Memory Stats for Windows
[2019.11.13-16.40.41:902][  0]LogMemory: Process Physical Memory: 98.59 MB used, 98.60 MB peak
[2019.11.13-16.40.41:902][  0]LogMemory: Process Virtual Memory: 88.96 MB used, 88.96 MB peak
[2019.11.13-16.40.41:902][  0]LogMemory: Physical Memory: 5607.33 MB used,  2393.91 MB free, 8001.24 MB total
[2019.11.13-16.40.41:902][  0]LogMemory: Virtual Memory: 4656.41 MB used,  134213072.00 MB free, 134217728.00 MB total
[2019.11.13-16.40.41:937][  0]LogInit: Using OS detected language (en-US).
[2019.11.13-16.40.41:937][  0]LogInit: Using OS detected locale (en-CA).
[2019.11.13-16.40.41:938][  0]LogTextLocalizationManager: No specific localization for 'en-US' exists, so the 'en' localization will be used.
[2019.11.13-16.40.42:151][  0]LogInit: Setting process to per monitor DPI aware
[2019.11.13-16.40.42:190][  0]LogSlate: New Slate User Created.  User Index 0, Is Virtual User: 0
[2019.11.13-16.40.42:190][  0]LogSlate: Slate User Registered.  User Index 0, Is Virtual User: 0
[2019.11.13-16.40.42:456][  0]LogHMD: Failed to initialize OpenVR with code 110
[2019.11.13-16.40.42:456][  0]LogD3D11RHI: D3D11 adapters:
[2019.11.13-16.40.42:547][  0]LogD3D11RHI:    0. 'NVIDIA GeForce GTX 1650' (Feature Level 11_0)
[2019.11.13-16.40.42:547][  0]LogD3D11RHI:       3962/0/4000 MB DedicatedVideo/DedicatedSystem/SharedSystem, Outputs:1, VendorId:0x10de
[2019.11.13-16.40.42:576][  0]LogD3D11RHI:    1. 'AMD Radeon(TM) RX Vega 10 Graphics' (Feature Level 11_0)
[2019.11.13-16.40.42:576][  0]LogD3D11RHI:       112/0/4000 MB DedicatedVideo/DedicatedSystem/SharedSystem, Outputs:0, VendorId:0x1002
[2019.11.13-16.40.42:578][  0]LogD3D11RHI:    2. 'Microsoft Basic Render Driver' (Feature Level 11_0)
[2019.11.13-16.40.42:578][  0]LogD3D11RHI:       0/0/4000 MB DedicatedVideo/DedicatedSystem/SharedSystem, Outputs:0, VendorId:0x1414
[2019.11.13-16.40.42:578][  0]LogD3D11RHI: Chosen D3D11 Adapter: 0
[2019.11.13-16.40.42:594][  0]LogD3D11RHI: Creating new Direct3DDevice
[2019.11.13-16.40.42:594][  0]LogD3D11RHI:     GPU DeviceId: 0x1f91 (for the marketing name, search the web for "GPU Device Id")
[2019.11.13-16.40.42:595][  0]LogWindows: EnumDisplayDevices:
[2019.11.13-16.40.42:595][  0]LogWindows:    0. 'AMD Radeon(TM) RX Vega 10 Graphics' (P:1 D:1)
[2019.11.13-16.40.42:595][  0]LogWindows:    1. 'AMD Radeon(TM) RX Vega 10 Graphics' (P:0 D:0)
[2019.11.13-16.40.42:595][  0]LogWindows:    2. 'AMD Radeon(TM) RX Vega 10 Graphics' (P:0 D:0)
[2019.11.13-16.40.42:596][  0]LogWindows:    3. 'NVIDIA GeForce GTX 1650' (P:0 D:0)
[2019.11.13-16.40.42:596][  0]LogWindows: DebugString: PrimaryIsNotTheChoosenAdapter PrimaryIsNotTheChoosenAdapter PrimaryIsNotTheChoosenAdapter 
[2019.11.13-16.40.42:596][  0]LogD3D11RHI:     Adapter Name: NVIDIA GeForce GTX 1650
[2019.11.13-16.40.42:596][  0]LogD3D11RHI:   Driver Version: 431.87 (internal:26.21.14.3187, unified:431.87)
[2019.11.13-16.40.42:596][  0]LogD3D11RHI:      Driver Date: 8-28-2019
[2019.11.13-16.40.42:596][  0]LogRHI: Texture pool is 2773 MB (70% of 3962 MB)
[2019.11.13-16.40.42:658][  0]LogD3D11RHI: Async texture creation enabled
[2019.11.13-16.40.42:661][  0]LogRendererCore: FGlobalReadBuffer::InitRHI
[2019.11.13-16.40.42:661][  0]LogRendererCore: FGlobalReadBuffer::InitRHI
[2019.11.13-16.40.42:661][  0]LogRendererCore: FGlobalReadBuffer::InitRHI
[2019.11.13-16.40.42:669][  0]LogD3D11RHI: GPU Timing Frequency: 1000.000000 (Debug: 2 1)
[2019.11.13-16.40.58:082][  0]LogTemp: Display: Module 'AllDesktopTargetPlatform' loaded TargetPlatform 'AllDesktop'
[2019.11.13-16.40.58:099][  0]LogTemp: Display: Module 'MacClientTargetPlatform' loaded TargetPlatform 'MacClient'
[2019.11.13-16.40.58:116][  0]LogTemp: Display: Module 'MacNoEditorTargetPlatform' loaded TargetPlatform 'MacNoEditor'
[2019.11.13-16.40.58:132][  0]LogTemp: Display: Module 'MacServerTargetPlatform' loaded TargetPlatform 'MacServer'
[2019.11.13-16.40.58:150][  0]LogTemp: Display: Module 'MacTargetPlatform' loaded TargetPlatform 'Mac'
[2019.11.13-16.40.58:170][  0]LogTemp: Display: Module 'WindowsClientTargetPlatform' loaded TargetPlatform 'WindowsClient'
[2019.11.13-16.40.58:188][  0]LogTemp: Display: Module 'WindowsNoEditorTargetPlatform' loaded TargetPlatform 'WindowsNoEditor'
[2019.11.13-16.40.58:205][  0]LogTemp: Display: Module 'WindowsServerTargetPlatform' loaded TargetPlatform 'WindowsServer'
[2019.11.13-16.40.58:213][  0]LogTemp: Display: Module 'WindowsTargetPlatform' loaded TargetPlatform 'Windows'
[2019.11.13-16.40.58:318][  0]LogTemp: Display: Module 'AndroidTargetPlatform' loaded TargetPlatform 'Android'
[2019.11.13-16.40.58:318][  0]LogTemp: Display: Module 'AndroidTargetPlatform' loaded TargetPlatform 'Android_ASTC'
[2019.11.13-16.40.58:318][  0]LogTemp: Display: Module 'AndroidTargetPlatform' loaded TargetPlatform 'Android_ATC'
[2019.11.13-16.40.58:318][  0]LogTemp: Display: Module 'AndroidTargetPlatform' loaded TargetPlatform 'Android_DXT'
[2019.11.13-16.40.58:318][  0]LogTemp: Display: Module 'AndroidTargetPlatform' loaded TargetPlatform 'Android_ETC1'
[2019.11.13-16.40.58:318][  0]LogTemp: Display: Module 'AndroidTargetPlatform' loaded TargetPlatform 'Android_ETC1a'
[2019.11.13-16.40.58:318][  0]LogTemp: Display: Module 'AndroidTargetPlatform' loaded TargetPlatform 'Android_ETC2'
[2019.11.13-16.40.58:318][  0]LogTemp: Display: Module 'AndroidTargetPlatform' loaded TargetPlatform 'Android_PVRTC'
[2019.11.13-16.40.58:318][  0]LogTemp: Display: Module 'AndroidTargetPlatform' loaded TargetPlatform 'AndroidClient'
[2019.11.13-16.40.58:318][  0]LogTemp: Display: Module 'AndroidTargetPlatform' loaded TargetPlatform 'Android_ASTCClient'
[2019.11.13-16.40.58:318][  0]LogTemp: Display: Module 'AndroidTargetPlatform' loaded TargetPlatform 'Android_ATCClient'
[2019.11.13-16.40.58:318][  0]LogTemp: Display: Module 'AndroidTargetPlatform' loaded TargetPlatform 'Android_DXTClient'
[2019.11.13-16.40.58:318][  0]LogTemp: Display: Module 'AndroidTargetPlatform' loaded TargetPlatform 'Android_ETC1Client'
[2019.11.13-16.40.58:318][  0]LogTemp: Display: Module 'AndroidTargetPlatform' loaded TargetPlatform 'Android_ETC1aClient'
[2019.11.13-16.40.58:318][  0]LogTemp: Display: Module 'AndroidTargetPlatform' loaded TargetPlatform 'Android_ETC2Client'
[2019.11.13-16.40.58:318][  0]LogTemp: Display: Module 'AndroidTargetPlatform' loaded TargetPlatform 'Android_PVRTCClient'
[2019.11.13-16.40.58:318][  0]LogTemp: Display: Module 'AndroidTargetPlatform' loaded TargetPlatform 'Android_Multi'
[2019.11.13-16.40.58:318][  0]LogTemp: Display: Module 'AndroidTargetPlatform' loaded TargetPlatform 'Android_MultiClient'
[2019.11.13-16.40.58:320][  0]LogTemp: Display: Module 'HTML5TargetPlatform' loaded TargetPlatform 'HTML5'
[2019.11.13-16.40.58:379][  0]LogTemp: Display: Module 'IOSTargetPlatform' loaded TargetPlatform 'IOSClient'
[2019.11.13-16.40.58:379][  0]LogTemp: Display: Module 'IOSTargetPlatform' loaded TargetPlatform 'IOS'
[2019.11.13-16.40.58:413][  0]LogTemp: Display: Module 'TVOSTargetPlatform' loaded TargetPlatform 'TVOSClient'
[2019.11.13-16.40.58:413][  0]LogTemp: Display: Module 'TVOSTargetPlatform' loaded TargetPlatform 'TVOS'
[2019.11.13-16.40.58:429][  0]LogTemp: Display: Module 'LinuxClientTargetPlatform' loaded TargetPlatform 'LinuxClient'
[2019.11.13-16.40.58:447][  0]LogTemp: Display: Module 'LinuxNoEditorTargetPlatform' loaded TargetPlatform 'LinuxNoEditor'
[2019.11.13-16.40.58:464][  0]LogTemp: Display: Module 'LinuxServerTargetPlatform' loaded TargetPlatform 'LinuxServer'
[2019.11.13-16.40.58:484][  0]LogTemp: Display: Module 'LinuxTargetPlatform' loaded TargetPlatform 'Linux'
[2019.11.13-16.40.58:541][  0]LogTemp: Display: Module 'LuminTargetPlatform' loaded TargetPlatform 'Lumin'
[2019.11.13-16.40.58:541][  0]LogTemp: Display: Module 'LuminTargetPlatform' loaded TargetPlatform 'LuminClient'
[2019.11.13-16.40.58:541][  0]LogTargetPlatformManager: Display: Building Assets For Windows
[2019.11.13-16.40.58:551][  0]LogAudioDebug: Display: Lib vorbis DLL was dynamically loaded.
[2019.11.13-16.40.58:623][  0]LogShaderCompilers: Guid format shader working directory is -30 characters bigger than the processId version (../../../../../../Users/samue/Desktop/Projet zombie/ZombieCreed/ZombieCreed/Intermediate/Shaders/WorkingDirectory/10768/).
[2019.11.13-16.40.58:623][  0]LogShaderCompilers: Cleaned the shader compiler working directory 'C:/Users/samue/AppData/Local/Temp/UnrealShaderWorkingDir/942A2A8A4A39BC9DA94A98B7B2AEDA49/'.
[2019.11.13-16.40.58:626][  0]LogXGEController: Cannot use XGE Controller as Incredibuild is not installed on this machine.
[2019.11.13-16.40.58:626][  0]LogShaderCompilers: Cannot use XGE Shader Compiler as Incredibuild is not installed on this machine.
[2019.11.13-16.40.58:626][  0]LogShaderCompilers: Display: Using Local Shader Compiler.
[2019.11.13-16.40.59:563][  0]LogDerivedDataCache: Display: Max Cache Size: 512 MB
[2019.11.13-16.40.59:640][  0]LogDerivedDataCache: Loaded boot cache 0.08s 71MB C:/Users/samue/AppData/Local/UnrealEngine/4.22/DerivedDataCache/Boot.ddc.
[2019.11.13-16.40.59:640][  0]LogDerivedDataCache: Display: Loaded Boot cache: C:/Users/samue/AppData/Local/UnrealEngine/4.22/DerivedDataCache/Boot.ddc
[2019.11.13-16.40.59:640][  0]LogDerivedDataCache: FDerivedDataBackendGraph:  Pak pak cache file ../../../../../../Users/samue/Desktop/Projet zombie/ZombieCreed/ZombieCreed/DerivedDataCache/DDC.ddp not found, will not use a pak cache.
[2019.11.13-16.40.59:640][  0]LogDerivedDataCache: Unable to find inner node Pak for hierarchical cache Hierarchy.
[2019.11.13-16.40.59:640][  0]LogDerivedDataCache: FDerivedDataBackendGraph:  CompressedPak pak cache file ../../../../../../Users/samue/Desktop/Projet zombie/ZombieCreed/ZombieCreed/DerivedDataCache/Compressed.ddp not found, will not use a pak cache.
[2019.11.13-16.40.59:640][  0]LogDerivedDataCache: Unable to find inner node CompressedPak for hierarchical cache Hierarchy.
[2019.11.13-16.40.59:666][  0]LogDerivedDataCache: Display: Pak cache opened for reading ../../../Engine/DerivedDataCache/Compressed.ddp.
[2019.11.13-16.40.59:667][  0]LogDerivedDataCache: FDerivedDataBackendGraph:  EnterprisePak pak cache file ../../../Enterprise/DerivedDataCache/Compressed.ddp not found, will not use a pak cache.
[2019.11.13-16.40.59:667][  0]LogDerivedDataCache: Unable to find inner node EnterprisePak for hierarchical cache Hierarchy.
[2019.11.13-16.40.59:681][  0]LogDerivedDataCache: Using Local data cache path C:/Users/samue/AppData/Local/UnrealEngine/Common/DerivedDataCache: Writable
[2019.11.13-16.40.59:681][  0]LogDerivedDataCache: Shared data cache path not found in *engine.ini, will not use an Shared cache.
[2019.11.13-16.40.59:681][  0]LogDerivedDataCache: Unable to find inner node Shared for hierarchical cache Hierarchy.
[2019.11.13-16.40.59:722][  0]LogMaterial: Verifying Global Shaders for PCD3D_SM5
[2019.11.13-16.40.59:726][  0]LogSlate: Using FreeType 2.6.0
[2019.11.13-16.40.59:727][  0]LogSlate: SlateFontServices - WITH_FREETYPE: 1, WITH_HARFBUZZ: 1
[2019.11.13-16.40.59:849][  0]LogAssetRegistry: FAssetRegistry took 0.0518 seconds to start up
[2019.11.13-16.41.00:303][  0]LogInit: Selected Device Profile: [Windows]
[2019.11.13-16.41.00:495][  0]LogMeshReduction: Using QuadricMeshReduction for automatic static mesh reduction
[2019.11.13-16.41.00:495][  0]LogMeshReduction: Using SimplygonMeshReduction for automatic skeletal mesh reduction
[2019.11.13-16.41.00:495][  0]LogMeshReduction: Using ProxyLODMeshReduction for automatic mesh merging
[2019.11.13-16.41.00:495][  0]LogMeshReduction: No distributed automatic mesh merging module available
[2019.11.13-16.41.00:495][  0]LogMeshMerging: No distributed automatic mesh merging module available
[2019.11.13-16.41.00:510][  0]LogNetVersion: ZombieCreed 1.0.0, NetCL: 5660361, EngineNetVer: 10, GameNetVer: 0 (Checksum: 2797403465)
[2019.11.13-16.41.01:012][  0]LogPackageLocalizationCache: Processed 10 localized package path(s) for 1 prioritized culture(s) in 0.070530 seconds
[2019.11.13-16.41.01:021][  0]LogUObjectArray: 42205 objects as part of root set at end of initial load.
[2019.11.13-16.41.01:021][  0]LogUObjectAllocator: 7325032 out of 0 bytes used by permanent object pool.
[2019.11.13-16.41.01:021][  0]LogUObjectArray: CloseDisregardForGC: 0/0 objects in disregard for GC pool
[2019.11.13-16.41.01:969][  0]LogTcpMessaging: Initializing TcpMessaging bridge
[2019.11.13-16.41.01:984][  0]LogUdpMessaging: Initializing bridge on interface 0.0.0.0:0 to multicast group 230.0.0.1:6666.
[2019.11.13-16.41.02:151][  0]SourceControl: Source control is disabled
[2019.11.13-16.41.02:151][  0]SourceControl: Source control is disabled
[2019.11.13-16.41.02:153][  0]SourceControl: Source control is disabled
[2019.11.13-16.41.02:154][  0]SourceControl: Source control is disabled
[2019.11.13-16.41.02:296][  0]LogAndroidPermission: UAndroidPermissionCallbackProxy::GetInstance
[2019.11.13-16.41.02:366][  0]LogOcInput: OculusInput pre-init called
[2019.11.13-16.41.03:500][  0]LogEngine: Initializing Engine...
[2019.11.13-16.41.03:502][  0]LogHMD: Failed to initialize OpenVR with code 110
[2019.11.13-16.41.03:505][  0]LogStats: UGameplayTagsManager::InitializeManager -  0.000 s
[2019.11.13-16.41.03:822][  0]LogInit: Initializing FReadOnlyCVARCache
[2019.11.13-16.41.03:849][  0]LogAIModule: Creating AISystem for world Untitled
[2019.11.13-16.41.03:911][  0]LogInit: XAudio2 using 'Speakers (Realtek(R) Audio)' : 2 channels at 48 kHz using 32 bits per sample (channel mask 0x3)
[2019.11.13-16.41.04:011][  0]LogInit: FAudioDevice initialized.
[2019.11.13-16.41.04:011][  0]LogNetVersion: Set ProjectVersion to 1.0.0.0. Version Checksum will be recalculated on next use.
[2019.11.13-16.41.04:083][  0]LogDerivedDataCache: Saved boot cache 0.07s 71MB C:/Users/samue/AppData/Local/UnrealEngine/4.22/DerivedDataCache/Boot.ddc.
[2019.11.13-16.41.04:105][  0]LogInit: Texture streaming: Enabled
[2019.11.13-16.41.04:134][  0]LogEngineSessionManager: EngineSessionManager initialized
[2019.11.13-16.41.04:181][  0]LogInit: Transaction tracking system initialized
[2019.11.13-16.41.04:226][  0]BlueprintLog: New page: Editor Load
[2019.11.13-16.41.04:334][  0]LocalizationService: Localization service is disabled
[2019.11.13-16.41.04:673][  0]LogFileCache: Scanning file cache for directory 'C:/Users/samue/Desktop/Projet zombie/ZombieCreed/ZombieCreed/Content/' took 0.03s
[2019.11.13-16.41.04:673][  0]LogCook: Display: Max memory allowance for cook 16384mb min free memory 0mb
[2019.11.13-16.41.04:673][  0]LogCook: Display: Mobile HDR setting 1
[2019.11.13-16.41.04:881][  0]SourceControl: Source control is disabled
[2019.11.13-16.41.04:881][  0]Cmd: MAP LOAD FILE="../../../../../../Users/samue/Desktop/Projet zombie/ZombieCreed/ZombieCreed/Content/Maps/City1.umap" TEMPLATE=0 SHOWPROGRESS=1 FEATURELEVEL=3
[2019.11.13-16.41.04:882][  0]LightingResults: New page: Lighting Build
[2019.11.13-16.41.04:885][  0]MapCheck: New page: Map Check
[2019.11.13-16.41.04:885][  0]LightingResults: New page: Lighting Build
[2019.11.13-16.41.04:910][  0]LogUObjectHash: Compacting FUObjectHashTables data took   2.11ms
[2019.11.13-16.41.05:983][  0]LogTexture: Display: Building textures: HQ_Lightmap0_4 (AutoDXT, 128X128)
[2019.11.13-16.41.05:984][  0]LogTexture: Display: Building textures: HQ_Lightmap0_5 (AutoDXT, 64X64)
[2019.11.13-16.41.05:984][  0]LogTexture: Display: Building textures: LQ_Lightmap_0_2 (DXT1, 1024X1024)
[2019.11.13-16.41.05:984][  0]LogTexture: Display: Building textures: HQ_Lightmap0_3 (AutoDXT, 1024X1024)
[2019.11.13-16.41.05:984][  0]LogTexture: Display: Building textures: LQ_Lightmap_0_1 (DXT1, 1024X1024)
[2019.11.13-16.41.05:984][  0]LogTexture: Display: Building textures: HQ_Lightmap0_1 (AutoDXT, 1024X1024)
[2019.11.13-16.41.05:984][  0]LogTexture: Display: Building textures: HQ_Lightmap0_2 (AutoDXT, 1024X1024)
[2019.11.13-16.41.05:984][  0]LogTexture: Display: Building textures: LQ_Lightmap_0_3 (DXT1, 1024X1024)
[2019.11.13-16.41.06:131][  0]LogTexture: Display: Building textures: LQ_Lightmap_0_4 (DXT1, 128X128)
[2019.11.13-16.41.06:131][  0]LogTexture: Display: Building textures: LQ_Lightmap_0_5 (DXT1, 64X64)
[2019.11.13-16.41.06:131][  0]LogTexture: Display: Building textures: ShadowMapTexture2D_0 (G8, 1024X1024)
[2019.11.13-16.41.06:131][  0]LogTexture: Display: Building textures: ShadowMapTexture2D_1 (G8, 512X1024)
[2019.11.13-16.41.06:673][  0]LogTexture: Display: Building textures: ShadowMapTexture2D_4 (G8, 64X64)
[2019.11.13-16.41.06:673][  0]LogTexture: Display: Building textures: ShadowMapTexture2D_5 (G8, 32X32)
[2019.11.13-16.41.06:673][  0]LogAIModule: Creating AISystem for world City1
[2019.11.13-16.41.06:764][  0]LogEditorServer: Finished looking for orphan Actors (0.000 secs)
[2019.11.13-16.41.06:833][  0]LogUObjectHash: Compacting FUObjectHashTables data took   4.62ms
[2019.11.13-16.41.06:833][  0]Cmd: MAP CHECKDEP NOCLEARLOG
[2019.11.13-16.41.06:834][  0]MapCheck: Map check complete: 0 Error(s), 0 Warning(s), took 0.259ms to complete.
[2019.11.13-16.41.06:834][  0]LogFileHelpers: Loading map 'City1' took 1.953
[2019.11.13-16.41.07:010][  0]LogSlate: Updating window title bar state: overlay mode, drag disabled, window buttons hidden, title bar hidden
[2019.11.13-16.41.07:027][  0]LogSlate: Updating window title bar state: overlay mode, drag disabled, window buttons hidden, title bar hidden
[2019.11.13-16.41.07:043][  0]LogSlate: Updating window title bar state: overlay mode, drag disabled, window buttons hidden, title bar hidden
[2019.11.13-16.41.07:059][  0]LogSlate: Updating window title bar state: overlay mode, drag disabled, window buttons hidden, title bar hidden
[2019.11.13-16.41.07:070][  0]LogCollectionManager: Loaded 0 collections in 0.003087 seconds
[2019.11.13-16.41.07:114][  0]LogFileCache: Scanning file cache for directory 'C:/Users/samue/Desktop/Projet zombie/ZombieCreed/ZombieCreed/Saved/Collections/' took 0.01s
[2019.11.13-16.41.07:114][  0]LogFileCache: Scanning file cache for directory 'C:/Users/samue/Desktop/Projet zombie/ZombieCreed/ZombieCreed/Content/Developers/samue/Collections/' took 0.01s
[2019.11.13-16.41.07:114][  0]LogFileCache: Scanning file cache for directory 'C:/Users/samue/Desktop/Projet zombie/ZombieCreed/ZombieCreed/Content/Collections/' took 0.01s
[2019.11.13-16.41.07:114][  0]LogCollectionManager: Rebuilt the GUID cache for 0 collections in 0.000000 seconds
[2019.11.13-16.41.07:127][  0]LogContentBrowser: Native class hierarchy populated in 0.0123 seconds. Added 2732 classes and 659 folders.
[2019.11.13-16.41.07:135][  0]LogContentBrowser: Native class hierarchy updated for 'WidgetCarousel' in 0.0004 seconds. Added 0 classes and 0 folders.
[2019.11.13-16.41.07:137][  0]LogPakFile: Registered encryption key '00000000000000000000000000000000': 0 pak files mounted, 0 remain pending
[2019.11.13-16.41.07:138][  0]LogPakFile: Registered encryption key '00000000000000000000000000000000': 0 pak files mounted, 0 remain pending
[2019.11.13-16.41.07:139][  0]LogPakFile: Registered encryption key '00000000000000000000000000000000': 0 pak files mounted, 0 remain pending
[2019.11.13-16.41.07:140][  0]LogPakFile: Registered encryption key '00000000000000000000000000000000': 0 pak files mounted, 0 remain pending
[2019.11.13-16.41.07:140][  0]LogPakFile: Registered encryption key '00000000000000000000000000000000': 0 pak files mounted, 0 remain pending
[2019.11.13-16.41.07:141][  0]LogPakFile: Registered encryption key '00000000000000000000000000000000': 0 pak files mounted, 0 remain pending
[2019.11.13-16.41.07:142][  0]LogPakFile: Registered encryption key '00000000000000000000000000000000': 0 pak files mounted, 0 remain pending
[2019.11.13-16.41.07:142][  0]LogPakFile: Registered encryption key '00000000000000000000000000000000': 0 pak files mounted, 0 remain pending
[2019.11.13-16.41.07:143][  0]LogPakFile: Registered encryption key '00000000000000000000000000000000': 0 pak files mounted, 0 remain pending
[2019.11.13-16.41.07:144][  0]LogPakFile: Registered encryption key '00000000000000000000000000000000': 0 pak files mounted, 0 remain pending
[2019.11.13-16.41.07:144][  0]LogPakFile: Registered encryption key '00000000000000000000000000000000': 0 pak files mounted, 0 remain pending
[2019.11.13-16.41.07:145][  0]LogPakFile: Registered encryption key '00000000000000000000000000000000': 0 pak files mounted, 0 remain pending
[2019.11.13-16.41.07:146][  0]LogPakFile: Registered encryption key '00000000000000000000000000000000': 0 pak files mounted, 0 remain pending
[2019.11.13-16.41.07:146][  0]LogPakFile: Registered encryption key '00000000000000000000000000000000': 0 pak files mounted, 0 remain pending
[2019.11.13-16.41.07:147][  0]LogPakFile: Registered encryption key '00000000000000000000000000000000': 0 pak files mounted, 0 remain pending
[2019.11.13-16.41.07:147][  0]LogPakFile: Registered encryption key '00000000000000000000000000000000': 0 pak files mounted, 0 remain pending
[2019.11.13-16.41.07:148][  0]LogPakFile: Registered encryption key '00000000000000000000000000000000': 0 pak files mounted, 0 remain pending
[2019.11.13-16.41.07:149][  0]LogPakFile: Registered encryption key '00000000000000000000000000000000': 0 pak files mounted, 0 remain pending
[2019.11.13-16.41.07:150][  0]LogPakFile: Registered encryption key '00000000000000000000000000000000': 0 pak files mounted, 0 remain pending
[2019.11.13-16.41.07:151][  0]LogPakFile: Registered encryption key '00000000000000000000000000000000': 0 pak files mounted, 0 remain pending
[2019.11.13-16.41.07:152][  0]LogPakFile: Registered encryption key '00000000000000000000000000000000': 0 pak files mounted, 0 remain pending
[2019.11.13-16.41.07:152][  0]LogPakFile: Registered encryption key '00000000000000000000000000000000': 0 pak files mounted, 0 remain pending
[2019.11.13-16.41.07:153][  0]LogPakFile: Registered encryption key '00000000000000000000000000000000': 0 pak files mounted, 0 remain pending
[2019.11.13-16.41.07:154][  0]LogPakFile: Registered encryption key '00000000000000000000000000000000': 0 pak files mounted, 0 remain pending
[2019.11.13-16.41.07:155][  0]LogPakFile: Registered encryption key '00000000000000000000000000000000': 0 pak files mounted, 0 remain pending
[2019.11.13-16.41.07:156][  0]LogPakFile: Registered encryption key '00000000000000000000000000000000': 0 pak files mounted, 0 remain pending
[2019.11.13-16.41.07:199][  0]LogContentBrowser: Native class hierarchy updated for 'AddContentDialog' in 0.0003 seconds. Added 0 classes and 0 folders.
[2019.11.13-16.41.07:206][  0]LogContentBrowser: Native class hierarchy updated for 'SceneOutliner' in 0.0003 seconds. Added 1 classes and 2 folders.
[2019.11.13-16.41.07:223][  0]LogSlate: Took 0.000250 seconds to synchronously load lazily loaded font '../../../Engine/Content/Slate/Fonts/Roboto-Regular.ttf' (155K)
[2019.11.13-16.41.07:227][  0]LogSlate: Took 0.000248 seconds to synchronously load lazily loaded font '../../../Engine/Content/Slate/Fonts/Roboto-Bold.ttf' (160K)
[2019.11.13-16.41.07:237][  0]LogSlate: Took 0.000238 seconds to synchronously load lazily loaded font '../../../Engine/Content/Editor/Slate/Fonts/FontAwesome.ttf' (139K)
[2019.11.13-16.41.07:312][  0]LogRenderer: Reallocating scene render targets to support 964x436 Format 10 NumSamples 1 (Frame:1).
[2019.11.13-16.41.07:582][  0]LogContentBrowser: Native class hierarchy updated for 'HierarchicalLODOutliner' in 0.0004 seconds. Added 0 classes and 0 folders.
[2019.11.13-16.41.07:582][  0]LogLoad: (Engine Initialization) Total time: 28.50 seconds
[2019.11.13-16.41.07:582][  0]LogLoad: (Engine Initialization) Total Blueprint compile time: 0.00 seconds
[2019.11.13-16.41.07:657][  0]LogAssetRegistry: Asset discovery search completed in 7.8295 seconds
[2019.11.13-16.41.07:659][  0]LogCollectionManager: Rebuilt the object cache for 0 collections in 0.000001 seconds (found 0 objects)
[2019.11.13-16.41.07:659][  0]LogCollectionManager: Fixed up redirectors for 0 collections in 0.000088 seconds (updated 0 objects)
[2019.11.13-16.41.07:661][  0]LogContentStreaming: Texture pool size now 1000 MB
[2019.11.13-16.41.07:706][  0]LogSlate: Took 0.000186 seconds to synchronously load lazily loaded font '../../../Engine/Content/Slate/Fonts/Roboto-Light.ttf' (167K)
[2019.11.13-16.41.08:634][ 53]LogSlate: Took 0.000320 seconds to synchronously load lazily loaded font '../../../Engine/Content/Slate/Fonts/Roboto-Light.ttf' (167K)
[2019.11.13-16.41.12:727][298]LogFileCache: Retrieving MD5 hashes for directory 'C:/Users/samue/Desktop/Projet zombie/ZombieCreed/ZombieCreed/Content/' took 5.11s
[2019.11.13-16.41.17:173][561]LogSlate: FSceneViewport::OnFocusLost() reason 0
[2019.11.13-16.41.17:223][564]LogTemp: Repeating last play command: New Editor Window (PIE)
[2019.11.13-16.41.17:245][564]LogBlueprintUserMessages: Early PlayInEditor Detection: Level '/Game/Maps/City1.City1:PersistentLevel' has LevelScriptBlueprint '/Game/Maps/City1.City1:PersistentLevel.City1' with GeneratedClass '/Game/Maps/City1.City1_C' with ClassGeneratedBy '/Game/Maps/City1.City1:PersistentLevel.City1'
[2019.11.13-16.41.17:245][564]LogPlayLevel: PlayLevel: No blueprints needed recompiling
[2019.11.13-16.41.17:246][564]PIE: New page: PIE session: City1 (Nov 13, 2019, 12:41:17 AM)
[2019.11.13-16.41.17:259][564]LogPlayLevel: Creating play world package: /Game/Maps/UEDPIE_0_City1
[2019.11.13-16.41.17:378][564]LogPlayLevel: PIE: StaticDuplicateObject took: (0.118896s)
[2019.11.13-16.41.17:379][564]LogAIModule: Creating AISystem for world City1
[2019.11.13-16.41.17:379][564]LogPlayLevel: PIE: World Init took: (0.000779s)
[2019.11.13-16.41.17:379][564]LogPlayLevel: PIE: Created PIE world by copying editor world from /Game/Maps/City1.City1 to /Game/Maps/UEDPIE_0_City1.City1 (0.120123s)
[2019.11.13-16.41.17:403][564]LogUObjectHash: Compacting FUObjectHashTables data took   1.46ms
[2019.11.13-16.41.17:406][564]LogInit: XAudio2 using 'Speakers (Realtek(R) Audio)' : 2 channels at 48 kHz using 32 bits per sample (channel mask 0x3)
[2019.11.13-16.41.17:437][564]LogInit: FAudioDevice initialized.
[2019.11.13-16.41.17:444][564]LogSlate: Updating window title bar state: overlay mode, drag disabled, window buttons hidden, title bar hidden
[2019.11.13-16.41.17:516][564]LogLoad: Game class is 'ThirdPersonGameMode_C'
[2019.11.13-16.41.17:527][564]LogWorld: Bringing World /Game/Maps/UEDPIE_0_City1.City1 up for play (max tick rate 60) at 2019.11.13-08.41.17
[2019.11.13-16.41.17:528][564]LogWorld: Bringing up level for play took: 0.010484
[2019.11.13-16.41.17:547][564]LogContentBrowser: Native class hierarchy updated for 'MovieSceneCapture' in 0.0004 seconds. Added 20 classes and 0 folders.
[2019.11.13-16.41.17:556][564]PIE: Play in editor start time for /Game/Maps/UEDPIE_0_City1 -0.685
[2019.11.13-16.41.17:556][564]LogBlueprintUserMessages: Late PlayInEditor Detection: Level '/Game/Maps/City1.City1:PersistentLevel' has LevelScriptBlueprint '/Game/Maps/City1.City1:PersistentLevel.City1' with GeneratedClass '/Game/Maps/City1.City1_C' with ClassGeneratedBy '/Game/Maps/City1.City1:PersistentLevel.City1'
[2019.11.13-16.41.17:588][565]LogRenderer: Reallocating scene render targets to support 1016x544 Format 10 NumSamples 1 (Frame:1).
[2019.11.13-16.43.22:457][ 42]LogBlueprintUserMessages: Early EndPlayMap Detection: Level '/Game/Maps/City1.City1:PersistentLevel' has LevelScriptBlueprint '/Game/Maps/City1.City1:PersistentLevel.City1' with GeneratedClass '/Game/Maps/City1.City1_C' with ClassGeneratedBy '/Game/Maps/City1.City1:PersistentLevel.City1'
[2019.11.13-16.43.22:458][ 42]LogSlate: Updating window title bar state: overlay mode, drag disabled, window buttons hidden, title bar hidden
[2019.11.13-16.43.22:503][ 42]LogSlate: Window 'ZombieCreed Game Preview Standalone (64-bit/PCD3D_SM5)' being destroyed
[2019.11.13-16.43.22:548][ 42]LogPlayLevel: Display: Shutting down PIE online subsystems
[2019.11.13-16.43.22:548][ 42]LogBlueprintUserMessages: Late EndPlayMap Detection: Level '/Game/Maps/City1.City1:PersistentLevel' has LevelScriptBlueprint '/Game/Maps/City1.City1:PersistentLevel.City1' with GeneratedClass '/Game/Maps/City1.City1_C' with ClassGeneratedBy '/Game/Maps/City1.City1:PersistentLevel.City1'
[2019.11.13-16.43.22:598][ 42]LogUObjectHash: Compacting FUObjectHashTables data took   2.27ms
[2019.11.13-16.43.22:626][ 43]LogPlayLevel: Display: Destroying online subsystem :Context_1
[2019.11.13-16.43.36:812][875]LogSlate: FSceneViewport::OnFocusLost() reason 0
[2019.11.13-16.43.41:145][134]LogEditorViewport: Clicking on Actor (LMB): Zombie_Spawner_C (Zombie_Spawner7)
[2019.11.13-16.43.47:701][525]LogSlate: FSceneViewport::OnFocusLost() reason 0
[2019.11.13-16.43.52:224][796]LogSlate: Took 0.000494 seconds to synchronously load lazily loaded font '../../../Engine/Content/Slate/Fonts/Roboto-Italic.ttf' (157K)
[2019.11.13-16.43.56:396][ 45]LogSlate: FSceneViewport::OnFocusLost() reason 0
[2019.11.13-16.44.35:734][397]LogTemp: Repeating last play command: New Editor Window (PIE)
[2019.11.13-16.44.35:757][397]LogBlueprintUserMessages: Early PlayInEditor Detection: Level '/Game/Maps/City1.City1:PersistentLevel' has LevelScriptBlueprint '/Game/Maps/City1.City1:PersistentLevel.City1' with GeneratedClass '/Game/Maps/City1.City1_C' with ClassGeneratedBy '/Game/Maps/City1.City1:PersistentLevel.City1'
[2019.11.13-16.44.35:757][397]LogPlayLevel: PlayLevel: No blueprints needed recompiling
[2019.11.13-16.44.35:757][397]PIE: New page: PIE session: City1 (Nov 13, 2019, 12:44:35 AM)
[2019.11.13-16.44.35:758][397]LogPlayLevel: Creating play world package: /Game/Maps/UEDPIE_0_City1
[2019.11.13-16.44.35:872][397]LogPlayLevel: PIE: StaticDuplicateObject took: (0.114346s)
[2019.11.13-16.44.35:873][397]LogAIModule: Creating AISystem for world City1
[2019.11.13-16.44.35:873][397]LogPlayLevel: PIE: World Init took: (0.001268s)
[2019.11.13-16.44.35:873][397]LogPlayLevel: PIE: Created PIE world by copying editor world from /Game/Maps/City1.City1 to /Game/Maps/UEDPIE_0_City1.City1 (0.115874s)
[2019.11.13-16.44.35:896][397]LogUObjectHash: Compacting FUObjectHashTables data took   1.54ms
[2019.11.13-16.44.35:899][397]LogInit: XAudio2 using 'Speakers (Realtek(R) Audio)' : 2 channels at 48 kHz using 32 bits per sample (channel mask 0x3)
[2019.11.13-16.44.35:927][397]LogInit: FAudioDevice initialized.
[2019.11.13-16.44.35:935][397]LogSlate: Updating window title bar state: overlay mode, drag disabled, window buttons hidden, title bar hidden
[2019.11.13-16.44.35:971][397]LogLoad: Game class is 'ThirdPersonGameMode_C'
[2019.11.13-16.44.35:983][397]LogWorld: Bringing World /Game/Maps/UEDPIE_0_City1.City1 up for play (max tick rate 60) at 2019.11.13-08.44.35
[2019.11.13-16.44.35:984][397]LogWorld: Bringing up level for play took: 0.012210
[2019.11.13-16.44.36:007][397]PIE: Play in editor start time for /Game/Maps/UEDPIE_0_City1 -0.234
[2019.11.13-16.44.36:007][397]LogBlueprintUserMessages: Late PlayInEditor Detection: Level '/Game/Maps/City1.City1:PersistentLevel' has LevelScriptBlueprint '/Game/Maps/City1.City1:PersistentLevel.City1' with GeneratedClass '/Game/Maps/City1.City1_C' with ClassGeneratedBy '/Game/Maps/City1.City1:PersistentLevel.City1'
[2019.11.13-16.44.45:638][970]LogCharacterMovement: Player_BP_C_0 is stuck and failed to move! Velocity: X=-66.96 Y=36.94 Z=0.00 Location: X=-1775.43 Y=1420.69 Z=213.19 Normal: X=-0.91 Y=-0.42 Z=0.00 PenetrationDepth:0.594 Actor:Zombie_BP_C_6 Component:CollisionCylinder BoneName:None (0 other events since notify)
[2019.11.13-16.44.49:742][216]LogBlueprintUserMessages: Early EndPlayMap Detection: Level '/Game/Maps/City1.City1:PersistentLevel' has LevelScriptBlueprint '/Game/Maps/City1.City1:PersistentLevel.City1' with GeneratedClass '/Game/Maps/City1.City1_C' with ClassGeneratedBy '/Game/Maps/City1.City1:PersistentLevel.City1'
[2019.11.13-16.44.49:743][216]LogSlate: Updating window title bar state: overlay mode, drag disabled, window buttons hidden, title bar hidden
[2019.11.13-16.44.49:766][216]LogSlate: Window 'ZombieCreed Game Preview Standalone (64-bit/PCD3D_SM5)' being destroyed
[2019.11.13-16.44.49:804][216]LogPlayLevel: Display: Shutting down PIE online subsystems
[2019.11.13-16.44.49:804][216]LogBlueprintUserMessages: Late EndPlayMap Detection: Level '/Game/Maps/City1.City1:PersistentLevel' has LevelScriptBlueprint '/Game/Maps/City1.City1:PersistentLevel.City1' with GeneratedClass '/Game/Maps/City1.City1_C' with ClassGeneratedBy '/Game/Maps/City1.City1:PersistentLevel.City1'
[2019.11.13-16.44.49:857][216]LogUObjectHash: Compacting FUObjectHashTables data took   1.27ms
[2019.11.13-16.44.49:879][217]LogPlayLevel: Display: Destroying online subsystem :Context_4
[2019.11.13-16.45.02:253][958]LogEditorViewport: Clicking on Actor (LMB): Zombie_Spawner_C (Zombie_Spawner7)
[2019.11.13-16.45.04:243][ 75]LogSlate: FSceneViewport::OnFocusLost() reason 0
[2019.11.13-16.45.22:132][143]LogSlate: FSceneViewport::OnFocusLost() reason 0
[2019.11.13-16.46.03:898][646]LogTemp: Repeating last play command: New Editor Window (PIE)
[2019.11.13-16.46.03:921][646]LogBlueprintUserMessages: Early PlayInEditor Detection: Level '/Game/Maps/City1.City1:PersistentLevel' has LevelScriptBlueprint '/Game/Maps/City1.City1:PersistentLevel.City1' with GeneratedClass '/Game/Maps/City1.City1_C' with ClassGeneratedBy '/Game/Maps/City1.City1:PersistentLevel.City1'
[2019.11.13-16.46.03:921][646]LogPlayLevel: PlayLevel: No blueprints needed recompiling
[2019.11.13-16.46.03:921][646]PIE: New page: PIE session: City1 (Nov 13, 2019, 12:46:03 AM)
[2019.11.13-16.46.03:921][646]LogPlayLevel: Creating play world package: /Game/Maps/UEDPIE_0_City1
[2019.11.13-16.46.04:030][646]LogPlayLevel: PIE: StaticDuplicateObject took: (0.108841s)
[2019.11.13-16.46.04:031][646]LogAIModule: Creating AISystem for world City1
[2019.11.13-16.46.04:031][646]LogPlayLevel: PIE: World Init took: (0.000812s)
[2019.11.13-16.46.04:031][646]LogPlayLevel: PIE: Created PIE world by copying editor world from /Game/Maps/City1.City1 to /Game/Maps/UEDPIE_0_City1.City1 (0.109835s)
[2019.11.13-16.46.04:053][646]LogUObjectHash: Compacting FUObjectHashTables data took   1.33ms
[2019.11.13-16.46.04:056][646]LogInit: XAudio2 using 'Speakers (Realtek(R) Audio)' : 2 channels at 48 kHz using 32 bits per sample (channel mask 0x3)
[2019.11.13-16.46.04:085][646]LogInit: FAudioDevice initialized.
[2019.11.13-16.46.04:093][646]LogSlate: Updating window title bar state: overlay mode, drag disabled, window buttons hidden, title bar hidden
[2019.11.13-16.46.04:130][646]LogLoad: Game class is 'ThirdPersonGameMode_C'
[2019.11.13-16.46.04:144][646]LogWorld: Bringing World /Game/Maps/UEDPIE_0_City1.City1 up for play (max tick rate 60) at 2019.11.13-08.46.04
[2019.11.13-16.46.04:145][646]LogWorld: Bringing up level for play took: 0.012914
[2019.11.13-16.46.04:169][646]PIE: Play in editor start time for /Game/Maps/UEDPIE_0_City1 -0.072
[2019.11.13-16.46.04:180][646]LogBlueprintUserMessages: Late PlayInEditor Detection: Level '/Game/Maps/City1.City1:PersistentLevel' has LevelScriptBlueprint '/Game/Maps/City1.City1:PersistentLevel.City1' with GeneratedClass '/Game/Maps/City1.City1_C' with ClassGeneratedBy '/Game/Maps/City1.City1:PersistentLevel.City1'
[2019.11.13-16.46.08:912][925]LogBlueprintUserMessages: Early EndPlayMap Detection: Level '/Game/Maps/City1.City1:PersistentLevel' has LevelScriptBlueprint '/Game/Maps/City1.City1:PersistentLevel.City1' with GeneratedClass '/Game/Maps/City1.City1_C' with ClassGeneratedBy '/Game/Maps/City1.City1:PersistentLevel.City1'
[2019.11.13-16.46.08:915][925]LogSlate: Updating window title bar state: overlay mode, drag disabled, window buttons hidden, title bar hidden
[2019.11.13-16.46.08:937][925]LogSlate: Window 'ZombieCreed Game Preview Standalone (64-bit/PCD3D_SM5)' being destroyed
[2019.11.13-16.46.08:984][925]LogPlayLevel: Display: Shutting down PIE online subsystems
[2019.11.13-16.46.08:984][925]LogBlueprintUserMessages: Late EndPlayMap Detection: Level '/Game/Maps/City1.City1:PersistentLevel' has LevelScriptBlueprint '/Game/Maps/City1.City1:PersistentLevel.City1' with GeneratedClass '/Game/Maps/City1.City1_C' with ClassGeneratedBy '/Game/Maps/City1.City1:PersistentLevel.City1'
[2019.11.13-16.46.09:024][925]LogUObjectHash: Compacting FUObjectHashTables data took   1.37ms
[2019.11.13-16.46.09:054][926]LogPlayLevel: Display: Destroying online subsystem :Context_5
[2019.11.13-16.46.10:023][983]LogTemp: Repeating last play command: New Editor Window (PIE)
[2019.11.13-16.46.10:045][983]LogBlueprintUserMessages: Early PlayInEditor Detection: Level '/Game/Maps/City1.City1:PersistentLevel' has LevelScriptBlueprint '/Game/Maps/City1.City1:PersistentLevel.City1' with GeneratedClass '/Game/Maps/City1.City1_C' with ClassGeneratedBy '/Game/Maps/City1.City1:PersistentLevel.City1'
[2019.11.13-16.46.10:045][983]LogPlayLevel: PlayLevel: No blueprints needed recompiling
[2019.11.13-16.46.10:045][983]PIE: New page: PIE session: City1 (Nov 13, 2019, 12:46:10 AM)
[2019.11.13-16.46.10:045][983]LogPlayLevel: Creating play world package: /Game/Maps/UEDPIE_0_City1
[2019.11.13-16.46.10:146][983]LogPlayLevel: PIE: StaticDuplicateObject took: (0.101225s)
[2019.11.13-16.46.10:147][983]LogAIModule: Creating AISystem for world City1
[2019.11.13-16.46.10:147][983]LogPlayLevel: PIE: World Init took: (0.000782s)
[2019.11.13-16.46.10:147][983]LogPlayLevel: PIE: Created PIE world by copying editor world from /Game/Maps/City1.City1 to /Game/Maps/UEDPIE_0_City1.City1 (0.102199s)
[2019.11.13-16.46.10:170][983]LogUObjectHash: Compacting FUObjectHashTables data took   1.37ms
[2019.11.13-16.46.10:172][983]LogInit: XAudio2 using 'Speakers (Realtek(R) Audio)' : 2 channels at 48 kHz using 32 bits per sample (channel mask 0x3)
[2019.11.13-16.46.10:199][983]LogInit: FAudioDevice initialized.
[2019.11.13-16.46.10:206][983]LogSlate: Updating window title bar state: overlay mode, drag disabled, window buttons hidden, title bar hidden
[2019.11.13-16.46.10:242][983]LogLoad: Game class is 'ThirdPersonGameMode_C'
[2019.11.13-16.46.10:252][983]LogWorld: Bringing World /Game/Maps/UEDPIE_0_City1.City1 up for play (max tick rate 60) at 2019.11.13-08.46.10
[2019.11.13-16.46.10:253][983]LogWorld: Bringing up level for play took: 0.009786
[2019.11.13-16.46.10:275][983]PIE: Play in editor start time for /Game/Maps/UEDPIE_0_City1 0.034
[2019.11.13-16.46.10:276][983]LogBlueprintUserMessages: Late PlayInEditor Detection: Level '/Game/Maps/City1.City1:PersistentLevel' has LevelScriptBlueprint '/Game/Maps/City1.City1:PersistentLevel.City1' with GeneratedClass '/Game/Maps/City1.City1_C' with ClassGeneratedBy '/Game/Maps/City1.City1:PersistentLevel.City1'
[2019.11.13-16.46.15:105][270]LogBlueprintUserMessages: Early EndPlayMap Detection: Level '/Game/Maps/City1.City1:PersistentLevel' has LevelScriptBlueprint '/Game/Maps/City1.City1:PersistentLevel.City1' with GeneratedClass '/Game/Maps/City1.City1_C' with ClassGeneratedBy '/Game/Maps/City1.City1:PersistentLevel.City1'
[2019.11.13-16.46.15:107][270]LogSlate: Updating window title bar state: overlay mode, drag disabled, window buttons hidden, title bar hidden
[2019.11.13-16.46.15:130][270]LogSlate: Window 'ZombieCreed Game Preview Standalone (64-bit/PCD3D_SM5)' being destroyed
[2019.11.13-16.46.15:170][270]LogPlayLevel: Display: Shutting down PIE online subsystems
[2019.11.13-16.46.15:171][270]LogBlueprintUserMessages: Late EndPlayMap Detection: Level '/Game/Maps/City1.City1:PersistentLevel' has LevelScriptBlueprint '/Game/Maps/City1.City1:PersistentLevel.City1' with GeneratedClass '/Game/Maps/City1.City1_C' with ClassGeneratedBy '/Game/Maps/City1.City1:PersistentLevel.City1'
[2019.11.13-16.46.15:217][270]LogUObjectHash: Compacting FUObjectHashTables data took   1.31ms
[2019.11.13-16.46.15:246][271]LogPlayLevel: Display: Destroying online subsystem :Context_6
[2019.11.13-16.46.15:910][310]LogTemp: Repeating last play command: New Editor Window (PIE)
[2019.11.13-16.46.15:932][310]LogBlueprintUserMessages: Early PlayInEditor Detection: Level '/Game/Maps/City1.City1:PersistentLevel' has LevelScriptBlueprint '/Game/Maps/City1.City1:PersistentLevel.City1' with GeneratedClass '/Game/Maps/City1.City1_C' with ClassGeneratedBy '/Game/Maps/City1.City1:PersistentLevel.City1'
[2019.11.13-16.46.15:932][310]LogPlayLevel: PlayLevel: No blueprints needed recompiling
[2019.11.13-16.46.15:932][310]PIE: New page: PIE session: City1 (Nov 13, 2019, 12:46:15 AM)
[2019.11.13-16.46.15:932][310]LogPlayLevel: Creating play world package: /Game/Maps/UEDPIE_0_City1
[2019.11.13-16.46.16:065][310]LogPlayLevel: PIE: StaticDuplicateObject took: (0.133041s)
[2019.11.13-16.46.16:066][310]LogAIModule: Creating AISystem for world City1
[2019.11.13-16.46.16:066][310]LogPlayLevel: PIE: World Init took: (0.000699s)
[2019.11.13-16.46.16:066][310]LogPlayLevel: PIE: Created PIE world by copying editor world from /Game/Maps/City1.City1 to /Game/Maps/UEDPIE_0_City1.City1 (0.133919s)
[2019.11.13-16.46.16:091][310]LogUObjectHash: Compacting FUObjectHashTables data took   1.26ms
[2019.11.13-16.46.16:093][310]LogInit: XAudio2 using 'Speakers (Realtek(R) Audio)' : 2 channels at 48 kHz using 32 bits per sample (channel mask 0x3)
[2019.11.13-16.46.16:121][310]LogInit: FAudioDevice initialized.
[2019.11.13-16.46.16:128][310]LogSlate: Updating window title bar state: overlay mode, drag disabled, window buttons hidden, title bar hidden
[2019.11.13-16.46.16:163][310]LogLoad: Game class is 'ThirdPersonGameMode_C'
[2019.11.13-16.46.16:174][310]LogWorld: Bringing World /Game/Maps/UEDPIE_0_City1.City1 up for play (max tick rate 60) at 2019.11.13-08.46.16
[2019.11.13-16.46.16:175][310]LogWorld: Bringing up level for play took: 0.011534
[2019.11.13-16.46.16:196][310]PIE: Play in editor start time for /Game/Maps/UEDPIE_0_City1 -0.045
[2019.11.13-16.46.16:197][310]LogBlueprintUserMessages: Late PlayInEditor Detection: Level '/Game/Maps/City1.City1:PersistentLevel' has LevelScriptBlueprint '/Game/Maps/City1.City1:PersistentLevel.City1' with GeneratedClass '/Game/Maps/City1.City1_C' with ClassGeneratedBy '/Game/Maps/City1.City1:PersistentLevel.City1'
[2019.11.13-16.46.27:761][  0]LogBlueprintUserMessages: Early EndPlayMap Detection: Level '/Game/Maps/City1.City1:PersistentLevel' has LevelScriptBlueprint '/Game/Maps/City1.City1:PersistentLevel.City1' with GeneratedClass '/Game/Maps/City1.City1_C' with ClassGeneratedBy '/Game/Maps/City1.City1:PersistentLevel.City1'
[2019.11.13-16.46.27:762][  0]LogSlate: Updating window title bar state: overlay mode, drag disabled, window buttons hidden, title bar hidden
[2019.11.13-16.46.27:789][  0]LogSlate: Window 'ZombieCreed Game Preview Standalone (64-bit/PCD3D_SM5)' being destroyed
[2019.11.13-16.46.27:831][  0]LogPlayLevel: Display: Shutting down PIE online subsystems
[2019.11.13-16.46.27:831][  0]LogBlueprintUserMessages: Late EndPlayMap Detection: Level '/Game/Maps/City1.City1:PersistentLevel' has LevelScriptBlueprint '/Game/Maps/City1.City1:PersistentLevel.City1' with GeneratedClass '/Game/Maps/City1.City1_C' with ClassGeneratedBy '/Game/Maps/City1.City1:PersistentLevel.City1'
[2019.11.13-16.46.27:871][  0]LogUObjectHash: Compacting FUObjectHashTables data took   1.27ms
[2019.11.13-16.46.27:897][  1]LogPlayLevel: Display: Destroying online subsystem :Context_7
[2019.11.13-16.47.40:657][520]LogSlate: FSceneViewport::OnFocusLost() reason 2
[2019.11.13-16.48.01:159][723]LogSlate: Window 'Select Path' being destroyed
[2019.11.13-16.48.01:217][723]LogStaticMesh: Building static mesh gardenwall1_StaticMesh...
[2019.11.13-16.48.01:239][723]LogStaticMesh: Built static mesh [0.02s] /Game/Geometry/StaticMeshes/gardenwall1_StaticMesh.gardenwall1_StaticMesh
[2019.11.13-16.48.01:256][723]LogActorFactory: Actor Factory created gardenwall1_StaticMesh
[2019.11.13-16.48.01:580][723]LogEditor: Error: Actor 'Brush /Game/Maps/City1.City1:PersistentLevel.gardenwall1' is marked pending kill and cannot be converted
[2019.11.13-16.48.01:581][723]EditorErrors: New page: Actor Reattachment
[2019.11.13-16.48.01:637][723]LogUObjectHash: Compacting FUObjectHashTables data took   2.31ms
[2019.11.13-16.48.11:312][287]LogSlate: FSceneViewport::OnFocusLost() reason 0
[2019.11.13-16.48.38:559][910]Cmd: OBJ SAVEPACKAGE PACKAGE="/Game/Maps/City1" FILE="../../../../../../Users/samue/Desktop/Projet zombie/ZombieCreed/ZombieCreed/Content/Maps/City1.umap" SILENT=true AUTOSAVING=false KEEPDIRTY=false
[2019.11.13-16.48.38:588][910]LogUObjectHash: Compacting FUObjectHashTables data took   0.87ms
[2019.11.13-16.48.39:478][910]LogSavePackage: Moving '../../../../../../Users/samue/Desktop/Projet zombie/ZombieCreed/ZombieCreed/Saved/City17950870544D0CE1D0E5B83B2C77C334A.tmp' to '../../../../../../Users/samue/Desktop/Projet zombie/ZombieCreed/ZombieCreed/Content/Maps/City1.umap'
[2019.11.13-16.48.39:542][910]Cmd: OBJ SAVEPACKAGE PACKAGE="/Game/Maps/City1_BuiltData" FILE="../../../../../../Users/samue/Desktop/Projet zombie/ZombieCreed/ZombieCreed/Content/Maps/City1_BuiltData.uasset" SILENT=true
[2019.11.13-16.48.39:959][910]LogSavePackage: Moving '../../../../../../Users/samue/Desktop/Projet zombie/ZombieCreed/ZombieCreed/Saved/City1_BuiltData3BBB8F1245EACDB5A4C722A67DEAC98F.tmp' to '../../../../../../Users/samue/Desktop/Projet zombie/ZombieCreed/ZombieCreed/Content/Maps/City1_BuiltData.uasset'
[2019.11.13-16.48.40:359][931]LogTemp: Repeating last play command: New Editor Window (PIE)
[2019.11.13-16.48.40:387][931]LogBlueprintUserMessages: Early PlayInEditor Detection: Level '/Game/Maps/City1.City1:PersistentLevel' has LevelScriptBlueprint '/Game/Maps/City1.City1:PersistentLevel.City1' with GeneratedClass '/Game/Maps/City1.City1_C' with ClassGeneratedBy '/Game/Maps/City1.City1:PersistentLevel.City1'
[2019.11.13-16.48.40:387][931]LogPlayLevel: PlayLevel: No blueprints needed recompiling
[2019.11.13-16.48.40:387][931]PIE: New page: PIE session: City1 (Nov 13, 2019, 12:48:40 AM)
[2019.11.13-16.48.40:387][931]LogPlayLevel: Creating play world package: /Game/Maps/UEDPIE_0_City1
[2019.11.13-16.48.40:504][931]LogPlayLevel: PIE: StaticDuplicateObject took: (0.117092s)
[2019.11.13-16.48.40:505][931]LogAIModule: Creating AISystem for world City1
[2019.11.13-16.48.40:505][931]LogPlayLevel: PIE: World Init took: (0.000696s)
[2019.11.13-16.48.40:505][931]LogPlayLevel: PIE: Created PIE world by copying editor world from /Game/Maps/City1.City1 to /Game/Maps/UEDPIE_0_City1.City1 (0.117960s)
[2019.11.13-16.48.40:541][931]LogUObjectHash: Compacting FUObjectHashTables data took   2.09ms
[2019.11.13-16.48.40:544][931]LogInit: XAudio2 using 'Speakers (Realtek(R) Audio)' : 2 channels at 48 kHz using 32 bits per sample (channel mask 0x3)
[2019.11.13-16.48.40:574][931]LogInit: FAudioDevice initialized.
[2019.11.13-16.48.40:580][931]LogSlate: Updating window title bar state: overlay mode, drag disabled, window buttons hidden, title bar hidden
[2019.11.13-16.48.40:620][931]LogLoad: Game class is 'ThirdPersonGameMode_C'
[2019.11.13-16.48.40:632][931]LogWorld: Bringing World /Game/Maps/UEDPIE_0_City1.City1 up for play (max tick rate 60) at 2019.11.13-08.48.40
[2019.11.13-16.48.40:633][931]LogWorld: Bringing up level for play took: 0.012518
[2019.11.13-16.48.40:654][931]PIE: Play in editor start time for /Game/Maps/UEDPIE_0_City1 0.413
[2019.11.13-16.48.40:655][931]LogBlueprintUserMessages: Late PlayInEditor Detection: Level '/Game/Maps/City1.City1:PersistentLevel' has LevelScriptBlueprint '/Game/Maps/City1.City1:PersistentLevel.City1' with GeneratedClass '/Game/Maps/City1.City1_C' with ClassGeneratedBy '/Game/Maps/City1.City1:PersistentLevel.City1'
[2019.11.13-16.48.45:237][199]LogBlueprintUserMessages: Early EndPlayMap Detection: Level '/Game/Maps/City1.City1:PersistentLevel' has LevelScriptBlueprint '/Game/Maps/City1.City1:PersistentLevel.City1' with GeneratedClass '/Game/Maps/City1.City1_C' with ClassGeneratedBy '/Game/Maps/City1.City1:PersistentLevel.City1'
[2019.11.13-16.48.45:238][199]LogSlate: Updating window title bar state: overlay mode, drag disabled, window buttons hidden, title bar hidden
[2019.11.13-16.48.45:261][199]LogSlate: Window 'ZombieCreed Game Preview Standalone (64-bit/PCD3D_SM5)' being destroyed
[2019.11.13-16.48.45:300][199]LogPlayLevel: Display: Shutting down PIE online subsystems
[2019.11.13-16.48.45:300][199]LogBlueprintUserMessages: Late EndPlayMap Detection: Level '/Game/Maps/City1.City1:PersistentLevel' has LevelScriptBlueprint '/Game/Maps/City1.City1:PersistentLevel.City1' with GeneratedClass '/Game/Maps/City1.City1_C' with ClassGeneratedBy '/Game/Maps/City1.City1:PersistentLevel.City1'
[2019.11.13-16.48.45:339][199]LogUObjectHash: Compacting FUObjectHashTables data took   1.92ms
[2019.11.13-16.48.45:371][200]LogPlayLevel: Display: Destroying online subsystem :Context_8
[2019.11.13-16.48.46:086][242]LogTemp: Repeating last play command: New Editor Window (PIE)
[2019.11.13-16.48.46:109][242]LogBlueprintUserMessages: Early PlayInEditor Detection: Level '/Game/Maps/City1.City1:PersistentLevel' has LevelScriptBlueprint '/Game/Maps/City1.City1:PersistentLevel.City1' with GeneratedClass '/Game/Maps/City1.City1_C' with ClassGeneratedBy '/Game/Maps/City1.City1:PersistentLevel.City1'
[2019.11.13-16.48.46:110][242]LogPlayLevel: PlayLevel: No blueprints needed recompiling
[2019.11.13-16.48.46:110][242]PIE: New page: PIE session: City1 (Nov 13, 2019, 12:48:46 AM)
[2019.11.13-16.48.46:110][242]LogPlayLevel: Creating play world package: /Game/Maps/UEDPIE_0_City1
[2019.11.13-16.48.46:215][242]LogPlayLevel: PIE: StaticDuplicateObject took: (0.104916s)
[2019.11.13-16.48.46:215][242]LogAIModule: Creating AISystem for world City1
[2019.11.13-16.48.46:216][242]LogPlayLevel: PIE: World Init took: (0.000691s)
[2019.11.13-16.48.46:216][242]LogPlayLevel: PIE: Created PIE world by copying editor world from /Game/Maps/City1.City1 to /Game/Maps/UEDPIE_0_City1.City1 (0.105835s)
[2019.11.13-16.48.46:241][242]LogUObjectHash: Compacting FUObjectHashTables data took   1.23ms
[2019.11.13-16.48.46:243][242]LogInit: XAudio2 using 'Speakers (Realtek(R) Audio)' : 2 channels at 48 kHz using 32 bits per sample (channel mask 0x3)
[2019.11.13-16.48.46:283][242]LogInit: FAudioDevice initialized.
[2019.11.13-16.48.46:289][242]LogSlate: Updating window title bar state: overlay mode, drag disabled, window buttons hidden, title bar hidden
[2019.11.13-16.48.46:326][242]LogLoad: Game class is 'ThirdPersonGameMode_C'
[2019.11.13-16.48.46:337][242]LogWorld: Bringing World /Game/Maps/UEDPIE_0_City1.City1 up for play (max tick rate 60) at 2019.11.13-08.48.46
[2019.11.13-16.48.46:338][242]LogWorld: Bringing up level for play took: 0.010491
[2019.11.13-16.48.46:363][242]PIE: Play in editor start time for /Game/Maps/UEDPIE_0_City1 0.122
[2019.11.13-16.48.46:364][242]LogBlueprintUserMessages: Late PlayInEditor Detection: Level '/Game/Maps/City1.City1:PersistentLevel' has LevelScriptBlueprint '/Game/Maps/City1.City1:PersistentLevel.City1' with GeneratedClass '/Game/Maps/City1.City1_C' with ClassGeneratedBy '/Game/Maps/City1.City1:PersistentLevel.City1'
[2019.11.13-16.48.52:142][585]LogBlueprintUserMessages: Early EndPlayMap Detection: Level '/Game/Maps/City1.City1:PersistentLevel' has LevelScriptBlueprint '/Game/Maps/City1.City1:PersistentLevel.City1' with GeneratedClass '/Game/Maps/City1.City1_C' with ClassGeneratedBy '/Game/Maps/City1.City1:PersistentLevel.City1'
[2019.11.13-16.48.52:143][585]LogSlate: Updating window title bar state: overlay mode, drag disabled, window buttons hidden, title bar hidden
[2019.11.13-16.48.52:173][585]LogSlate: Window 'ZombieCreed Game Preview Standalone (64-bit/PCD3D_SM5)' being destroyed
[2019.11.13-16.48.52:217][585]LogPlayLevel: Display: Shutting down PIE online subsystems
[2019.11.13-16.48.52:217][585]LogBlueprintUserMessages: Late EndPlayMap Detection: Level '/Game/Maps/City1.City1:PersistentLevel' has LevelScriptBlueprint '/Game/Maps/City1.City1:PersistentLevel.City1' with GeneratedClass '/Game/Maps/City1.City1_C' with ClassGeneratedBy '/Game/Maps/City1.City1:PersistentLevel.City1'
[2019.11.13-16.48.52:264][585]LogUObjectHash: Compacting FUObjectHashTables data took   1.75ms
[2019.11.13-16.48.52:297][586]LogPlayLevel: Display: Destroying online subsystem :Context_9
[2019.11.13-16.48.55:416][771]LogEditorViewport: Clicking on Actor (LMB): StaticMeshActor (gardenwall1_StaticMesh)
[2019.11.13-16.49.11:237][689]LogEditorViewport: Clicking on Actor (LMB): Zombie_Spawner_C (Zombie_Spawner4)
[2019.11.13-16.49.13:768][837]LogSlate: FSceneViewport::OnFocusLost() reason 0
[2019.11.13-16.49.31:373][891]LogEditorViewport: Clicking on Actor (LMB): StaticMeshActor (gardenwall1_StaticMesh)
[2019.11.13-16.49.35:112][112]LogSlate: FSceneViewport::OnFocusLost() reason 2
[2019.11.13-16.49.37:568][259]LogSlate: FSceneViewport::OnFocusLost() reason 2
[2019.11.13-16.49.37:599][260]LogRHI: Error: SyncInterval 0
[2019.11.13-16.49.37:599][260]LogRHI: Error: SwapChainDesc.BufferDesc.Width 157
[2019.11.13-16.49.37:599][260]LogRHI: Error: SwapChainDesc.BufferDesc.Height 8
[2019.11.13-16.49.37:599][260]LogRHI: Error: SwapChainDesc.BufferDesc.RefreshRate.Numerator 0
[2019.11.13-16.49.37:599][260]LogRHI: Error: SwapChainDesc.BufferDesc.RefreshRate.Denominator 0
[2019.11.13-16.49.37:599][260]LogRHI: Error: SwapChainDesc.BufferDesc.Format 24
[2019.11.13-16.49.37:599][260]LogRHI: Error: SwapChainDesc.BufferDesc.ScanlineOrdering 0
[2019.11.13-16.49.37:599][260]LogRHI: Error: SwapChainDesc.BufferDesc.Scaling 0
[2019.11.13-16.49.37:599][260]LogRHI: Error: SwapChainDesc.SampleDesc.Count 1
[2019.11.13-16.49.37:599][260]LogRHI: Error: SwapChainDesc.SampleDesc.Quality 0
[2019.11.13-16.49.37:599][260]LogRHI: Error: SwapChainDesc.BufferUsage 48
[2019.11.13-16.49.37:599][260]LogRHI: Error: SwapChainDesc.BufferCount 1
[2019.11.13-16.49.37:599][260]LogRHI: Error: SwapChainDesc.OutputWindow 0000000000140618
[2019.11.13-16.49.37:599][260]LogRHI: Error: SwapChainDesc.Windowed true
[2019.11.13-16.49.37:599][260]LogRHI: Error: SwapChainDesc.SwapEffect 0
[2019.11.13-16.49.37:599][260]LogRHI: Error: SwapChainDesc.Flags 2
[2019.11.13-16.49.37:599][260]LogD3D11RHI: Error: Result failed 
 at D:\Build\++UE4\Sync\Engine\Source\Runtime\Windows\D3D11RHI\Private\D3D11Viewport.cpp:361 
 with error E_INVALIDARG
[2019.11.13-16.49.37:599][260]LogWindows: Windows GetLastError: The operation completed successfully. (0)
[2019.11.13-16.49.39:061][260]LogOutputDevice: Warning: 

Script Stack (0 frames):

[2019.11.13-16.49.39:061][260]LogWindows: Windows GetLastError: The operation completed successfully. (0)
[2019.11.13-16.49.39:062][260]LogThreadingWindows: Error: Runnable thread RenderThread 15 crashed.
[2019.11.13-16.49.39:062][260]LogWindows: Error: === Critical error: ===
[2019.11.13-16.49.39:062][260]LogWindows: Error: 
[2019.11.13-16.49.39:062][260]LogWindows: Error: Fatal error: [File:D:\Build\++UE4\Sync\Engine\Source\Runtime\RenderCore\Private\RenderingThread.cpp] [Line: 819] 
[2019.11.13-16.49.39:062][260]LogWindows: Error: Rendering thread exception:
[2019.11.13-16.49.39:062][260]LogWindows: Error: Fatal error: [File:D:\Build\++UE4\Sync\Engine\Source\Runtime\Windows\D3D11RHI\Private\D3D11Util.cpp] [Line: 249] 
[2019.11.13-16.49.39:062][260]LogWindows: Error: Result failed 
[2019.11.13-16.49.39:062][260]LogWindows: Error:  at D:\Build\++UE4\Sync\Engine\Source\Runtime\Windows\D3D11RHI\Private\D3D11Viewport.cpp:361 
[2019.11.13-16.49.39:062][260]LogWindows: Error:  with error E_INVALIDARG
[2019.11.13-16.49.39:062][260]LogWindows: Error: 
[2019.11.13-16.49.39:062][260]LogWindows: Error: 
[2019.11.13-16.49.39:062][260]LogWindows: Error: [Callstack] 0x00007ff994bf9129 KERNELBASE.dll!UnknownFunction []
[2019.11.13-16.49.39:062][260]LogWindows: Error: [Callstack] 0x00007ff94fb41f37 UE4Editor-Core.dll!UnknownFunction []
[2019.11.13-16.49.39:062][260]LogWindows: Error: [Callstack] 0x00007ff94fb446e7 UE4Editor-Core.dll!UnknownFunction []
[2019.11.13-16.49.39:062][260]LogWindows: Error: [Callstack] 0x00007ff94f957d1a UE4Editor-Core.dll!UnknownFunction []
[2019.11.13-16.49.39:062][260]LogWindows: Error: [Callstack] 0x00007ff94f8dfe33 UE4Editor-Core.dll!UnknownFunction []
[2019.11.13-16.49.39:062][260]LogWindows: Error: [Callstack] 0x00007ff94f8dfd18 UE4Editor-Core.dll!UnknownFunction []
[2019.11.13-16.49.39:062][260]LogWindows: Error: [Callstack] 0x00007ff92074644a UE4Editor-D3D11RHI.dll!UnknownFunction []
[2019.11.13-16.49.39:062][260]LogWindows: Error: [Callstack] 0x00007ff92072875e UE4Editor-D3D11RHI.dll!UnknownFunction []
[2019.11.13-16.49.39:062][260]LogWindows: Error: [Callstack] 0x00007ff92073480b UE4Editor-D3D11RHI.dll!UnknownFunction []
[2019.11.13-16.49.39:062][260]LogWindows: Error: [Callstack] 0x00007ff95bbae8e0 UE4Editor-RHI.dll!UnknownFunction []
[2019.11.13-16.49.39:062][260]LogWindows: Error: [Callstack] 0x00007ff95bbae4c4 UE4Editor-RHI.dll!UnknownFunction []
[2019.11.13-16.49.39:062][260]LogWindows: Error: [Callstack] 0x00007ff95bbaf444 UE4Editor-RHI.dll!UnknownFunction []
[2019.11.13-16.49.39:062][260]LogWindows: Error: [Callstack] 0x00007ff95bba6bb4 UE4Editor-RHI.dll!UnknownFunction []
[2019.11.13-16.49.39:062][260]LogWindows: Error: [Callstack] 0x00007ff9204f769b UE4Editor-SlateRHIRenderer.dll!UnknownFunction []
[2019.11.13-16.49.39:062][260]LogWindows: Error: [Callstack] 0x00007ff9204fe220 UE4Editor-SlateRHIRenderer.dll!UnknownFunction []
[2019.11.13-16.49.39:062][260]LogWindows: Error: [Callstack] 0x00007ff94f7622d8 UE4Editor-Core.dll!UnknownFunction []
[2019.11.13-16.49.39:062][260]LogWindows: Error: [Callstack] 0x00007ff94f762563 UE4Editor-Core.dll!UnknownFunction []
[2019.11.13-16.49.39:062][260]LogWindows: Error: [Callstack] 0x00007ff9560159f1 UE4Editor-RenderCore.dll!UnknownFunction []
[2019.11.13-16.49.39:062][260]LogWindows: Error: [Callstack] 0x00007ff95601c184 UE4Editor-RenderCore.dll!UnknownFunction []
[2019.11.13-16.49.39:062][260]LogWindows: Error: [Callstack] 0x00007ff94fb54b3f UE4Editor-Core.dll!UnknownFunction []
[2019.11.13-16.49.39:063][260]LogWindows: Error: [Callstack] 0x00007ff94fb508a7 UE4Editor-Core.dll!UnknownFunction []
[2019.11.13-16.49.39:063][260]LogWindows: Error: [Callstack] 0x00007ff995607974 KERNEL32.DLL!UnknownFunction []
[2019.11.13-16.49.39:063][260]LogWindows: Error: [Callstack] 0x00007ff997caa271 ntdll.dll!UnknownFunction []
[2019.11.13-16.49.39:063][260]LogWindows: Error: 
[2019.11.13-16.49.39:063][260]LogWindows: Error: 
[2019.11.13-16.49.39:063][260]LogWindows: Error: 
[2019.11.13-16.49.39:063][260]LogWindows: Error: 
[2019.11.13-16.49.39:063][260]LogWindows: Error: Crash in runnable thread RenderThread 15
[2019.11.13-16.49.39:092][260]LogWindows: Error: HandleError re-entered.
[2019.11.13-16.49.39:094][260]LogWindows: FPlatformMisc::RequestExit(1)
[2019.11.13-16.49.39:103][260]Log file closed, 11/13/19 08:49:39
