Log file open, 11/14/19 20:52:30
LogWindows: Failed to load 'aqProf.dll' (GetLastError=126)
LogWindows: File 'aqProf.dll' does not exist
LogWindows: Failed to load 'VtuneApi.dll' (GetLastError=126)
LogWindows: File 'VtuneApi.dll' does not exist
LogWindows: Failed to load 'VtuneApi32e.dll' (GetLastError=126)
LogWindows: File 'VtuneApi32e.dll' does not exist
LogConsoleResponse: Display: Failed to find resolution value strings in scalability ini. Falling back to default.
LogInit: Display: Running engine for game: ZombieCreed
LogPakFile: Registered encryption key '00000000000000000000000000000000': 0 pak files mounted, 0 remain pending
LogPlatformFile: Not using cached read wrapper
LogTaskGraph: Started task graph with 5 named threads and 35 total threads with 3 sets of task threads.
LogStats: Stats thread started at 0.378932
LogD3D11RHI: Loaded GFSDK_Aftermath_Lib.x64.dll
LogICUInternationalization: ICU TimeZone Detection - Raw Offset: -5:00, Platform Override: ''
LogPluginManager: Mounting plugin Paper2D
LogPluginManager: Mounting plugin AISupport
LogPluginManager: Mounting plugin LightPropagationVolume
LogPluginManager: Mounting plugin ActorLayerUtilities
LogPluginManager: Mounting plugin AnimationSharing
LogPluginManager: Mounting plugin CLionSourceCodeAccess
LogPluginManager: Mounting plugin CodeLiteSourceCodeAccess
LogPluginManager: Mounting plugin GitSourceControl
LogPluginManager: Mounting plugin KDevelopSourceCodeAccess
LogPluginManager: Mounting plugin NullSourceCodeAccess
LogPluginManager: Mounting plugin PerforceSourceControl
LogPluginManager: Mounting plugin SubversionSourceControl
LogPluginManager: Mounting plugin UObjectPlugin
LogPluginManager: Mounting plugin VisualStudioCodeSourceCodeAccess
LogPluginManager: Mounting plugin VisualStudioSourceCodeAccess
LogPluginManager: Mounting plugin XCodeSourceCodeAccess
LogPluginManager: Mounting plugin AssetManagerEditor
LogPluginManager: Mounting plugin CryptoKeys
LogPluginManager: Mounting plugin DataValidation
LogPluginManager: Mounting plugin FacialAnimation
LogPluginManager: Mounting plugin GameplayTagsEditor
LogPluginManager: Mounting plugin MacGraphicsSwitching
LogPluginManager: Mounting plugin MaterialAnalyzer
LogPluginManager: Mounting plugin MobileLauncherProfileWizard
LogPluginManager: Mounting plugin PluginBrowser
LogPluginManager: Mounting plugin SpeedTreeImporter
LogPluginManager: Mounting plugin DatasmithContent
LogPluginManager: Mounting plugin VariantManagerContent
LogPluginManager: Mounting plugin AlembicImporter
LogPluginManager: Mounting plugin AppleImageUtils
LogPluginManager: Mounting plugin AppleVision
LogPluginManager: Mounting plugin BackChannel
LogPluginManager: Mounting plugin CharacterAI
LogPluginManager: Mounting plugin GeometryCache
LogPluginManager: Mounting plugin HTML5Networking
LogPluginManager: Mounting plugin ProxyLODPlugin
LogPluginManager: Mounting plugin SkeletalReduction
LogPluginManager: Mounting plugin MagicLeap
LogPluginManager: Mounting plugin MagicLeapMedia
LogPluginManager: Mounting plugin AndroidMedia
LogPluginManager: Mounting plugin AvfMedia
LogPluginManager: Mounting plugin ImgMedia
LogPluginManager: Mounting plugin LinearTimecode
LogPluginManager: Mounting plugin MediaCompositing
LogPluginManager: Mounting plugin MediaPlayerEditor
LogPluginManager: Mounting plugin WebMMedia
LogPluginManager: Mounting plugin WmfMedia
LogPluginManager: Mounting plugin TcpMessaging
LogPluginManager: Mounting plugin UdpMessaging
LogPluginManager: Mounting plugin ActorSequence
LogPluginManager: Mounting plugin LevelSequenceEditor
LogPluginManager: Mounting plugin MatineeToLevelSequence
LogPluginManager: Mounting plugin NetcodeUnitTest
LogPluginManager: Mounting plugin NUTUnrealEngine4
LogPluginManager: Mounting plugin OnlineSubsystemGooglePlay
LogPluginManager: Mounting plugin OnlineSubsystemIOS
LogPluginManager: Mounting plugin OnlineSubsystem
LogPluginManager: Mounting plugin OnlineSubsystemNull
LogPluginManager: Mounting plugin OnlineSubsystemUtils
LogPluginManager: Mounting plugin LauncherChunkInstaller
LogPluginManager: Mounting plugin AndroidDeviceProfileSelector
LogPluginManager: Mounting plugin AndroidMoviePlayer
LogPluginManager: Mounting plugin AndroidPermission
LogPluginManager: Mounting plugin AppleMoviePlayer
LogPluginManager: Mounting plugin ArchVisCharacter
LogPluginManager: Mounting plugin AudioCapture
LogPluginManager: Mounting plugin CableComponent
LogPluginManager: Mounting plugin CustomMeshComponent
LogPluginManager: Mounting plugin EditableMesh
LogPluginManager: Mounting plugin ExampleDeviceProfileSelector
LogPluginManager: Mounting plugin Firebase
LogPluginManager: Mounting plugin GoogleCloudMessaging
LogPluginManager: Mounting plugin IOSDeviceProfileSelector
LogPluginManager: Mounting plugin LinuxDeviceProfileSelector
LogPluginManager: Mounting plugin LocationServicesBPLibrary
LogPluginManager: Mounting plugin MobilePatchingUtils
LogPluginManager: Mounting plugin OculusVR
LogPluginManager: Mounting plugin PhysXVehicles
LogPluginManager: Mounting plugin ProceduralMeshComponent
LogPluginManager: Mounting plugin RuntimePhysXCooking
LogPluginManager: Mounting plugin SignificanceManager
LogPluginManager: Mounting plugin SteamVR
LogPluginManager: Mounting plugin WebMMoviePlayer
LogPluginManager: Mounting plugin WindowsMoviePlayer
LogInit: Using libcurl 7.55.1-DEV
LogInit:  - built for x86_64-pc-win32
LogInit:  - supports SSL with OpenSSL/1.1.1
LogInit:  - supports HTTP deflate (compression) using libz 1.2.8
LogInit:  - other features:
LogInit:      CURL_VERSION_SSL
LogInit:      CURL_VERSION_LIBZ
LogInit:      CURL_VERSION_IPV6
LogInit:      CURL_VERSION_ASYNCHDNS
LogInit:      CURL_VERSION_LARGEFILE
LogInit:      CURL_VERSION_IDN
LogInit:  CurlRequestOptions (configurable via config and command line):
LogInit:  - bVerifyPeer = true  - Libcurl will verify peer certificate
LogInit:  - bUseHttpProxy = false  - Libcurl will NOT use HTTP proxy
LogInit:  - bDontReuseConnections = false  - Libcurl will reuse connections
LogInit:  - MaxHostConnections = 16  - Libcurl will limit the number of connections to a host
LogInit:  - LocalHostAddr = Default
LogInit:  - BufferSize = 65536
LogInit: WinSock: version 1.1 (2.2), MaxSocks=32767, MaxUdp=65467
LogInit: Build: ++UE4+Release-4.22-CL-7053642
LogInit: Engine Version: 4.22.3-7053642+++UE4+Release-4.22
LogInit: Compatible Engine Version: 4.22.0-5660361+++UE4+Release-4.22
LogInit: Net CL: 5660361
LogInit: OS: Windows 10 (Release 1809) (), CPU: Intel(R) Core(TM) i7-8700K CPU @ 3.70GHz, GPU: NVIDIA GeForce GTX 980
LogInit: Compiled (64-bit): Jun 18 2019 03:09:11
LogInit: Compiled with Visual C++: 19.16.27025.01
LogInit: Build Configuration: Development
LogInit: Branch Name: ++UE4+Release-4.22
LogInit: Command Line:  -EpicPortal -epicusername=Satucree -epicuserid=3495916a293f4f9b9e0823dd2d0f4bb3 -epiclocale=en-US
LogInit: Base Directory: C:/Program Files/Epic Games/UE_4.22/Engine/Binaries/Win64/
LogInit: Installed Engine Build: 1
LogDevObjectVersion: Number of dev versions registered: 23
LogDevObjectVersion:   Dev-Blueprints (B0D832E4-1F89-4F0D-ACCF-7EB736FD4AA2): 10
LogDevObjectVersion:   Dev-Build (E1C64328-A22C-4D53-A36C-8E866417BD8C): 0
LogDevObjectVersion:   Dev-Core (375EC13C-06E4-48FB-B500-84F0262A717E): 3
LogDevObjectVersion:   Dev-Editor (E4B068ED-F494-42E9-A231-DA0B2E46BB41): 30
LogDevObjectVersion:   Dev-Framework (CFFC743F-43B0-4480-9391-14DF171D2073): 35
LogDevObjectVersion:   Dev-Mobile (B02B49B5-BB20-44E9-A304-32B752E40360): 2
LogDevObjectVersion:   Dev-Networking (A4E4105C-59A1-49B5-A7C5-40C4547EDFEE): 0
LogDevObjectVersion:   Dev-Online (39C831C9-5AE6-47DC-9A44-9C173E1C8E7C): 0
LogDevObjectVersion:   Dev-Physics (78F01B33-EBEA-4F98-B9B4-84EACCB95AA2): 0
LogDevObjectVersion:   Dev-Platform (6631380F-2D4D-43E0-8009-CF276956A95A): 0
LogDevObjectVersion:   Dev-Rendering (12F88B9F-8875-4AFC-A67C-D90C383ABD29): 28
LogDevObjectVersion:   Dev-Sequencer (7B5AE74C-D270-4C10-A958-57980B212A5A): 11
LogDevObjectVersion:   Dev-VR (D7296918-1DD6-4BDD-9DE2-64A83CC13884): 2
LogDevObjectVersion:   Dev-LoadTimes (C2A15278-BFE7-4AFE-6C17-90FF531DF755): 1
LogDevObjectVersion:   Private-Geometry (6EACA3D4-40EC-4CC1-B786-8BED09428FC5): 3
LogDevObjectVersion:   Dev-AnimPhys (29E575DD-E0A3-4627-9D10-D276232CDCEA): 17
LogDevObjectVersion:   Dev-Anim (AF43A65D-7FD3-4947-9873-3E8ED9C1BB05): 2
LogDevObjectVersion:   Dev-ReflectionCapture (6B266CEC-1EC7-4B8F-A30B-E4D90942FC07): 1
LogDevObjectVersion:   Dev-Automation (0DF73D61-A23F-47EA-B727-89E90C41499A): 1
LogDevObjectVersion:   FortniteMain (601D1886-AC64-4F84-AA16-D3DE0DEAC7D6): 25
LogDevObjectVersion:   Dev-Enterprise (9DFFBCD6-494F-0158-E221-12823C92A888): 6
LogDevObjectVersion:   Dev-Niagara (F2AED0AC-9AFE-416F-8664-AA7FFA26D6FC): 1
LogDevObjectVersion:   Dev-Destruction (174F1F0B-B4C6-45A5-B13F-2EE8D0FB917D): 2
LogInit: Presizing for max 16777216 objects, including 0 objects not considered by GC, pre-allocating 0 bytes for permanent pool.
LogInit: Object subsystem initialized
LogConfig: Setting CVar [[con.DebugEarlyDefault:1]]
LogConfig: Setting CVar [[r.setres:1280x720]]
[2019.11.15-01.52.30:963][  0]LogConfig: Setting CVar [[r.VSync:0]]
[2019.11.15-01.52.30:963][  0]LogConfig: Setting CVar [[r.RHICmdBypass:0]]
[2019.11.15-01.52.30:963][  0]LogConfig: Applying CVar settings from Section [/Script/Engine.RendererSettings] File [C:/Users/Samuel Paquette/Desktop/Projet zombie unreal/ZombieCreed/Saved/Config/Windows/Engine.ini]
[2019.11.15-01.52.30:963][  0]LogConfig: Setting CVar [[r.GPUCrashDebugging:0]]
[2019.11.15-01.52.30:963][  0]LogConfig: Applying CVar settings from Section [/Script/Engine.RendererOverrideSettings] File [C:/Users/Samuel Paquette/Desktop/Projet zombie unreal/ZombieCreed/Saved/Config/Windows/Engine.ini]
[2019.11.15-01.52.30:963][  0]LogConfig: Applying CVar settings from Section [/Script/Engine.StreamingSettings] File [C:/Users/Samuel Paquette/Desktop/Projet zombie unreal/ZombieCreed/Saved/Config/Windows/Engine.ini]
[2019.11.15-01.52.30:963][  0]LogConfig: Setting CVar [[s.MinBulkDataSizeForAsyncLoading:131072]]
[2019.11.15-01.52.30:963][  0]LogConfig: Setting CVar [[s.AsyncLoadingThreadEnabled:0]]
[2019.11.15-01.52.30:963][  0]LogConfig: Setting CVar [[s.EventDrivenLoaderEnabled:1]]
[2019.11.15-01.52.30:963][  0]LogConfig: Setting CVar [[s.WarnIfTimeLimitExceeded:0]]
[2019.11.15-01.52.30:963][  0]LogConfig: Setting CVar [[s.TimeLimitExceededMultiplier:1.5]]
[2019.11.15-01.52.30:963][  0]LogConfig: Setting CVar [[s.TimeLimitExceededMinTime:0.005]]
[2019.11.15-01.52.30:963][  0]LogConfig: Setting CVar [[s.UseBackgroundLevelStreaming:1]]
[2019.11.15-01.52.30:963][  0]LogConfig: Setting CVar [[s.PriorityAsyncLoadingExtraTime:15.0]]
[2019.11.15-01.52.30:963][  0]LogConfig: Setting CVar [[s.LevelStreamingActorsUpdateTimeLimit:5.0]]
[2019.11.15-01.52.30:963][  0]LogConfig: Setting CVar [[s.PriorityLevelStreamingActorsUpdateExtraTime:5.0]]
[2019.11.15-01.52.30:963][  0]LogConfig: Setting CVar [[s.LevelStreamingComponentsRegistrationGranularity:10]]
[2019.11.15-01.52.30:963][  0]LogConfig: Setting CVar [[s.UnregisterComponentsTimeLimit:1.0]]
[2019.11.15-01.52.30:963][  0]LogConfig: Setting CVar [[s.LevelStreamingComponentsUnregistrationGranularity:5]]
[2019.11.15-01.52.30:964][  0]LogConfig: Applying CVar settings from Section [/Script/Engine.GarbageCollectionSettings] File [C:/Users/Samuel Paquette/Desktop/Projet zombie unreal/ZombieCreed/Saved/Config/Windows/Engine.ini]
[2019.11.15-01.52.30:964][  0]LogConfig: Setting CVar [[gc.MaxObjectsNotConsideredByGC:1]]
[2019.11.15-01.52.30:964][  0]LogConfig: Setting CVar [[gc.SizeOfPermanentObjectPool:0]]
[2019.11.15-01.52.30:964][  0]LogConfig: Setting CVar [[gc.FlushStreamingOnGC:0]]
[2019.11.15-01.52.30:964][  0]LogConfig: Setting CVar [[gc.NumRetriesBeforeForcingGC:10]]
[2019.11.15-01.52.30:964][  0]LogConfig: Setting CVar [[gc.AllowParallelGC:1]]
[2019.11.15-01.52.30:964][  0]LogConfig: Setting CVar [[gc.TimeBetweenPurgingPendingKillObjects:61.1]]
[2019.11.15-01.52.30:964][  0]LogConfig: Setting CVar [[gc.MaxObjectsInEditor:16777216]]
[2019.11.15-01.52.30:964][  0]LogConfig: Setting CVar [[gc.IncrementalBeginDestroyEnabled:1]]
[2019.11.15-01.52.30:964][  0]LogConfig: Setting CVar [[gc.CreateGCClusters:1]]
[2019.11.15-01.52.30:964][  0]LogConfig: Setting CVar [[gc.MinGCClusterSize:5]]
[2019.11.15-01.52.30:964][  0]LogConfig: Setting CVar [[gc.ActorClusteringEnabled:0]]
[2019.11.15-01.52.30:964][  0]LogConfig: Setting CVar [[gc.BlueprintClusteringEnabled:0]]
[2019.11.15-01.52.30:964][  0]LogConfig: Setting CVar [[gc.UseDisregardForGCOnDedicatedServers:0]]
[2019.11.15-01.52.30:964][  0]LogConfig: Applying CVar settings from Section [/Script/Engine.NetworkSettings] File [C:/Users/Samuel Paquette/Desktop/Projet zombie unreal/ZombieCreed/Saved/Config/Windows/Engine.ini]
[2019.11.15-01.52.30:964][  0]LogConfig: Applying CVar settings from Section [/Script/UnrealEd.CookerSettings] File [C:/Users/Samuel Paquette/Desktop/Projet zombie unreal/ZombieCreed/Saved/Config/Windows/Engine.ini]
[2019.11.15-01.52.30:972][  0]LogConfig: Applying CVar settings from Section [ViewDistanceQuality@3] File [C:/Users/Samuel Paquette/Desktop/Projet zombie unreal/ZombieCreed/Saved/Config/Windows/Scalability.ini]
[2019.11.15-01.52.30:972][  0]LogConfig: Setting CVar [[r.SkeletalMeshLODBias:0]]
[2019.11.15-01.52.30:972][  0]LogConfig: Setting CVar [[r.ViewDistanceScale:1.0]]
[2019.11.15-01.52.30:972][  0]LogConfig: Applying CVar settings from Section [AntiAliasingQuality@3] File [C:/Users/Samuel Paquette/Desktop/Projet zombie unreal/ZombieCreed/Saved/Config/Windows/Scalability.ini]
[2019.11.15-01.52.30:972][  0]LogConfig: Setting CVar [[r.PostProcessAAQuality:4]]
[2019.11.15-01.52.30:972][  0]LogConfig: Applying CVar settings from Section [ShadowQuality@3] File [C:/Users/Samuel Paquette/Desktop/Projet zombie unreal/ZombieCreed/Saved/Config/Windows/Scalability.ini]
[2019.11.15-01.52.30:972][  0]LogConfig: Setting CVar [[r.LightFunctionQuality:1]]
[2019.11.15-01.52.30:972][  0]LogConfig: Setting CVar [[r.ShadowQuality:5]]
[2019.11.15-01.52.30:972][  0]LogConfig: Setting CVar [[r.Shadow.CSM.MaxCascades:10]]
[2019.11.15-01.52.30:972][  0]LogConfig: Setting CVar [[r.Shadow.MaxResolution:2048]]
[2019.11.15-01.52.30:972][  0]LogConfig: Setting CVar [[r.Shadow.MaxCSMResolution:2048]]
[2019.11.15-01.52.30:972][  0]LogConfig: Setting CVar [[r.Shadow.RadiusThreshold:0.01]]
[2019.11.15-01.52.30:972][  0]LogConfig: Setting CVar [[r.Shadow.DistanceScale:1.0]]
[2019.11.15-01.52.30:972][  0]LogConfig: Setting CVar [[r.Shadow.CSM.TransitionScale:1.0]]
[2019.11.15-01.52.30:972][  0]LogConfig: Setting CVar [[r.Shadow.PreShadowResolutionFactor:1.0]]
[2019.11.15-01.52.30:972][  0]LogConfig: Setting CVar [[r.DistanceFieldShadowing:1]]
[2019.11.15-01.52.30:972][  0]LogConfig: Setting CVar [[r.DistanceFieldAO:1]]
[2019.11.15-01.52.30:972][  0]LogConfig: Setting CVar [[r.AOQuality:2]]
[2019.11.15-01.52.30:972][  0]LogConfig: Setting CVar [[r.VolumetricFog:1]]
[2019.11.15-01.52.30:972][  0]LogConfig: Setting CVar [[r.VolumetricFog.GridPixelSize:8]]
[2019.11.15-01.52.30:972][  0]LogConfig: Setting CVar [[r.VolumetricFog.GridSizeZ:128]]
[2019.11.15-01.52.30:972][  0]LogConfig: Setting CVar [[r.VolumetricFog.HistoryMissSupersampleCount:4]]
[2019.11.15-01.52.30:972][  0]LogConfig: Setting CVar [[r.LightMaxDrawDistanceScale:1]]
[2019.11.15-01.52.30:972][  0]LogConfig: Setting CVar [[r.CapsuleShadows:1]]
[2019.11.15-01.52.30:972][  0]LogConfig: Applying CVar settings from Section [PostProcessQuality@3] File [C:/Users/Samuel Paquette/Desktop/Projet zombie unreal/ZombieCreed/Saved/Config/Windows/Scalability.ini]
[2019.11.15-01.52.30:972][  0]LogConfig: Setting CVar [[r.MotionBlurQuality:4]]
[2019.11.15-01.52.30:972][  0]LogConfig: Setting CVar [[r.AmbientOcclusionMipLevelFactor:0.4]]
[2019.11.15-01.52.30:972][  0]LogConfig: Setting CVar [[r.AmbientOcclusionMaxQuality:100]]
[2019.11.15-01.52.30:972][  0]LogConfig: Setting CVar [[r.AmbientOcclusionLevels:-1]]
[2019.11.15-01.52.30:972][  0]LogConfig: Setting CVar [[r.AmbientOcclusionRadiusScale:1.0]]
[2019.11.15-01.52.30:972][  0]LogConfig: Setting CVar [[r.DepthOfFieldQuality:2]]
[2019.11.15-01.52.30:972][  0]LogConfig: Setting CVar [[r.RenderTargetPoolMin:400]]
[2019.11.15-01.52.30:972][  0]LogConfig: Setting CVar [[r.LensFlareQuality:2]]
[2019.11.15-01.52.30:972][  0]LogConfig: Setting CVar [[r.SceneColorFringeQuality:1]]
[2019.11.15-01.52.30:972][  0]LogConfig: Setting CVar [[r.EyeAdaptationQuality:2]]
[2019.11.15-01.52.30:972][  0]LogConfig: Setting CVar [[r.BloomQuality:5]]
[2019.11.15-01.52.30:972][  0]LogConfig: Setting CVar [[r.FastBlurThreshold:100]]
[2019.11.15-01.52.30:972][  0]LogConfig: Setting CVar [[r.Upscale.Quality:3]]
[2019.11.15-01.52.30:972][  0]LogConfig: Setting CVar [[r.Tonemapper.GrainQuantization:1]]
[2019.11.15-01.52.30:972][  0]LogConfig: Setting CVar [[r.LightShaftQuality:1]]
[2019.11.15-01.52.30:973][  0]LogConfig: Setting CVar [[r.Filter.SizeScale:1]]
[2019.11.15-01.52.30:973][  0]LogConfig: Setting CVar [[r.Tonemapper.Quality:5]]
[2019.11.15-01.52.30:973][  0]LogConfig: Setting CVar [[r.DOF.Gather.AccumulatorQuality:1        ; higher gathering accumulator quality]]
[2019.11.15-01.52.30:973][  0]LogConfig: Setting CVar [[r.DOF.Gather.PostfilterMethod:1          ; Median3x3 postfilering method]]
[2019.11.15-01.52.30:973][  0]LogConfig: Setting CVar [[r.DOF.Gather.EnableBokehSettings:0       ; no bokeh simulation when gathering]]
[2019.11.15-01.52.30:973][  0]LogConfig: Setting CVar [[r.DOF.Gather.RingCount:4                 ; medium number of samples when gathering]]
[2019.11.15-01.52.30:973][  0]LogConfig: Setting CVar [[r.DOF.Scatter.ForegroundCompositing:1    ; additive foreground scattering]]
[2019.11.15-01.52.30:973][  0]LogConfig: Setting CVar [[r.DOF.Scatter.BackgroundCompositing:2    ; additive background scattering]]
[2019.11.15-01.52.30:973][  0]LogConfig: Setting CVar [[r.DOF.Scatter.EnableBokehSettings:1      ; bokeh simulation when scattering]]
[2019.11.15-01.52.30:973][  0]LogConfig: Setting CVar [[r.DOF.Scatter.MaxSpriteRatio:0.1         ; only a maximum of 10% of scattered bokeh]]
[2019.11.15-01.52.30:973][  0]LogConfig: Setting CVar [[r.DOF.Recombine.Quality:1                ; cheap slight out of focus]]
[2019.11.15-01.52.30:973][  0]LogConfig: Setting CVar [[r.DOF.Recombine.EnableBokehSettings:0    ; no bokeh simulation on slight out of focus]]
[2019.11.15-01.52.30:973][  0]LogConfig: Setting CVar [[r.DOF.TemporalAAQuality:1                ; more stable temporal accumulation]]
[2019.11.15-01.52.30:973][  0]LogConfig: Setting CVar [[r.DOF.Kernel.MaxForegroundRadius:0.025]]
[2019.11.15-01.52.30:973][  0]LogConfig: Setting CVar [[r.DOF.Kernel.MaxBackgroundRadius:0.025]]
[2019.11.15-01.52.30:973][  0]LogConfig: Applying CVar settings from Section [TextureQuality@3] File [C:/Users/Samuel Paquette/Desktop/Projet zombie unreal/ZombieCreed/Saved/Config/Windows/Scalability.ini]
[2019.11.15-01.52.30:973][  0]LogConfig: Setting CVar [[r.Streaming.MipBias:0]]
[2019.11.15-01.52.30:973][  0]LogConfig: Setting CVar [[r.Streaming.AmortizeCPUToGPUCopy:0]]
[2019.11.15-01.52.30:973][  0]LogConfig: Setting CVar [[r.Streaming.MaxNumTexturesToStreamPerFrame:0]]
[2019.11.15-01.52.30:973][  0]LogConfig: Setting CVar [[r.Streaming.Boost:1]]
[2019.11.15-01.52.30:973][  0]LogConfig: Setting CVar [[r.MaxAnisotropy:8]]
[2019.11.15-01.52.30:973][  0]LogConfig: Setting CVar [[r.Streaming.LimitPoolSizeToVRAM:0]]
[2019.11.15-01.52.30:973][  0]LogConfig: Setting CVar [[r.Streaming.PoolSize:1000]]
[2019.11.15-01.52.30:973][  0]LogConfig: Setting CVar [[r.Streaming.MaxEffectiveScreenSize:0]]
[2019.11.15-01.52.30:973][  0]LogConfig: Applying CVar settings from Section [EffectsQuality@3] File [C:/Users/Samuel Paquette/Desktop/Projet zombie unreal/ZombieCreed/Saved/Config/Windows/Scalability.ini]
[2019.11.15-01.52.30:973][  0]LogConfig: Setting CVar [[r.TranslucencyLightingVolumeDim:64]]
[2019.11.15-01.52.30:973][  0]LogConfig: Setting CVar [[r.RefractionQuality:2]]
[2019.11.15-01.52.30:973][  0]LogConfig: Setting CVar [[r.SSR.Quality:3]]
[2019.11.15-01.52.30:973][  0]LogConfig: Setting CVar [[r.SceneColorFormat:4]]
[2019.11.15-01.52.30:973][  0]LogConfig: Setting CVar [[r.DetailMode:2]]
[2019.11.15-01.52.30:973][  0]LogConfig: Setting CVar [[r.TranslucencyVolumeBlur:1]]
[2019.11.15-01.52.30:973][  0]LogConfig: Setting CVar [[r.MaterialQualityLevel:1 ; High quality]]
[2019.11.15-01.52.30:973][  0]LogConfig: Setting CVar [[r.SSS.Scale:1]]
[2019.11.15-01.52.30:973][  0]LogConfig: Setting CVar [[r.SSS.SampleSet:2]]
[2019.11.15-01.52.30:973][  0]LogConfig: Setting CVar [[r.SSS.Quality:1]]
[2019.11.15-01.52.30:973][  0]LogConfig: Setting CVar [[r.SSS.HalfRes:1]]
[2019.11.15-01.52.30:973][  0]LogConfig: Setting CVar [[r.EmitterSpawnRateScale:1.0]]
[2019.11.15-01.52.30:973][  0]LogConfig: Setting CVar [[r.ParticleLightQuality:2]]
[2019.11.15-01.52.30:973][  0]LogConfig: Applying CVar settings from Section [FoliageQuality@3] File [C:/Users/Samuel Paquette/Desktop/Projet zombie unreal/ZombieCreed/Saved/Config/Windows/Scalability.ini]
[2019.11.15-01.52.30:973][  0]LogConfig: Setting CVar [[foliage.DensityScale:1.0]]
[2019.11.15-01.52.30:973][  0]LogConfig: Setting CVar [[grass.DensityScale:1.0]]
[2019.11.15-01.52.30:973][  0]LogInit: Selected Device Profile: [Windows]
[2019.11.15-01.52.30:973][  0]LogInit: Applying CVar settings loaded from the selected device profile: [Windows]
[2019.11.15-01.52.30:991][  0]LogHAL: Display: Platform has ~ 32 GB [34296897536 / 34359738368 / 32], which maps to Largest [LargestMinGB=32, LargerMinGB=12, DefaultMinGB=8, SmallerMinGB=6, SmallestMinGB=0)
[2019.11.15-01.52.30:991][  0]LogConfig: Setting CVar [[r.Vulkan.UseRealUBs:0		; Required until we fix HLR fall-out]]
[2019.11.15-01.52.30:991][  0]LogInit: Going up to parent DeviceProfile []
[2019.11.15-01.52.30:992][  0]LogConfig: Applying CVar settings from Section [ViewDistanceQuality@3] File [C:/Users/Samuel Paquette/Desktop/Projet zombie unreal/ZombieCreed/Saved/Config/Windows/Scalability.ini]
[2019.11.15-01.52.30:992][  0]LogConfig: Setting CVar [[r.SkeletalMeshLODBias:0]]
[2019.11.15-01.52.30:992][  0]LogConfig: Setting CVar [[r.ViewDistanceScale:1.0]]
[2019.11.15-01.52.30:992][  0]LogConfig: Applying CVar settings from Section [AntiAliasingQuality@3] File [C:/Users/Samuel Paquette/Desktop/Projet zombie unreal/ZombieCreed/Saved/Config/Windows/Scalability.ini]
[2019.11.15-01.52.30:992][  0]LogConfig: Setting CVar [[r.PostProcessAAQuality:4]]
[2019.11.15-01.52.30:992][  0]LogConfig: Applying CVar settings from Section [ShadowQuality@3] File [C:/Users/Samuel Paquette/Desktop/Projet zombie unreal/ZombieCreed/Saved/Config/Windows/Scalability.ini]
[2019.11.15-01.52.30:992][  0]LogConfig: Setting CVar [[r.LightFunctionQuality:1]]
[2019.11.15-01.52.30:992][  0]LogConfig: Setting CVar [[r.ShadowQuality:5]]
[2019.11.15-01.52.30:992][  0]LogConfig: Setting CVar [[r.Shadow.CSM.MaxCascades:10]]
[2019.11.15-01.52.30:992][  0]LogConfig: Setting CVar [[r.Shadow.MaxResolution:2048]]
[2019.11.15-01.52.30:992][  0]LogConfig: Setting CVar [[r.Shadow.MaxCSMResolution:2048]]
[2019.11.15-01.52.30:992][  0]LogConfig: Setting CVar [[r.Shadow.RadiusThreshold:0.01]]
[2019.11.15-01.52.30:992][  0]LogConfig: Setting CVar [[r.Shadow.DistanceScale:1.0]]
[2019.11.15-01.52.30:992][  0]LogConfig: Setting CVar [[r.Shadow.CSM.TransitionScale:1.0]]
[2019.11.15-01.52.30:992][  0]LogConfig: Setting CVar [[r.Shadow.PreShadowResolutionFactor:1.0]]
[2019.11.15-01.52.30:992][  0]LogConfig: Setting CVar [[r.DistanceFieldShadowing:1]]
[2019.11.15-01.52.30:992][  0]LogConfig: Setting CVar [[r.DistanceFieldAO:1]]
[2019.11.15-01.52.30:992][  0]LogConfig: Setting CVar [[r.AOQuality:2]]
[2019.11.15-01.52.30:992][  0]LogConfig: Setting CVar [[r.VolumetricFog:1]]
[2019.11.15-01.52.30:992][  0]LogConfig: Setting CVar [[r.VolumetricFog.GridPixelSize:8]]
[2019.11.15-01.52.30:992][  0]LogConfig: Setting CVar [[r.VolumetricFog.GridSizeZ:128]]
[2019.11.15-01.52.30:992][  0]LogConfig: Setting CVar [[r.VolumetricFog.HistoryMissSupersampleCount:4]]
[2019.11.15-01.52.30:992][  0]LogConfig: Setting CVar [[r.LightMaxDrawDistanceScale:1]]
[2019.11.15-01.52.30:992][  0]LogConfig: Setting CVar [[r.CapsuleShadows:1]]
[2019.11.15-01.52.30:992][  0]LogConfig: Applying CVar settings from Section [PostProcessQuality@3] File [C:/Users/Samuel Paquette/Desktop/Projet zombie unreal/ZombieCreed/Saved/Config/Windows/Scalability.ini]
[2019.11.15-01.52.30:992][  0]LogConfig: Setting CVar [[r.MotionBlurQuality:4]]
[2019.11.15-01.52.30:992][  0]LogConfig: Setting CVar [[r.AmbientOcclusionMipLevelFactor:0.4]]
[2019.11.15-01.52.30:992][  0]LogConfig: Setting CVar [[r.AmbientOcclusionMaxQuality:100]]
[2019.11.15-01.52.30:992][  0]LogConfig: Setting CVar [[r.AmbientOcclusionLevels:-1]]
[2019.11.15-01.52.30:992][  0]LogConfig: Setting CVar [[r.AmbientOcclusionRadiusScale:1.0]]
[2019.11.15-01.52.30:992][  0]LogConfig: Setting CVar [[r.DepthOfFieldQuality:2]]
[2019.11.15-01.52.30:992][  0]LogConfig: Setting CVar [[r.RenderTargetPoolMin:400]]
[2019.11.15-01.52.30:992][  0]LogConfig: Setting CVar [[r.LensFlareQuality:2]]
[2019.11.15-01.52.30:992][  0]LogConfig: Setting CVar [[r.SceneColorFringeQuality:1]]
[2019.11.15-01.52.30:992][  0]LogConfig: Setting CVar [[r.EyeAdaptationQuality:2]]
[2019.11.15-01.52.30:992][  0]LogConfig: Setting CVar [[r.BloomQuality:5]]
[2019.11.15-01.52.30:992][  0]LogConfig: Setting CVar [[r.FastBlurThreshold:100]]
[2019.11.15-01.52.30:992][  0]LogConfig: Setting CVar [[r.Upscale.Quality:3]]
[2019.11.15-01.52.30:992][  0]LogConfig: Setting CVar [[r.Tonemapper.GrainQuantization:1]]
[2019.11.15-01.52.30:992][  0]LogConfig: Setting CVar [[r.LightShaftQuality:1]]
[2019.11.15-01.52.30:992][  0]LogConfig: Setting CVar [[r.Filter.SizeScale:1]]
[2019.11.15-01.52.30:992][  0]LogConfig: Setting CVar [[r.Tonemapper.Quality:5]]
[2019.11.15-01.52.30:992][  0]LogConfig: Setting CVar [[r.DOF.Gather.AccumulatorQuality:1        ; higher gathering accumulator quality]]
[2019.11.15-01.52.30:992][  0]LogConfig: Setting CVar [[r.DOF.Gather.PostfilterMethod:1          ; Median3x3 postfilering method]]
[2019.11.15-01.52.30:992][  0]LogConfig: Setting CVar [[r.DOF.Gather.EnableBokehSettings:0       ; no bokeh simulation when gathering]]
[2019.11.15-01.52.30:992][  0]LogConfig: Setting CVar [[r.DOF.Gather.RingCount:4                 ; medium number of samples when gathering]]
[2019.11.15-01.52.30:992][  0]LogConfig: Setting CVar [[r.DOF.Scatter.ForegroundCompositing:1    ; additive foreground scattering]]
[2019.11.15-01.52.30:992][  0]LogConfig: Setting CVar [[r.DOF.Scatter.BackgroundCompositing:2    ; additive background scattering]]
[2019.11.15-01.52.30:992][  0]LogConfig: Setting CVar [[r.DOF.Scatter.EnableBokehSettings:1      ; bokeh simulation when scattering]]
[2019.11.15-01.52.30:992][  0]LogConfig: Setting CVar [[r.DOF.Scatter.MaxSpriteRatio:0.1         ; only a maximum of 10% of scattered bokeh]]
[2019.11.15-01.52.30:992][  0]LogConfig: Setting CVar [[r.DOF.Recombine.Quality:1                ; cheap slight out of focus]]
[2019.11.15-01.52.30:992][  0]LogConfig: Setting CVar [[r.DOF.Recombine.EnableBokehSettings:0    ; no bokeh simulation on slight out of focus]]
[2019.11.15-01.52.30:992][  0]LogConfig: Setting CVar [[r.DOF.TemporalAAQuality:1                ; more stable temporal accumulation]]
[2019.11.15-01.52.30:992][  0]LogConfig: Setting CVar [[r.DOF.Kernel.MaxForegroundRadius:0.025]]
[2019.11.15-01.52.30:992][  0]LogConfig: Setting CVar [[r.DOF.Kernel.MaxBackgroundRadius:0.025]]
[2019.11.15-01.52.30:992][  0]LogConfig: Applying CVar settings from Section [TextureQuality@3] File [C:/Users/Samuel Paquette/Desktop/Projet zombie unreal/ZombieCreed/Saved/Config/Windows/Scalability.ini]
[2019.11.15-01.52.30:992][  0]LogConfig: Setting CVar [[r.Streaming.MipBias:0]]
[2019.11.15-01.52.30:992][  0]LogConfig: Setting CVar [[r.Streaming.AmortizeCPUToGPUCopy:0]]
[2019.11.15-01.52.30:992][  0]LogConfig: Setting CVar [[r.Streaming.MaxNumTexturesToStreamPerFrame:0]]
[2019.11.15-01.52.30:992][  0]LogConfig: Setting CVar [[r.Streaming.Boost:1]]
[2019.11.15-01.52.30:992][  0]LogConfig: Setting CVar [[r.MaxAnisotropy:8]]
[2019.11.15-01.52.30:992][  0]LogConfig: Setting CVar [[r.Streaming.LimitPoolSizeToVRAM:0]]
[2019.11.15-01.52.30:992][  0]LogConfig: Setting CVar [[r.Streaming.PoolSize:1000]]
[2019.11.15-01.52.30:992][  0]LogConfig: Setting CVar [[r.Streaming.MaxEffectiveScreenSize:0]]
[2019.11.15-01.52.30:992][  0]LogConfig: Applying CVar settings from Section [EffectsQuality@3] File [C:/Users/Samuel Paquette/Desktop/Projet zombie unreal/ZombieCreed/Saved/Config/Windows/Scalability.ini]
[2019.11.15-01.52.30:992][  0]LogConfig: Setting CVar [[r.TranslucencyLightingVolumeDim:64]]
[2019.11.15-01.52.30:992][  0]LogConfig: Setting CVar [[r.RefractionQuality:2]]
[2019.11.15-01.52.30:992][  0]LogConfig: Setting CVar [[r.SSR.Quality:3]]
[2019.11.15-01.52.30:992][  0]LogConfig: Setting CVar [[r.SceneColorFormat:4]]
[2019.11.15-01.52.30:992][  0]LogConfig: Setting CVar [[r.DetailMode:2]]
[2019.11.15-01.52.30:992][  0]LogConfig: Setting CVar [[r.TranslucencyVolumeBlur:1]]
[2019.11.15-01.52.30:992][  0]LogConfig: Setting CVar [[r.MaterialQualityLevel:1 ; High quality]]
[2019.11.15-01.52.30:992][  0]LogConfig: Setting CVar [[r.SSS.Scale:1]]
[2019.11.15-01.52.30:992][  0]LogConfig: Setting CVar [[r.SSS.SampleSet:2]]
[2019.11.15-01.52.30:992][  0]LogConfig: Setting CVar [[r.SSS.Quality:1]]
[2019.11.15-01.52.30:992][  0]LogConfig: Setting CVar [[r.SSS.HalfRes:1]]
[2019.11.15-01.52.30:992][  0]LogConfig: Setting CVar [[r.EmitterSpawnRateScale:1.0]]
[2019.11.15-01.52.30:992][  0]LogConfig: Setting CVar [[r.ParticleLightQuality:2]]
[2019.11.15-01.52.30:992][  0]LogConfig: Applying CVar settings from Section [FoliageQuality@3] File [C:/Users/Samuel Paquette/Desktop/Projet zombie unreal/ZombieCreed/Saved/Config/Windows/Scalability.ini]
[2019.11.15-01.52.30:992][  0]LogConfig: Setting CVar [[foliage.DensityScale:1.0]]
[2019.11.15-01.52.30:992][  0]LogConfig: Setting CVar [[grass.DensityScale:1.0]]
[2019.11.15-01.52.30:992][  0]LogConfig: Applying CVar settings from Section [Startup] File [../../../Engine/Config/ConsoleVariables.ini]
[2019.11.15-01.52.30:992][  0]LogConfig: Setting CVar [[net.UseAdaptiveNetUpdateFrequency:0]]
[2019.11.15-01.52.30:992][  0]LogConfig: Setting CVar [[p.chaos.AllowCreatePhysxBodies:1]]
[2019.11.15-01.52.30:992][  0]LogConfig: Applying CVar settings from Section [ConsoleVariables] File [C:/Users/Samuel Paquette/Desktop/Projet zombie unreal/ZombieCreed/Saved/Config/Windows/Engine.ini]
[2019.11.15-01.52.30:993][  0]LogInit: Computer: DESKTOP-IFTV2G3
[2019.11.15-01.52.30:993][  0]LogInit: User: SamuelPaquette2
[2019.11.15-01.52.30:993][  0]LogInit: CPU Page size=4096, Cores=6
[2019.11.15-01.52.30:993][  0]LogInit: High frequency timer resolution =10.000000 MHz
[2019.11.15-01.52.30:993][  0]LogMemory: Memory total: Physical=31.9GB (32GB approx)
[2019.11.15-01.52.30:993][  0]LogMemory: Platform Memory Stats for Windows
[2019.11.15-01.52.30:993][  0]LogMemory: Process Physical Memory: 99.47 MB used, 99.47 MB peak
[2019.11.15-01.52.30:993][  0]LogMemory: Process Virtual Memory: 103.50 MB used, 103.50 MB peak
[2019.11.15-01.52.30:993][  0]LogMemory: Physical Memory: 13752.01 MB used,  18956.06 MB free, 32708.07 MB total
[2019.11.15-01.52.30:993][  0]LogMemory: Virtual Memory: 4688.29 MB used,  134213040.00 MB free, 134217728.00 MB total
[2019.11.15-01.52.31:012][  0]LogInit: Using OS detected language (en-US).
[2019.11.15-01.52.31:012][  0]LogInit: Using OS detected locale (en-CA).
[2019.11.15-01.52.31:012][  0]LogTextLocalizationManager: No specific localization for 'en-US' exists, so the 'en' localization will be used.
[2019.11.15-01.52.31:151][  0]LogInit: Setting process to per monitor DPI aware
[2019.11.15-01.52.31:195][  0]LogSlate: New Slate User Created.  User Index 0, Is Virtual User: 0
[2019.11.15-01.52.31:195][  0]LogSlate: Slate User Registered.  User Index 0, Is Virtual User: 0
[2019.11.15-01.52.31:334][  0]LogHMD: Failed to initialize OpenVR with code 110
[2019.11.15-01.52.31:334][  0]LogD3D11RHI: D3D11 adapters:
[2019.11.15-01.52.31:375][  0]LogD3D11RHI:    0. 'NVIDIA GeForce GTX 980' (Feature Level 11_0)
[2019.11.15-01.52.31:375][  0]LogD3D11RHI:       4053/0/16354 MB DedicatedVideo/DedicatedSystem/SharedSystem, Outputs:3, VendorId:0x10de
[2019.11.15-01.52.31:376][  0]LogD3D11RHI:    1. 'Microsoft Basic Render Driver' (Feature Level 11_0)
[2019.11.15-01.52.31:376][  0]LogD3D11RHI:       0/0/16354 MB DedicatedVideo/DedicatedSystem/SharedSystem, Outputs:0, VendorId:0x1414
[2019.11.15-01.52.31:377][  0]LogD3D11RHI: Chosen D3D11 Adapter: 0
[2019.11.15-01.52.31:382][  0]LogD3D11RHI: Creating new Direct3DDevice
[2019.11.15-01.52.31:382][  0]LogD3D11RHI:     GPU DeviceId: 0x13c0 (for the marketing name, search the web for "GPU Device Id")
[2019.11.15-01.52.31:382][  0]LogWindows: EnumDisplayDevices:
[2019.11.15-01.52.31:382][  0]LogWindows:    0. 'NVIDIA GeForce GTX 980' (P:0 D:1)
[2019.11.15-01.52.31:382][  0]LogWindows:    1. 'NVIDIA GeForce GTX 980' (P:0 D:1)
[2019.11.15-01.52.31:382][  0]LogWindows:    2. 'NVIDIA GeForce GTX 980' (P:1 D:1)
[2019.11.15-01.52.31:382][  0]LogWindows:    3. 'NVIDIA GeForce GTX 980' (P:0 D:0)
[2019.11.15-01.52.31:382][  0]LogWindows: DebugString: FoundDriverCount:4 
[2019.11.15-01.52.31:382][  0]LogD3D11RHI:     Adapter Name: NVIDIA GeForce GTX 980
[2019.11.15-01.52.31:382][  0]LogD3D11RHI:   Driver Version: 417.71 (internal:25.21.14.1771, unified:417.71)
[2019.11.15-01.52.31:382][  0]LogD3D11RHI:      Driver Date: 1-11-2019
[2019.11.15-01.52.31:382][  0]LogRHI: Texture pool is 2837 MB (70% of 4053 MB)
[2019.11.15-01.52.31:410][  0]LogD3D11RHI: Async texture creation enabled
[2019.11.15-01.52.31:412][  0]LogRendererCore: FGlobalReadBuffer::InitRHI
[2019.11.15-01.52.31:412][  0]LogRendererCore: FGlobalReadBuffer::InitRHI
[2019.11.15-01.52.31:412][  0]LogRendererCore: FGlobalReadBuffer::InitRHI
[2019.11.15-01.52.31:425][  0]LogD3D11RHI: GPU Timing Frequency: 1000.000000 (Debug: 2 2)
[2019.11.15-01.52.31:630][  0]LogTemp: Display: Module 'AllDesktopTargetPlatform' loaded TargetPlatform 'AllDesktop'
[2019.11.15-01.52.31:641][  0]LogTemp: Display: Module 'MacClientTargetPlatform' loaded TargetPlatform 'MacClient'
[2019.11.15-01.52.31:652][  0]LogTemp: Display: Module 'MacNoEditorTargetPlatform' loaded TargetPlatform 'MacNoEditor'
[2019.11.15-01.52.31:666][  0]LogTemp: Display: Module 'MacServerTargetPlatform' loaded TargetPlatform 'MacServer'
[2019.11.15-01.52.31:681][  0]LogTemp: Display: Module 'MacTargetPlatform' loaded TargetPlatform 'Mac'
[2019.11.15-01.52.31:695][  0]LogTemp: Display: Module 'WindowsClientTargetPlatform' loaded TargetPlatform 'WindowsClient'
[2019.11.15-01.52.31:709][  0]LogTemp: Display: Module 'WindowsNoEditorTargetPlatform' loaded TargetPlatform 'WindowsNoEditor'
[2019.11.15-01.52.31:721][  0]LogTemp: Display: Module 'WindowsServerTargetPlatform' loaded TargetPlatform 'WindowsServer'
[2019.11.15-01.52.31:727][  0]LogTemp: Display: Module 'WindowsTargetPlatform' loaded TargetPlatform 'Windows'
[2019.11.15-01.52.31:815][  0]LogTemp: Display: Module 'AndroidTargetPlatform' loaded TargetPlatform 'Android'
[2019.11.15-01.52.31:815][  0]LogTemp: Display: Module 'AndroidTargetPlatform' loaded TargetPlatform 'Android_ASTC'
[2019.11.15-01.52.31:815][  0]LogTemp: Display: Module 'AndroidTargetPlatform' loaded TargetPlatform 'Android_ATC'
[2019.11.15-01.52.31:815][  0]LogTemp: Display: Module 'AndroidTargetPlatform' loaded TargetPlatform 'Android_DXT'
[2019.11.15-01.52.31:815][  0]LogTemp: Display: Module 'AndroidTargetPlatform' loaded TargetPlatform 'Android_ETC1'
[2019.11.15-01.52.31:815][  0]LogTemp: Display: Module 'AndroidTargetPlatform' loaded TargetPlatform 'Android_ETC1a'
[2019.11.15-01.52.31:815][  0]LogTemp: Display: Module 'AndroidTargetPlatform' loaded TargetPlatform 'Android_ETC2'
[2019.11.15-01.52.31:815][  0]LogTemp: Display: Module 'AndroidTargetPlatform' loaded TargetPlatform 'Android_PVRTC'
[2019.11.15-01.52.31:815][  0]LogTemp: Display: Module 'AndroidTargetPlatform' loaded TargetPlatform 'AndroidClient'
[2019.11.15-01.52.31:815][  0]LogTemp: Display: Module 'AndroidTargetPlatform' loaded TargetPlatform 'Android_ASTCClient'
[2019.11.15-01.52.31:815][  0]LogTemp: Display: Module 'AndroidTargetPlatform' loaded TargetPlatform 'Android_ATCClient'
[2019.11.15-01.52.31:816][  0]LogTemp: Display: Module 'AndroidTargetPlatform' loaded TargetPlatform 'Android_DXTClient'
[2019.11.15-01.52.31:816][  0]LogTemp: Display: Module 'AndroidTargetPlatform' loaded TargetPlatform 'Android_ETC1Client'
[2019.11.15-01.52.31:816][  0]LogTemp: Display: Module 'AndroidTargetPlatform' loaded TargetPlatform 'Android_ETC1aClient'
[2019.11.15-01.52.31:816][  0]LogTemp: Display: Module 'AndroidTargetPlatform' loaded TargetPlatform 'Android_ETC2Client'
[2019.11.15-01.52.31:816][  0]LogTemp: Display: Module 'AndroidTargetPlatform' loaded TargetPlatform 'Android_PVRTCClient'
[2019.11.15-01.52.31:816][  0]LogTemp: Display: Module 'AndroidTargetPlatform' loaded TargetPlatform 'Android_Multi'
[2019.11.15-01.52.31:816][  0]LogTemp: Display: Module 'AndroidTargetPlatform' loaded TargetPlatform 'Android_MultiClient'
[2019.11.15-01.52.31:817][  0]LogTemp: Display: Module 'HTML5TargetPlatform' loaded TargetPlatform 'HTML5'
[2019.11.15-01.52.31:863][  0]LogTemp: Display: Module 'IOSTargetPlatform' loaded TargetPlatform 'IOSClient'
[2019.11.15-01.52.31:863][  0]LogTemp: Display: Module 'IOSTargetPlatform' loaded TargetPlatform 'IOS'
[2019.11.15-01.52.31:884][  0]LogTemp: Display: Module 'TVOSTargetPlatform' loaded TargetPlatform 'TVOSClient'
[2019.11.15-01.52.31:884][  0]LogTemp: Display: Module 'TVOSTargetPlatform' loaded TargetPlatform 'TVOS'
[2019.11.15-01.52.31:895][  0]LogTemp: Display: Module 'LinuxClientTargetPlatform' loaded TargetPlatform 'LinuxClient'
[2019.11.15-01.52.31:910][  0]LogTemp: Display: Module 'LinuxNoEditorTargetPlatform' loaded TargetPlatform 'LinuxNoEditor'
[2019.11.15-01.52.31:920][  0]LogTemp: Display: Module 'LinuxServerTargetPlatform' loaded TargetPlatform 'LinuxServer'
[2019.11.15-01.52.31:931][  0]LogTemp: Display: Module 'LinuxTargetPlatform' loaded TargetPlatform 'Linux'
[2019.11.15-01.52.31:970][  0]LogTemp: Display: Module 'LuminTargetPlatform' loaded TargetPlatform 'Lumin'
[2019.11.15-01.52.31:970][  0]LogTemp: Display: Module 'LuminTargetPlatform' loaded TargetPlatform 'LuminClient'
[2019.11.15-01.52.31:970][  0]LogTargetPlatformManager: Display: Building Assets For Windows
[2019.11.15-01.52.31:976][  0]LogAudioDebug: Display: Lib vorbis DLL was dynamically loaded.
[2019.11.15-01.52.32:013][  0]LogShaderCompilers: Guid format shader working directory is -25 characters bigger than the processId version (../../../../../../Users/Samuel Paquette/Desktop/Projet zombie unreal/ZombieCreed/Intermediate/Shaders/WorkingDirectory/19568/).
[2019.11.15-01.52.32:013][  0]LogShaderCompilers: Cleaned the shader compiler working directory 'C:/Users/Samuel Paquette/AppData/Local/Temp/UnrealShaderWorkingDir/8667ECC145BC6594FB80D49AFB05FC11/'.
[2019.11.15-01.52.32:015][  0]LogXGEController: Cannot use XGE Controller as Incredibuild is not installed on this machine.
[2019.11.15-01.52.32:015][  0]LogShaderCompilers: Cannot use XGE Shader Compiler as Incredibuild is not installed on this machine.
[2019.11.15-01.52.32:015][  0]LogShaderCompilers: Display: Using Local Shader Compiler.
[2019.11.15-01.52.32:482][  0]LogDerivedDataCache: Display: Max Cache Size: 512 MB
[2019.11.15-01.52.32:527][  0]LogDerivedDataCache: Loaded boot cache 0.04s 71MB C:/Users/Samuel Paquette/AppData/Local/UnrealEngine/4.22/DerivedDataCache/Boot.ddc.
[2019.11.15-01.52.32:527][  0]LogDerivedDataCache: Display: Loaded Boot cache: C:/Users/Samuel Paquette/AppData/Local/UnrealEngine/4.22/DerivedDataCache/Boot.ddc
[2019.11.15-01.52.32:527][  0]LogDerivedDataCache: FDerivedDataBackendGraph:  Pak pak cache file ../../../../../../Users/Samuel Paquette/Desktop/Projet zombie unreal/ZombieCreed/DerivedDataCache/DDC.ddp not found, will not use a pak cache.
[2019.11.15-01.52.32:527][  0]LogDerivedDataCache: Unable to find inner node Pak for hierarchical cache Hierarchy.
[2019.11.15-01.52.32:527][  0]LogDerivedDataCache: FDerivedDataBackendGraph:  CompressedPak pak cache file ../../../../../../Users/Samuel Paquette/Desktop/Projet zombie unreal/ZombieCreed/DerivedDataCache/Compressed.ddp not found, will not use a pak cache.
[2019.11.15-01.52.32:527][  0]LogDerivedDataCache: Unable to find inner node CompressedPak for hierarchical cache Hierarchy.
[2019.11.15-01.52.32:539][  0]LogDerivedDataCache: Display: Pak cache opened for reading ../../../Engine/DerivedDataCache/Compressed.ddp.
[2019.11.15-01.52.32:539][  0]LogDerivedDataCache: FDerivedDataBackendGraph:  EnterprisePak pak cache file ../../../Enterprise/DerivedDataCache/Compressed.ddp not found, will not use a pak cache.
[2019.11.15-01.52.32:539][  0]LogDerivedDataCache: Unable to find inner node EnterprisePak for hierarchical cache Hierarchy.
[2019.11.15-01.52.32:552][  0]LogDerivedDataCache: Using Local data cache path C:/Users/Samuel Paquette/AppData/Local/UnrealEngine/Common/DerivedDataCache: Writable
[2019.11.15-01.52.32:552][  0]LogDerivedDataCache: Shared data cache path not found in *engine.ini, will not use an Shared cache.
[2019.11.15-01.52.32:552][  0]LogDerivedDataCache: Unable to find inner node Shared for hierarchical cache Hierarchy.
[2019.11.15-01.52.32:585][  0]LogMaterial: Verifying Global Shaders for PCD3D_SM5
[2019.11.15-01.52.32:586][  0]LogSlate: Using FreeType 2.6.0
[2019.11.15-01.52.32:587][  0]LogSlate: SlateFontServices - WITH_FREETYPE: 1, WITH_HARFBUZZ: 1
[2019.11.15-01.52.32:701][  0]LogAssetRegistry: FAssetRegistry took 0.0628 seconds to start up
[2019.11.15-01.52.33:029][  0]LogInit: Selected Device Profile: [Windows]
[2019.11.15-01.52.33:179][  0]LogMeshReduction: Using QuadricMeshReduction for automatic static mesh reduction
[2019.11.15-01.52.33:179][  0]LogMeshReduction: Using SimplygonMeshReduction for automatic skeletal mesh reduction
[2019.11.15-01.52.33:179][  0]LogMeshReduction: Using ProxyLODMeshReduction for automatic mesh merging
[2019.11.15-01.52.33:179][  0]LogMeshReduction: No distributed automatic mesh merging module available
[2019.11.15-01.52.33:179][  0]LogMeshMerging: No distributed automatic mesh merging module available
[2019.11.15-01.52.33:189][  0]LogNetVersion: ZombieCreed 1.0.0, NetCL: 5660361, EngineNetVer: 10, GameNetVer: 0 (Checksum: 2797403465)
[2019.11.15-01.52.33:537][  0]LogPackageLocalizationCache: Processed 10 localized package path(s) for 1 prioritized culture(s) in 0.046742 seconds
[2019.11.15-01.52.33:544][  0]LogUObjectArray: 42205 objects as part of root set at end of initial load.
[2019.11.15-01.52.33:544][  0]LogUObjectAllocator: 7325032 out of 0 bytes used by permanent object pool.
[2019.11.15-01.52.33:544][  0]LogUObjectArray: CloseDisregardForGC: 0/0 objects in disregard for GC pool
[2019.11.15-01.52.34:245][  0]LogTcpMessaging: Initializing TcpMessaging bridge
[2019.11.15-01.52.34:258][  0]LogUdpMessaging: Initializing bridge on interface 0.0.0.0:0 to multicast group 230.0.0.1:6666.
[2019.11.15-01.52.34:359][  0]SourceControl: Source control is disabled
[2019.11.15-01.52.34:359][  0]SourceControl: Source control is disabled
[2019.11.15-01.52.34:360][  0]SourceControl: Source control is disabled
[2019.11.15-01.52.34:361][  0]SourceControl: Source control is disabled
[2019.11.15-01.52.34:429][  0]LogAndroidPermission: UAndroidPermissionCallbackProxy::GetInstance
[2019.11.15-01.52.34:496][  0]LogOcInput: OculusInput pre-init called
[2019.11.15-01.52.35:086][  0]LogEngine: Initializing Engine...
[2019.11.15-01.52.35:087][  0]LogHMD: Failed to initialize OpenVR with code 110
[2019.11.15-01.52.35:088][  0]LogStats: UGameplayTagsManager::InitializeManager -  0.000 s
[2019.11.15-01.52.35:281][  0]LogInit: Initializing FReadOnlyCVARCache
[2019.11.15-01.52.35:295][  0]LogAIModule: Creating AISystem for world Untitled
[2019.11.15-01.52.35:310][  0]LogInit: XAudio2 using 'Speakers (HyperX Cloud Revolver S)' : 2 channels at 48 kHz using 16 bits per sample (channel mask 0x3)
[2019.11.15-01.52.35:343][  0]LogInit: FAudioDevice initialized.
[2019.11.15-01.52.35:343][  0]LogNetVersion: Set ProjectVersion to 1.0.0.0. Version Checksum will be recalculated on next use.
[2019.11.15-01.52.35:386][  0]LogDerivedDataCache: Saved boot cache 0.04s 71MB C:/Users/Samuel Paquette/AppData/Local/UnrealEngine/4.22/DerivedDataCache/Boot.ddc.
[2019.11.15-01.52.35:396][  0]LogInit: Texture streaming: Enabled
[2019.11.15-01.52.35:411][  0]LogEngineSessionManager: EngineSessionManager initialized
[2019.11.15-01.52.35:427][  0]LogInit: Transaction tracking system initialized
[2019.11.15-01.52.35:446][  0]BlueprintLog: New page: Editor Load
[2019.11.15-01.52.35:510][  0]LocalizationService: Localization service is disabled
[2019.11.15-01.52.35:735][  0]LogAutoReimportManager: Warning: Unable to watch directory ../../../../../../Users/Samuel Paquette/Desktop/Projet zombie unreal/ZombieCreed/Content/ as it will conflict with another watching ../../../../../../Users/Samuel Paquette/Desktop/Projet zombie unreal/ZombieCreed/Content/.
[2019.11.15-01.52.35:759][  0]LogCook: Display: Max memory allowance for cook 16384mb min free memory 0mb
[2019.11.15-01.52.35:760][  0]LogCook: Display: Mobile HDR setting 1
[2019.11.15-01.52.35:904][  0]LogFileCache: Scanning file cache for directory 'C:/Users/Samuel Paquette/Desktop/Projet zombie unreal/ZombieCreed/Content/' took 0.03s
[2019.11.15-01.52.35:904][  0]SourceControl: Source control is disabled
[2019.11.15-01.52.35:904][  0]Cmd: MAP LOAD FILE="../../../../../../Users/Samuel Paquette/Desktop/Projet zombie unreal/ZombieCreed/Content/Maps/City1.umap" TEMPLATE=0 SHOWPROGRESS=1 FEATURELEVEL=3
[2019.11.15-01.52.35:904][  0]LightingResults: New page: Lighting Build
[2019.11.15-01.52.35:906][  0]MapCheck: New page: Map Check
[2019.11.15-01.52.35:906][  0]LightingResults: New page: Lighting Build
[2019.11.15-01.52.35:932][  0]LogUObjectHash: Compacting FUObjectHashTables data took   1.29ms
[2019.11.15-01.52.38:559][  0]LogAIModule: Creating AISystem for world City1
[2019.11.15-01.52.38:599][  0]LogEditorServer: Finished looking for orphan Actors (0.000 secs)
[2019.11.15-01.52.38:629][  0]LogUObjectHash: Compacting FUObjectHashTables data took   2.16ms
[2019.11.15-01.52.38:629][  0]Cmd: MAP CHECKDEP NOCLEARLOG
[2019.11.15-01.52.38:630][  0]MapCheck: Map check complete: 0 Error(s), 0 Warning(s), took 0.137ms to complete.
[2019.11.15-01.52.38:630][  0]LogFileHelpers: Loading map 'City1' took 2.726
[2019.11.15-01.52.38:754][  0]LogSlate: Updating window title bar state: overlay mode, drag disabled, window buttons hidden, title bar hidden
[2019.11.15-01.52.38:761][  0]LogSlate: Updating window title bar state: overlay mode, drag disabled, window buttons hidden, title bar hidden
[2019.11.15-01.52.38:767][  0]LogSlate: Updating window title bar state: overlay mode, drag disabled, window buttons hidden, title bar hidden
[2019.11.15-01.52.38:773][  0]LogSlate: Updating window title bar state: overlay mode, drag disabled, window buttons hidden, title bar hidden
[2019.11.15-01.52.38:780][  0]LogCollectionManager: Loaded 0 collections in 0.001232 seconds
[2019.11.15-01.52.38:806][  0]LogFileCache: Scanning file cache for directory 'C:/Users/Samuel Paquette/Desktop/Projet zombie unreal/ZombieCreed/Saved/Collections/' took 0.01s
[2019.11.15-01.52.38:806][  0]LogFileCache: Scanning file cache for directory 'C:/Users/Samuel Paquette/Desktop/Projet zombie unreal/ZombieCreed/Content/Developers/SamuelPaquette2/Collections/' took 0.00s
[2019.11.15-01.52.38:807][  0]LogFileCache: Scanning file cache for directory 'C:/Users/Samuel Paquette/Desktop/Projet zombie unreal/ZombieCreed/Content/Collections/' took 0.01s
[2019.11.15-01.52.38:807][  0]LogCollectionManager: Rebuilt the GUID cache for 0 collections in 0.000000 seconds
[2019.11.15-01.52.38:813][  0]LogContentBrowser: Native class hierarchy populated in 0.0064 seconds. Added 2732 classes and 659 folders.
[2019.11.15-01.52.38:819][  0]LogContentBrowser: Native class hierarchy updated for 'WidgetCarousel' in 0.0002 seconds. Added 0 classes and 0 folders.
[2019.11.15-01.52.38:824][  0]LogPakFile: Registered encryption key '00000000000000000000000000000000': 0 pak files mounted, 0 remain pending
[2019.11.15-01.52.38:828][  0]LogPakFile: Registered encryption key '00000000000000000000000000000000': 0 pak files mounted, 0 remain pending
[2019.11.15-01.52.38:841][  0]LogPakFile: Registered encryption key '00000000000000000000000000000000': 0 pak files mounted, 0 remain pending
[2019.11.15-01.52.38:845][  0]LogPakFile: Registered encryption key '00000000000000000000000000000000': 0 pak files mounted, 0 remain pending
[2019.11.15-01.52.38:848][  0]LogPakFile: Registered encryption key '00000000000000000000000000000000': 0 pak files mounted, 0 remain pending
[2019.11.15-01.52.38:853][  0]LogPakFile: Registered encryption key '00000000000000000000000000000000': 0 pak files mounted, 0 remain pending
[2019.11.15-01.52.38:856][  0]LogPakFile: Registered encryption key '00000000000000000000000000000000': 0 pak files mounted, 0 remain pending
[2019.11.15-01.52.38:859][  0]LogPakFile: Registered encryption key '00000000000000000000000000000000': 0 pak files mounted, 0 remain pending
[2019.11.15-01.52.38:863][  0]LogPakFile: Registered encryption key '00000000000000000000000000000000': 0 pak files mounted, 0 remain pending
[2019.11.15-01.52.38:868][  0]LogPakFile: Registered encryption key '00000000000000000000000000000000': 0 pak files mounted, 0 remain pending
[2019.11.15-01.52.38:871][  0]LogPakFile: Registered encryption key '00000000000000000000000000000000': 0 pak files mounted, 0 remain pending
[2019.11.15-01.52.38:875][  0]LogPakFile: Registered encryption key '00000000000000000000000000000000': 0 pak files mounted, 0 remain pending
[2019.11.15-01.52.38:878][  0]LogPakFile: Registered encryption key '00000000000000000000000000000000': 0 pak files mounted, 0 remain pending
[2019.11.15-01.52.38:883][  0]LogPakFile: Registered encryption key '00000000000000000000000000000000': 0 pak files mounted, 0 remain pending
[2019.11.15-01.52.38:886][  0]LogPakFile: Registered encryption key '00000000000000000000000000000000': 0 pak files mounted, 0 remain pending
[2019.11.15-01.52.38:890][  0]LogPakFile: Registered encryption key '00000000000000000000000000000000': 0 pak files mounted, 0 remain pending
[2019.11.15-01.52.38:915][  0]LogPakFile: Registered encryption key '00000000000000000000000000000000': 0 pak files mounted, 0 remain pending
[2019.11.15-01.52.38:920][  0]LogPakFile: Registered encryption key '00000000000000000000000000000000': 0 pak files mounted, 0 remain pending
[2019.11.15-01.52.38:924][  0]LogPakFile: Registered encryption key '00000000000000000000000000000000': 0 pak files mounted, 0 remain pending
[2019.11.15-01.52.38:927][  0]LogPakFile: Registered encryption key '00000000000000000000000000000000': 0 pak files mounted, 0 remain pending
[2019.11.15-01.52.38:931][  0]LogPakFile: Registered encryption key '00000000000000000000000000000000': 0 pak files mounted, 0 remain pending
[2019.11.15-01.52.38:935][  0]LogPakFile: Registered encryption key '00000000000000000000000000000000': 0 pak files mounted, 0 remain pending
[2019.11.15-01.52.38:939][  0]LogPakFile: Registered encryption key '00000000000000000000000000000000': 0 pak files mounted, 0 remain pending
[2019.11.15-01.52.38:943][  0]LogPakFile: Registered encryption key '00000000000000000000000000000000': 0 pak files mounted, 0 remain pending
[2019.11.15-01.52.38:946][  0]LogPakFile: Registered encryption key '00000000000000000000000000000000': 0 pak files mounted, 0 remain pending
[2019.11.15-01.52.38:949][  0]LogPakFile: Registered encryption key '00000000000000000000000000000000': 0 pak files mounted, 0 remain pending
[2019.11.15-01.52.39:054][  0]LogContentBrowser: Native class hierarchy updated for 'AddContentDialog' in 0.0002 seconds. Added 0 classes and 0 folders.
[2019.11.15-01.52.39:059][  0]LogContentBrowser: Native class hierarchy updated for 'SceneOutliner' in 0.0002 seconds. Added 1 classes and 2 folders.
[2019.11.15-01.52.39:126][  0]LogSlate: Took 0.000187 seconds to synchronously load lazily loaded font '../../../Engine/Content/Slate/Fonts/Roboto-Regular.ttf' (155K)
[2019.11.15-01.52.39:127][  0]LogSlate: Took 0.000098 seconds to synchronously load lazily loaded font '../../../Engine/Content/Slate/Fonts/Roboto-Bold.ttf' (160K)
[2019.11.15-01.52.39:135][  0]LogSlate: Took 0.004924 seconds to synchronously load lazily loaded font '../../../Engine/Content/Editor/Slate/Fonts/FontAwesome.ttf' (139K)
[2019.11.15-01.52.39:236][  0]LogRenderer: Reallocating scene render targets to support 1208x572 Format 10 NumSamples 1 (Frame:1).
[2019.11.15-01.52.39:363][  0]LogContentBrowser: Native class hierarchy updated for 'HierarchicalLODOutliner' in 0.0002 seconds. Added 0 classes and 0 folders.
[2019.11.15-01.52.39:364][  0]LogLoad: (Engine Initialization) Total time: 10.06 seconds
[2019.11.15-01.52.39:364][  0]LogLoad: (Engine Initialization) Total Blueprint compile time: 0.00 seconds
[2019.11.15-01.52.39:415][  0]LogAssetRegistry: Asset discovery search completed in 6.7611 seconds
[2019.11.15-01.52.39:418][  0]LogCollectionManager: Rebuilt the object cache for 0 collections in 0.000000 seconds (found 0 objects)
[2019.11.15-01.52.39:418][  0]LogCollectionManager: Fixed up redirectors for 0 collections in 0.000069 seconds (updated 0 objects)
[2019.11.15-01.52.39:420][  0]LogContentStreaming: Texture pool size now 1000 MB
[2019.11.15-01.52.39:460][  0]LogSlate: Took 0.003615 seconds to synchronously load lazily loaded font '../../../Engine/Content/Slate/Fonts/Roboto-Light.ttf' (167K)
[2019.11.15-01.52.43:382][442]LogSlate: FSceneViewport::OnFocusLost() reason 0
[2019.11.15-01.52.43:440][449]LogTemp: Repeating last play command: New Editor Window (PIE)
[2019.11.15-01.52.43:457][449]LogBlueprintUserMessages: Early PlayInEditor Detection: Level '/Game/Maps/City1.City1:PersistentLevel' has LevelScriptBlueprint '/Game/Maps/City1.City1:PersistentLevel.City1' with GeneratedClass '/Game/Maps/City1.City1_C' with ClassGeneratedBy '/Game/Maps/City1.City1:PersistentLevel.City1'
[2019.11.15-01.52.43:458][449]LogPlayLevel: PlayLevel: No blueprints needed recompiling
[2019.11.15-01.52.43:458][449]PIE: New page: PIE session: City1 (Nov 14, 2019, 3:52:43 PM)
[2019.11.15-01.52.43:470][449]LogPlayLevel: Creating play world package: /Game/Maps/UEDPIE_0_City1
[2019.11.15-01.52.43:533][449]LogPlayLevel: PIE: StaticDuplicateObject took: (0.062750s)
[2019.11.15-01.52.43:534][449]LogAIModule: Creating AISystem for world City1
[2019.11.15-01.52.43:534][449]LogPlayLevel: PIE: World Init took: (0.000712s)
[2019.11.15-01.52.43:534][449]LogPlayLevel: PIE: Created PIE world by copying editor world from /Game/Maps/City1.City1 to /Game/Maps/UEDPIE_0_City1.City1 (0.063770s)
[2019.11.15-01.52.43:558][449]LogUObjectHash: Compacting FUObjectHashTables data took   1.02ms
[2019.11.15-01.52.43:570][449]LogInit: XAudio2 using 'Speakers (HyperX Cloud Revolver S)' : 2 channels at 48 kHz using 16 bits per sample (channel mask 0x3)
[2019.11.15-01.52.43:577][449]LogInit: FAudioDevice initialized.
[2019.11.15-01.52.43:584][449]LogSlate: Updating window title bar state: overlay mode, drag disabled, window buttons hidden, title bar hidden
[2019.11.15-01.52.43:641][449]LogLoad: Game class is 'ThirdPersonGameMode_C'
[2019.11.15-01.52.43:649][449]LogWorld: Bringing World /Game/Maps/UEDPIE_0_City1.City1 up for play (max tick rate 0) at 2019.11.14-20.52.43
[2019.11.15-01.52.43:650][449]LogWorld: Bringing up level for play took: 0.007716
[2019.11.15-01.52.43:667][449]LogContentBrowser: Native class hierarchy updated for 'MovieSceneCapture' in 0.0004 seconds. Added 20 classes and 0 folders.
[2019.11.15-01.52.43:673][449]PIE: Play in editor start time for /Game/Maps/UEDPIE_0_City1 -0.085
[2019.11.15-01.52.43:673][449]LogBlueprintUserMessages: Late PlayInEditor Detection: Level '/Game/Maps/City1.City1:PersistentLevel' has LevelScriptBlueprint '/Game/Maps/City1.City1:PersistentLevel.City1' with GeneratedClass '/Game/Maps/City1.City1_C' with ClassGeneratedBy '/Game/Maps/City1.City1:PersistentLevel.City1'
[2019.11.15-01.52.43:723][450]LogRenderer: Reallocating scene render targets to support 1272x688 Format 10 NumSamples 1 (Frame:1).
[2019.11.15-01.52.44:490][537]LogFileCache: Retrieving MD5 hashes for directory 'C:/Users/Samuel Paquette/Desktop/Projet zombie unreal/ZombieCreed/Content/' took 5.10s
[2019.11.15-01.53.31:458][ 90]LogNet: Browse: /Game/Maps/City1
[2019.11.15-01.53.31:459][ 90]LogLoad: LoadMap: /Game/Maps/City1
[2019.11.15-01.53.31:493][ 90]LogUObjectHash: Compacting FUObjectHashTables data took   1.60ms
[2019.11.15-01.53.31:494][ 90]LogPlayLevel: Creating play world package: /Game/Maps/UEDPIE_0_City1
[2019.11.15-01.53.31:546][ 90]LogPlayLevel: PIE: StaticDuplicateObject took: (0.051707s)
[2019.11.15-01.53.31:546][ 90]LogAIModule: Creating AISystem for world City1
[2019.11.15-01.53.31:546][ 90]LogPlayLevel: PIE: World Init took: (0.000444s)
[2019.11.15-01.53.31:546][ 90]LogPlayLevel: PIE: Created PIE world by copying editor world from /Game/Maps/City1.City1 to /Game/Maps/UEDPIE_0_City1.City1 (0.052404s)
[2019.11.15-01.53.31:546][ 90]LogLoad: Game class is 'ThirdPersonGameMode_C'
[2019.11.15-01.53.31:552][ 90]LogWorld: Bringing World /Game/Maps/UEDPIE_0_City1.City1 up for play (max tick rate 0) at 2019.11.14-20.53.31
[2019.11.15-01.53.31:553][ 90]LogWorld: Bringing up level for play took: 0.005795
[2019.11.15-01.53.31:555][ 90]LogLoad: Took 0.096441 seconds to LoadMap(/Game/Maps/UEDPIE_0_City1)
[2019.11.15-01.55.08:430][635]LogCharacterMovement: Player_BP_C_0 is stuck and failed to move! Velocity: X=8.51 Y=-14.79 Z=0.00 Location: X=1322.12 Y=6738.00 Z=137.88 Normal: X=-0.00 Y=0.00 Z=-1.00 PenetrationDepth:0.000 Actor:Box_Brush8_StaticMesh Component:StaticMeshComponent0 BoneName:None (0 other events since notify)
[2019.11.15-01.55.16:315][568]LogBlueprintUserMessages: Early EndPlayMap Detection: Level '/Game/Maps/City1.City1:PersistentLevel' has LevelScriptBlueprint '/Game/Maps/City1.City1:PersistentLevel.City1' with GeneratedClass '/Game/Maps/City1.City1_C' with ClassGeneratedBy '/Game/Maps/City1.City1:PersistentLevel.City1'
[2019.11.15-01.55.16:315][568]LogSlate: Updating window title bar state: overlay mode, drag disabled, window buttons hidden, title bar hidden
[2019.11.15-01.55.16:334][568]LogSlate: Window 'ZombieCreed Game Preview Standalone (64-bit/PCD3D_SM5)' being destroyed
[2019.11.15-01.55.16:372][568]LogPlayLevel: Display: Shutting down PIE online subsystems
[2019.11.15-01.55.16:373][568]LogBlueprintUserMessages: Late EndPlayMap Detection: Level '/Game/Maps/City1.City1:PersistentLevel' has LevelScriptBlueprint '/Game/Maps/City1.City1:PersistentLevel.City1' with GeneratedClass '/Game/Maps/City1.City1_C' with ClassGeneratedBy '/Game/Maps/City1.City1:PersistentLevel.City1'
[2019.11.15-01.55.16:413][568]LogUObjectHash: Compacting FUObjectHashTables data took   1.80ms
[2019.11.15-01.55.16:430][569]LogPlayLevel: Display: Destroying online subsystem :Context_2
[2019.11.15-01.55.17:536][700]LogTemp: Repeating last play command: New Editor Window (PIE)
[2019.11.15-01.55.17:558][700]LogBlueprintUserMessages: Early PlayInEditor Detection: Level '/Game/Maps/City1.City1:PersistentLevel' has LevelScriptBlueprint '/Game/Maps/City1.City1:PersistentLevel.City1' with GeneratedClass '/Game/Maps/City1.City1_C' with ClassGeneratedBy '/Game/Maps/City1.City1:PersistentLevel.City1'
[2019.11.15-01.55.17:558][700]LogPlayLevel: PlayLevel: No blueprints needed recompiling
[2019.11.15-01.55.17:558][700]PIE: New page: PIE session: City1 (Nov 14, 2019, 3:55:17 PM)
[2019.11.15-01.55.17:558][700]LogPlayLevel: Creating play world package: /Game/Maps/UEDPIE_0_City1
[2019.11.15-01.55.17:610][700]LogPlayLevel: PIE: StaticDuplicateObject took: (0.051926s)
[2019.11.15-01.55.17:611][700]LogAIModule: Creating AISystem for world City1
[2019.11.15-01.55.17:611][700]LogPlayLevel: PIE: World Init took: (0.000473s)
[2019.11.15-01.55.17:611][700]LogPlayLevel: PIE: Created PIE world by copying editor world from /Game/Maps/City1.City1 to /Game/Maps/UEDPIE_0_City1.City1 (0.052522s)
[2019.11.15-01.55.17:634][700]LogUObjectHash: Compacting FUObjectHashTables data took   1.01ms
[2019.11.15-01.55.17:647][700]LogInit: XAudio2 using 'Speakers (HyperX Cloud Revolver S)' : 2 channels at 48 kHz using 16 bits per sample (channel mask 0x3)
[2019.11.15-01.55.17:658][700]LogInit: FAudioDevice initialized.
[2019.11.15-01.55.17:664][700]LogSlate: Updating window title bar state: overlay mode, drag disabled, window buttons hidden, title bar hidden
[2019.11.15-01.55.17:694][700]LogLoad: Game class is 'ThirdPersonGameMode_C'
[2019.11.15-01.55.17:700][700]LogWorld: Bringing World /Game/Maps/UEDPIE_0_City1.City1 up for play (max tick rate 0) at 2019.11.14-20.55.17
[2019.11.15-01.55.17:701][700]LogWorld: Bringing up level for play took: 0.006572
[2019.11.15-01.55.17:716][700]PIE: Play in editor start time for /Game/Maps/UEDPIE_0_City1 -0.041
[2019.11.15-01.55.17:717][700]LogBlueprintUserMessages: Late PlayInEditor Detection: Level '/Game/Maps/City1.City1:PersistentLevel' has LevelScriptBlueprint '/Game/Maps/City1.City1:PersistentLevel.City1' with GeneratedClass '/Game/Maps/City1.City1_C' with ClassGeneratedBy '/Game/Maps/City1.City1:PersistentLevel.City1'
[2019.11.15-01.56.39:136][412]LogBlueprintUserMessages: Early EndPlayMap Detection: Level '/Game/Maps/City1.City1:PersistentLevel' has LevelScriptBlueprint '/Game/Maps/City1.City1:PersistentLevel.City1' with GeneratedClass '/Game/Maps/City1.City1_C' with ClassGeneratedBy '/Game/Maps/City1.City1:PersistentLevel.City1'
[2019.11.15-01.56.39:136][412]LogSlate: Updating window title bar state: overlay mode, drag disabled, window buttons hidden, title bar hidden
[2019.11.15-01.56.39:154][412]LogSlate: Window 'ZombieCreed Game Preview Standalone (64-bit/PCD3D_SM5)' being destroyed
[2019.11.15-01.56.39:194][412]LogPlayLevel: Display: Shutting down PIE online subsystems
[2019.11.15-01.56.39:194][412]LogBlueprintUserMessages: Late EndPlayMap Detection: Level '/Game/Maps/City1.City1:PersistentLevel' has LevelScriptBlueprint '/Game/Maps/City1.City1:PersistentLevel.City1' with GeneratedClass '/Game/Maps/City1.City1_C' with ClassGeneratedBy '/Game/Maps/City1.City1:PersistentLevel.City1'
[2019.11.15-01.56.39:233][412]LogUObjectHash: Compacting FUObjectHashTables data took   1.23ms
[2019.11.15-01.56.39:247][413]LogPlayLevel: Display: Destroying online subsystem :Context_3
[2019.11.15-01.56.46:919][278]LogSlate: Took 0.000144 seconds to synchronously load lazily loaded font '../../../Engine/Content/Slate/Fonts/Roboto-Light.ttf' (167K)
[2019.11.15-01.56.46:928][278]LogAssetEditorManager: Opening Asset editor for Blueprint /Game/ZombieCreed_Game/Characters/Player_Character/Player_BP.Player_BP
[2019.11.15-01.56.47:218][278]LogContentBrowser: Native class hierarchy updated for 'BlueprintGraph' in 0.0004 seconds. Added 121 classes and 0 folders.
[2019.11.15-01.56.48:009][278]LogSlate: Took 0.004331 seconds to synchronously load lazily loaded font '../../../Engine/Content/Slate/Fonts/Roboto-BoldCondensed.ttf' (158K)
[2019.11.15-01.56.49:264][382]LogSlate: Took 0.003633 seconds to synchronously load lazily loaded font '../../../Engine/Content/Slate/Fonts/Roboto-Italic.ttf' (157K)
[2019.11.15-01.58.30:588][486]LogSavePackage: Moving '../../../../../../Users/Samuel Paquette/Desktop/Projet zombie unreal/ZombieCreed/Saved/Player_BPCEB7E91D4268081BD9C61BBAA099D8FA.tmp' to '../../../../../../Users/Samuel Paquette/Desktop/Projet zombie unreal/ZombieCreed/Content/ZombieCreed_Game/Characters/Player_Character/Player_BP.uasset'
[2019.11.15-01.58.32:952][673]BlueprintLog: New page: Compile Player_BP
[2019.11.15-01.58.33:193][673]LogUObjectHash: Compacting FUObjectHashTables data took   3.04ms
[2019.11.15-01.58.33:851][704]LogTemp: Repeating last play command: New Editor Window (PIE)
[2019.11.15-01.58.33:874][704]LogBlueprintUserMessages: Early PlayInEditor Detection: Level '/Game/Maps/City1.City1:PersistentLevel' has LevelScriptBlueprint '/Game/Maps/City1.City1:PersistentLevel.City1' with GeneratedClass '/Game/Maps/City1.City1_C' with ClassGeneratedBy '/Game/Maps/City1.City1:PersistentLevel.City1'
[2019.11.15-01.58.33:874][704]LogPlayLevel: PlayLevel: No blueprints needed recompiling
[2019.11.15-01.58.33:874][704]PIE: New page: PIE session: City1 (Nov 14, 2019, 3:58:33 PM)
[2019.11.15-01.58.33:874][704]LogPlayLevel: Creating play world package: /Game/Maps/UEDPIE_0_City1
[2019.11.15-01.58.33:930][704]LogPlayLevel: PIE: StaticDuplicateObject took: (0.055691s)
[2019.11.15-01.58.33:931][704]LogAIModule: Creating AISystem for world City1
[2019.11.15-01.58.33:931][704]LogPlayLevel: PIE: World Init took: (0.000660s)
[2019.11.15-01.58.33:931][704]LogPlayLevel: PIE: Created PIE world by copying editor world from /Game/Maps/City1.City1 to /Game/Maps/UEDPIE_0_City1.City1 (0.056561s)
[2019.11.15-01.58.33:967][704]LogUObjectHash: Compacting FUObjectHashTables data took   3.83ms
[2019.11.15-01.58.33:980][704]LogInit: XAudio2 using 'Speakers (HyperX Cloud Revolver S)' : 2 channels at 48 kHz using 16 bits per sample (channel mask 0x3)
[2019.11.15-01.58.33:988][704]LogInit: FAudioDevice initialized.
[2019.11.15-01.58.33:994][704]LogSlate: Updating window title bar state: overlay mode, drag disabled, window buttons hidden, title bar hidden
[2019.11.15-01.58.34:024][704]LogLoad: Game class is 'ThirdPersonGameMode_C'
[2019.11.15-01.58.34:034][704]LogWorld: Bringing World /Game/Maps/UEDPIE_0_City1.City1 up for play (max tick rate 0) at 2019.11.14-20.58.34
[2019.11.15-01.58.34:036][704]LogWorld: Bringing up level for play took: 0.010353
[2019.11.15-01.58.34:060][704]PIE: Play in editor start time for /Game/Maps/UEDPIE_0_City1 0.302
[2019.11.15-01.58.34:060][704]LogBlueprintUserMessages: Late PlayInEditor Detection: Level '/Game/Maps/City1.City1:PersistentLevel' has LevelScriptBlueprint '/Game/Maps/City1.City1:PersistentLevel.City1' with GeneratedClass '/Game/Maps/City1.City1_C' with ClassGeneratedBy '/Game/Maps/City1.City1:PersistentLevel.City1'
[2019.11.15-01.59.31:156][610]LogBlueprintUserMessages: Early EndPlayMap Detection: Level '/Game/Maps/City1.City1:PersistentLevel' has LevelScriptBlueprint '/Game/Maps/City1.City1:PersistentLevel.City1' with GeneratedClass '/Game/Maps/City1.City1_C' with ClassGeneratedBy '/Game/Maps/City1.City1:PersistentLevel.City1'
[2019.11.15-01.59.31:156][610]LogSlate: Updating window title bar state: overlay mode, drag disabled, window buttons hidden, title bar hidden
[2019.11.15-01.59.31:173][610]LogSlate: Window 'ZombieCreed Game Preview Standalone (64-bit/PCD3D_SM5)' being destroyed
[2019.11.15-01.59.31:211][610]LogPlayLevel: Display: Shutting down PIE online subsystems
[2019.11.15-01.59.31:211][610]LogBlueprintUserMessages: Late EndPlayMap Detection: Level '/Game/Maps/City1.City1:PersistentLevel' has LevelScriptBlueprint '/Game/Maps/City1.City1:PersistentLevel.City1' with GeneratedClass '/Game/Maps/City1.City1_C' with ClassGeneratedBy '/Game/Maps/City1.City1:PersistentLevel.City1'
[2019.11.15-01.59.31:257][610]LogUObjectHash: Compacting FUObjectHashTables data took   2.59ms
[2019.11.15-01.59.31:288][611]LogPlayLevel: Display: Destroying online subsystem :Context_7
[2019.11.15-01.59.32:433][696]LogTemp: Repeating last play command: New Editor Window (PIE)
[2019.11.15-01.59.32:456][696]LogBlueprintUserMessages: Early PlayInEditor Detection: Level '/Game/Maps/City1.City1:PersistentLevel' has LevelScriptBlueprint '/Game/Maps/City1.City1:PersistentLevel.City1' with GeneratedClass '/Game/Maps/City1.City1_C' with ClassGeneratedBy '/Game/Maps/City1.City1:PersistentLevel.City1'
[2019.11.15-01.59.32:456][696]LogPlayLevel: PlayLevel: No blueprints needed recompiling
[2019.11.15-01.59.32:456][696]PIE: New page: PIE session: City1 (Nov 14, 2019, 3:59:32 PM)
[2019.11.15-01.59.32:456][696]LogPlayLevel: Creating play world package: /Game/Maps/UEDPIE_0_City1
[2019.11.15-01.59.32:511][696]LogPlayLevel: PIE: StaticDuplicateObject took: (0.054869s)
[2019.11.15-01.59.32:512][696]LogAIModule: Creating AISystem for world City1
[2019.11.15-01.59.32:512][696]LogPlayLevel: PIE: World Init took: (0.000455s)
[2019.11.15-01.59.32:512][696]LogPlayLevel: PIE: Created PIE world by copying editor world from /Game/Maps/City1.City1 to /Game/Maps/UEDPIE_0_City1.City1 (0.055460s)
[2019.11.15-01.59.32:539][696]LogUObjectHash: Compacting FUObjectHashTables data took   1.51ms
[2019.11.15-01.59.32:548][696]LogInit: XAudio2 using 'Speakers (HyperX Cloud Revolver S)' : 2 channels at 48 kHz using 16 bits per sample (channel mask 0x3)
[2019.11.15-01.59.32:555][696]LogInit: FAudioDevice initialized.
[2019.11.15-01.59.32:561][696]LogSlate: Updating window title bar state: overlay mode, drag disabled, window buttons hidden, title bar hidden
[2019.11.15-01.59.32:593][696]LogLoad: Game class is 'ThirdPersonGameMode_C'
[2019.11.15-01.59.32:599][696]LogWorld: Bringing World /Game/Maps/UEDPIE_0_City1.City1 up for play (max tick rate 0) at 2019.11.14-20.59.32
[2019.11.15-01.59.32:600][696]LogWorld: Bringing up level for play took: 0.006293
[2019.11.15-01.59.32:623][696]PIE: Play in editor start time for /Game/Maps/UEDPIE_0_City1 0.865
[2019.11.15-01.59.32:623][696]LogBlueprintUserMessages: Late PlayInEditor Detection: Level '/Game/Maps/City1.City1:PersistentLevel' has LevelScriptBlueprint '/Game/Maps/City1.City1:PersistentLevel.City1' with GeneratedClass '/Game/Maps/City1.City1_C' with ClassGeneratedBy '/Game/Maps/City1.City1:PersistentLevel.City1'
[2019.11.15-02.01.19:263][  2]LogBlueprintUserMessages: Early EndPlayMap Detection: Level '/Game/Maps/City1.City1:PersistentLevel' has LevelScriptBlueprint '/Game/Maps/City1.City1:PersistentLevel.City1' with GeneratedClass '/Game/Maps/City1.City1_C' with ClassGeneratedBy '/Game/Maps/City1.City1:PersistentLevel.City1'
[2019.11.15-02.01.19:264][  2]LogSlate: Updating window title bar state: overlay mode, drag disabled, window buttons hidden, title bar hidden
[2019.11.15-02.01.19:281][  2]LogSlate: Window 'ZombieCreed Game Preview Standalone (64-bit/PCD3D_SM5)' being destroyed
[2019.11.15-02.01.19:319][  2]LogPlayLevel: Display: Shutting down PIE online subsystems
[2019.11.15-02.01.19:319][  2]LogBlueprintUserMessages: Late EndPlayMap Detection: Level '/Game/Maps/City1.City1:PersistentLevel' has LevelScriptBlueprint '/Game/Maps/City1.City1:PersistentLevel.City1' with GeneratedClass '/Game/Maps/City1.City1_C' with ClassGeneratedBy '/Game/Maps/City1.City1:PersistentLevel.City1'
[2019.11.15-02.01.19:359][  2]LogUObjectHash: Compacting FUObjectHashTables data took   1.55ms
[2019.11.15-02.01.19:392][  3]LogPlayLevel: Display: Destroying online subsystem :Context_8
[2019.11.15-02.01.42:823][100]Cmd: TRANSACTION UNDO
[2019.11.15-02.01.42:823][100]LogEditorTransaction: Undo Delete current selection
[2019.11.15-02.01.43:215][109]LogEditorTransaction: Undo Move Node
[2019.11.15-02.01.59:401][499]LogSavePackage: Moving '../../../../../../Users/Samuel Paquette/Desktop/Projet zombie unreal/ZombieCreed/Saved/Player_BP84666B8043A1E73E3108FF9E7102656D.tmp' to '../../../../../../Users/Samuel Paquette/Desktop/Projet zombie unreal/ZombieCreed/Content/ZombieCreed_Game/Characters/Player_Character/Player_BP.uasset'
[2019.11.15-02.01.59:872][535]BlueprintLog: New page: Compile Player_BP
[2019.11.15-02.02.00:099][535]LogUObjectHash: Compacting FUObjectHashTables data took   2.86ms
[2019.11.15-02.02.00:826][579]LogTemp: Repeating last play command: New Editor Window (PIE)
[2019.11.15-02.02.00:851][579]LogBlueprintUserMessages: Early PlayInEditor Detection: Level '/Game/Maps/City1.City1:PersistentLevel' has LevelScriptBlueprint '/Game/Maps/City1.City1:PersistentLevel.City1' with GeneratedClass '/Game/Maps/City1.City1_C' with ClassGeneratedBy '/Game/Maps/City1.City1:PersistentLevel.City1'
[2019.11.15-02.02.00:851][579]LogPlayLevel: PlayLevel: No blueprints needed recompiling
[2019.11.15-02.02.00:851][579]PIE: New page: PIE session: City1 (Nov 14, 2019, 4:02:00 PM)
[2019.11.15-02.02.00:851][579]LogPlayLevel: Creating play world package: /Game/Maps/UEDPIE_0_City1
[2019.11.15-02.02.00:909][579]LogPlayLevel: PIE: StaticDuplicateObject took: (0.057356s)
[2019.11.15-02.02.00:909][579]LogAIModule: Creating AISystem for world City1
[2019.11.15-02.02.00:909][579]LogPlayLevel: PIE: World Init took: (0.000697s)
[2019.11.15-02.02.00:910][579]LogPlayLevel: PIE: Created PIE world by copying editor world from /Game/Maps/City1.City1 to /Game/Maps/UEDPIE_0_City1.City1 (0.058296s)
[2019.11.15-02.02.00:943][579]LogUObjectHash: Compacting FUObjectHashTables data took   2.64ms
[2019.11.15-02.02.00:952][579]LogInit: XAudio2 using 'Speakers (HyperX Cloud Revolver S)' : 2 channels at 48 kHz using 16 bits per sample (channel mask 0x3)
[2019.11.15-02.02.00:959][579]LogInit: FAudioDevice initialized.
[2019.11.15-02.02.00:964][579]LogSlate: Updating window title bar state: overlay mode, drag disabled, window buttons hidden, title bar hidden
[2019.11.15-02.02.00:996][579]LogLoad: Game class is 'ThirdPersonGameMode_C'
[2019.11.15-02.02.01:002][579]LogWorld: Bringing World /Game/Maps/UEDPIE_0_City1.City1 up for play (max tick rate 0) at 2019.11.14-21.02.01
[2019.11.15-02.02.01:003][579]LogWorld: Bringing up level for play took: 0.006035
[2019.11.15-02.02.01:029][579]PIE: Play in editor start time for /Game/Maps/UEDPIE_0_City1 -0.729
[2019.11.15-02.02.01:029][579]LogBlueprintUserMessages: Late PlayInEditor Detection: Level '/Game/Maps/City1.City1:PersistentLevel' has LevelScriptBlueprint '/Game/Maps/City1.City1:PersistentLevel.City1' with GeneratedClass '/Game/Maps/City1.City1_C' with ClassGeneratedBy '/Game/Maps/City1.City1:PersistentLevel.City1'
[2019.11.15-02.03.18:400][500]LogBlueprintUserMessages: Early EndPlayMap Detection: Level '/Game/Maps/City1.City1:PersistentLevel' has LevelScriptBlueprint '/Game/Maps/City1.City1:PersistentLevel.City1' with GeneratedClass '/Game/Maps/City1.City1_C' with ClassGeneratedBy '/Game/Maps/City1.City1:PersistentLevel.City1'
[2019.11.15-02.03.18:400][500]LogSlate: Updating window title bar state: overlay mode, drag disabled, window buttons hidden, title bar hidden
[2019.11.15-02.03.18:418][500]LogSlate: Window 'ZombieCreed Game Preview Standalone (64-bit/PCD3D_SM5)' being destroyed
[2019.11.15-02.03.18:456][500]LogPlayLevel: Display: Shutting down PIE online subsystems
[2019.11.15-02.03.18:456][500]LogBlueprintUserMessages: Late EndPlayMap Detection: Level '/Game/Maps/City1.City1:PersistentLevel' has LevelScriptBlueprint '/Game/Maps/City1.City1:PersistentLevel.City1' with GeneratedClass '/Game/Maps/City1.City1_C' with ClassGeneratedBy '/Game/Maps/City1.City1:PersistentLevel.City1'
[2019.11.15-02.03.18:497][500]LogUObjectHash: Compacting FUObjectHashTables data took   1.90ms
[2019.11.15-02.03.18:525][501]LogPlayLevel: Display: Destroying online subsystem :Context_9
[2019.11.15-02.03.20:307][631]LogSavePackage: Moving '../../../../../../Users/Samuel Paquette/Desktop/Projet zombie unreal/ZombieCreed/Saved/Player_BP1D1620044DC08EA4CEA399983032297E.tmp' to '../../../../../../Users/Samuel Paquette/Desktop/Projet zombie unreal/ZombieCreed/Content/ZombieCreed_Game/Characters/Player_Character/Player_BP.uasset'
[2019.11.15-02.04.31:665][859]LogSavePackage: Moving '../../../../../../Users/Samuel Paquette/Desktop/Projet zombie unreal/ZombieCreed/Saved/Player_BP683A61974E7214E469D81990C08DC610.tmp' to '../../../../../../Users/Samuel Paquette/Desktop/Projet zombie unreal/ZombieCreed/Content/ZombieCreed_Game/Characters/Player_Character/Player_BP.uasset'
[2019.11.15-02.04.41:895][543]LogSavePackage: Moving '../../../../../../Users/Samuel Paquette/Desktop/Projet zombie unreal/ZombieCreed/Saved/Player_BP7D1BF8A943C8D633FCCD70AFB70B7ED1.tmp' to '../../../../../../Users/Samuel Paquette/Desktop/Projet zombie unreal/ZombieCreed/Content/ZombieCreed_Game/Characters/Player_Character/Player_BP.uasset'
[2019.11.15-02.04.53:330][478]LogSavePackage: Moving '../../../../../../Users/Samuel Paquette/Desktop/Projet zombie unreal/ZombieCreed/Saved/Player_BPFD681ECA4FEFA40662FDCD93DB8F05D6.tmp' to '../../../../../../Users/Samuel Paquette/Desktop/Projet zombie unreal/ZombieCreed/Content/ZombieCreed_Game/Characters/Player_Character/Player_BP.uasset'
[2019.11.15-02.04.58:401][917]LogSavePackage: Moving '../../../../../../Users/Samuel Paquette/Desktop/Projet zombie unreal/ZombieCreed/Saved/Player_BP218EC7414AD9563704C661B06A2694E1.tmp' to '../../../../../../Users/Samuel Paquette/Desktop/Projet zombie unreal/ZombieCreed/Content/ZombieCreed_Game/Characters/Player_Character/Player_BP.uasset'
[2019.11.15-02.05.08:692][843]LogSavePackage: Moving '../../../../../../Users/Samuel Paquette/Desktop/Projet zombie unreal/ZombieCreed/Saved/Player_BP347FDE4D4B073BC80D8E63A9F91F5E31.tmp' to '../../../../../../Users/Samuel Paquette/Desktop/Projet zombie unreal/ZombieCreed/Content/ZombieCreed_Game/Characters/Player_Character/Player_BP.uasset'
[2019.11.15-02.05.15:436][529]LogSavePackage: Moving '../../../../../../Users/Samuel Paquette/Desktop/Projet zombie unreal/ZombieCreed/Saved/Player_BP0B868AE84E662E76C7CA65AF7E87F453.tmp' to '../../../../../../Users/Samuel Paquette/Desktop/Projet zombie unreal/ZombieCreed/Content/ZombieCreed_Game/Characters/Player_Character/Player_BP.uasset'
[2019.11.15-02.05.22:333][122]LogSavePackage: Moving '../../../../../../Users/Samuel Paquette/Desktop/Projet zombie unreal/ZombieCreed/Saved/Player_BP67784D9F46F66D3FAD336B8207F595C2.tmp' to '../../../../../../Users/Samuel Paquette/Desktop/Projet zombie unreal/ZombieCreed/Content/ZombieCreed_Game/Characters/Player_Character/Player_BP.uasset'
[2019.11.15-02.05.23:307][196]BlueprintLog: New page: Compile Player_BP
[2019.11.15-02.05.23:528][196]LogUObjectHash: Compacting FUObjectHashTables data took   2.54ms
[2019.11.15-02.05.24:150][228]LogTemp: Repeating last play command: New Editor Window (PIE)
[2019.11.15-02.05.24:172][228]LogBlueprintUserMessages: Early PlayInEditor Detection: Level '/Game/Maps/City1.City1:PersistentLevel' has LevelScriptBlueprint '/Game/Maps/City1.City1:PersistentLevel.City1' with GeneratedClass '/Game/Maps/City1.City1_C' with ClassGeneratedBy '/Game/Maps/City1.City1:PersistentLevel.City1'
[2019.11.15-02.05.24:172][228]LogPlayLevel: PlayLevel: No blueprints needed recompiling
[2019.11.15-02.05.24:172][228]PIE: New page: PIE session: City1 (Nov 14, 2019, 4:05:24 PM)
[2019.11.15-02.05.24:172][228]LogPlayLevel: Creating play world package: /Game/Maps/UEDPIE_0_City1
[2019.11.15-02.05.24:226][228]LogPlayLevel: PIE: StaticDuplicateObject took: (0.053724s)
[2019.11.15-02.05.24:227][228]LogAIModule: Creating AISystem for world City1
[2019.11.15-02.05.24:227][228]LogPlayLevel: PIE: World Init took: (0.000498s)
[2019.11.15-02.05.24:227][228]LogPlayLevel: PIE: Created PIE world by copying editor world from /Game/Maps/City1.City1 to /Game/Maps/UEDPIE_0_City1.City1 (0.054345s)
[2019.11.15-02.05.24:259][228]LogUObjectHash: Compacting FUObjectHashTables data took   2.59ms
[2019.11.15-02.05.24:268][228]LogInit: XAudio2 using 'Speakers (HyperX Cloud Revolver S)' : 2 channels at 48 kHz using 16 bits per sample (channel mask 0x3)
[2019.11.15-02.05.24:276][228]LogInit: FAudioDevice initialized.
[2019.11.15-02.05.24:282][228]LogSlate: Updating window title bar state: overlay mode, drag disabled, window buttons hidden, title bar hidden
[2019.11.15-02.05.24:312][228]LogLoad: Game class is 'ThirdPersonGameMode_C'
[2019.11.15-02.05.24:318][228]LogWorld: Bringing World /Game/Maps/UEDPIE_0_City1.City1 up for play (max tick rate 0) at 2019.11.14-21.05.24
[2019.11.15-02.05.24:319][228]LogWorld: Bringing up level for play took: 0.005765
[2019.11.15-02.05.24:343][228]PIE: Play in editor start time for /Game/Maps/UEDPIE_0_City1 0.585
[2019.11.15-02.05.24:343][228]LogBlueprintUserMessages: Late PlayInEditor Detection: Level '/Game/Maps/City1.City1:PersistentLevel' has LevelScriptBlueprint '/Game/Maps/City1.City1:PersistentLevel.City1' with GeneratedClass '/Game/Maps/City1.City1_C' with ClassGeneratedBy '/Game/Maps/City1.City1:PersistentLevel.City1'
[2019.11.15-02.06.53:353][973]LogBlueprintUserMessages: Early EndPlayMap Detection: Level '/Game/Maps/City1.City1:PersistentLevel' has LevelScriptBlueprint '/Game/Maps/City1.City1:PersistentLevel.City1' with GeneratedClass '/Game/Maps/City1.City1_C' with ClassGeneratedBy '/Game/Maps/City1.City1:PersistentLevel.City1'
[2019.11.15-02.06.53:353][973]LogSlate: Updating window title bar state: overlay mode, drag disabled, window buttons hidden, title bar hidden
[2019.11.15-02.06.53:371][973]LogSlate: Window 'ZombieCreed Game Preview Standalone (64-bit/PCD3D_SM5)' being destroyed
[2019.11.15-02.06.53:410][973]LogPlayLevel: Display: Shutting down PIE online subsystems
[2019.11.15-02.06.53:411][973]LogBlueprintUserMessages: Late EndPlayMap Detection: Level '/Game/Maps/City1.City1:PersistentLevel' has LevelScriptBlueprint '/Game/Maps/City1.City1:PersistentLevel.City1' with GeneratedClass '/Game/Maps/City1.City1_C' with ClassGeneratedBy '/Game/Maps/City1.City1:PersistentLevel.City1'
[2019.11.15-02.06.53:451][973]LogUObjectHash: Compacting FUObjectHashTables data took   2.16ms
[2019.11.15-02.06.53:484][974]LogPlayLevel: Display: Destroying online subsystem :Context_10
[2019.11.15-02.06.56:802][191]LogSavePackage: Moving '../../../../../../Users/Samuel Paquette/Desktop/Projet zombie unreal/ZombieCreed/Saved/Player_BP5B3C296E4C929556AB9D4D8F22D62AE1.tmp' to '../../../../../../Users/Samuel Paquette/Desktop/Projet zombie unreal/ZombieCreed/Content/ZombieCreed_Game/Characters/Player_Character/Player_BP.uasset'
[2019.11.15-02.09.00:427][391]LogSavePackage: Moving '../../../../../../Users/Samuel Paquette/Desktop/Projet zombie unreal/ZombieCreed/Saved/Player_BPEC7730824CE26EA2E0279F97067740F3.tmp' to '../../../../../../Users/Samuel Paquette/Desktop/Projet zombie unreal/ZombieCreed/Content/ZombieCreed_Game/Characters/Player_Character/Player_BP.uasset'
[2019.11.15-02.09.38:211][390]LogSavePackage: Moving '../../../../../../Users/Samuel Paquette/Desktop/Projet zombie unreal/ZombieCreed/Saved/Player_BP639FF1CC4D966EC5BB82B9A950F27C17.tmp' to '../../../../../../Users/Samuel Paquette/Desktop/Projet zombie unreal/ZombieCreed/Content/ZombieCreed_Game/Characters/Player_Character/Player_BP.uasset'
[2019.11.15-02.10.58:813][622]LogSavePackage: Moving '../../../../../../Users/Samuel Paquette/Desktop/Projet zombie unreal/ZombieCreed/Saved/Player_BP5116E179449019638E3173A95BD7C76D.tmp' to '../../../../../../Users/Samuel Paquette/Desktop/Projet zombie unreal/ZombieCreed/Content/ZombieCreed_Game/Characters/Player_Character/Player_BP.uasset'
[2019.11.15-02.11.01:364][857]BlueprintLog: New page: Compile Player_BP
[2019.11.15-02.11.01:580][857]LogUObjectHash: Compacting FUObjectHashTables data took   2.67ms
[2019.11.15-02.11.05:110][180]LogTemp: Repeating last play command: New Editor Window (PIE)
[2019.11.15-02.11.05:131][180]LogBlueprintUserMessages: Early PlayInEditor Detection: Level '/Game/Maps/City1.City1:PersistentLevel' has LevelScriptBlueprint '/Game/Maps/City1.City1:PersistentLevel.City1' with GeneratedClass '/Game/Maps/City1.City1_C' with ClassGeneratedBy '/Game/Maps/City1.City1:PersistentLevel.City1'
[2019.11.15-02.11.05:131][180]LogPlayLevel: PlayLevel: No blueprints needed recompiling
[2019.11.15-02.11.05:131][180]PIE: New page: PIE session: City1 (Nov 14, 2019, 4:11:05 PM)
[2019.11.15-02.11.05:131][180]LogPlayLevel: Creating play world package: /Game/Maps/UEDPIE_0_City1
[2019.11.15-02.11.05:186][180]LogPlayLevel: PIE: StaticDuplicateObject took: (0.054937s)
[2019.11.15-02.11.05:186][180]LogAIModule: Creating AISystem for world City1
[2019.11.15-02.11.05:187][180]LogPlayLevel: PIE: World Init took: (0.000552s)
[2019.11.15-02.11.05:187][180]LogPlayLevel: PIE: Created PIE world by copying editor world from /Game/Maps/City1.City1 to /Game/Maps/UEDPIE_0_City1.City1 (0.055613s)
[2019.11.15-02.11.05:225][180]LogUObjectHash: Compacting FUObjectHashTables data took   2.75ms
[2019.11.15-02.11.05:235][180]LogInit: XAudio2 using 'Speakers (HyperX Cloud Revolver S)' : 2 channels at 48 kHz using 16 bits per sample (channel mask 0x3)
[2019.11.15-02.11.05:242][180]LogInit: FAudioDevice initialized.
[2019.11.15-02.11.05:247][180]LogSlate: Updating window title bar state: overlay mode, drag disabled, window buttons hidden, title bar hidden
[2019.11.15-02.11.05:277][180]LogLoad: Game class is 'ThirdPersonGameMode_C'
[2019.11.15-02.11.05:286][180]LogWorld: Bringing World /Game/Maps/UEDPIE_0_City1.City1 up for play (max tick rate 0) at 2019.11.14-21.11.05
[2019.11.15-02.11.05:288][180]LogWorld: Bringing up level for play took: 0.010109
[2019.11.15-02.11.05:311][180]PIE: Play in editor start time for /Game/Maps/UEDPIE_0_City1 -0.447
[2019.11.15-02.11.05:312][180]LogBlueprintUserMessages: Late PlayInEditor Detection: Level '/Game/Maps/City1.City1:PersistentLevel' has LevelScriptBlueprint '/Game/Maps/City1.City1:PersistentLevel.City1' with GeneratedClass '/Game/Maps/City1.City1_C' with ClassGeneratedBy '/Game/Maps/City1.City1:PersistentLevel.City1'
[2019.11.15-02.11.23:873][658]LogBlueprintUserMessages: Early EndPlayMap Detection: Level '/Game/Maps/City1.City1:PersistentLevel' has LevelScriptBlueprint '/Game/Maps/City1.City1:PersistentLevel.City1' with GeneratedClass '/Game/Maps/City1.City1_C' with ClassGeneratedBy '/Game/Maps/City1.City1:PersistentLevel.City1'
[2019.11.15-02.11.23:873][658]LogSlate: Updating window title bar state: overlay mode, drag disabled, window buttons hidden, title bar hidden
[2019.11.15-02.11.23:891][658]LogSlate: Window 'ZombieCreed Game Preview Standalone (64-bit/PCD3D_SM5)' being destroyed
[2019.11.15-02.11.23:931][658]LogPlayLevel: Display: Shutting down PIE online subsystems
[2019.11.15-02.11.23:932][658]LogBlueprintUserMessages: Late EndPlayMap Detection: Level '/Game/Maps/City1.City1:PersistentLevel' has LevelScriptBlueprint '/Game/Maps/City1.City1:PersistentLevel.City1' with GeneratedClass '/Game/Maps/City1.City1_C' with ClassGeneratedBy '/Game/Maps/City1.City1:PersistentLevel.City1'
[2019.11.15-02.11.23:969][658]LogUObjectHash: Compacting FUObjectHashTables data took   2.00ms
[2019.11.15-02.11.24:001][659]LogPlayLevel: Display: Destroying online subsystem :Context_11
[2019.11.15-02.11.25:014][721]LogSavePackage: Moving '../../../../../../Users/Samuel Paquette/Desktop/Projet zombie unreal/ZombieCreed/Saved/Player_BP8F50DDA749C0B26FE8328D85FF40FB63.tmp' to '../../../../../../Users/Samuel Paquette/Desktop/Projet zombie unreal/ZombieCreed/Content/ZombieCreed_Game/Characters/Player_Character/Player_BP.uasset'
