Log file open, 11/08/19 21:14:41
LogWindows: Failed to load 'aqProf.dll' (GetLastError=126)
LogWindows: File 'aqProf.dll' does not exist
LogWindows: Failed to load 'VtuneApi.dll' (GetLastError=126)
LogWindows: File 'VtuneApi.dll' does not exist
LogWindows: Failed to load 'VtuneApi32e.dll' (GetLastError=126)
LogWindows: File 'VtuneApi32e.dll' does not exist
LogConsoleResponse: Display: Failed to find resolution value strings in scalability ini. Falling back to default.
LogInit: Display: Running engine for game: ZombieCreed
LogPakFile: Registered encryption key '00000000000000000000000000000000': 0 pak files mounted, 0 remain pending
LogPlatformFile: Not using cached read wrapper
LogTaskGraph: Started task graph with 5 named threads and 14 total threads with 3 sets of task threads.
LogStats: Stats thread started at 6.618969
LogD3D11RHI: Loaded GFSDK_Aftermath_Lib.x64.dll
LogICUInternationalization: ICU TimeZone Detection - Raw Offset: -5:00, Platform Override: ''
LogPluginManager: Mounting plugin Paper2D
LogPluginManager: Mounting plugin AISupport
LogPluginManager: Mounting plugin LightPropagationVolume
LogPluginManager: Mounting plugin ActorLayerUtilities
LogPluginManager: Mounting plugin AnimationSharing
LogPluginManager: Mounting plugin CLionSourceCodeAccess
LogPluginManager: Mounting plugin CodeLiteSourceCodeAccess
LogPluginManager: Mounting plugin GitSourceControl
LogPluginManager: Mounting plugin KDevelopSourceCodeAccess
LogPluginManager: Mounting plugin NullSourceCodeAccess
LogPluginManager: Mounting plugin PerforceSourceControl
LogPluginManager: Mounting plugin SubversionSourceControl
LogPluginManager: Mounting plugin UObjectPlugin
LogPluginManager: Mounting plugin VisualStudioCodeSourceCodeAccess
LogPluginManager: Mounting plugin VisualStudioSourceCodeAccess
LogPluginManager: Mounting plugin XCodeSourceCodeAccess
LogPluginManager: Mounting plugin AssetManagerEditor
LogPluginManager: Mounting plugin CryptoKeys
LogPluginManager: Mounting plugin DataValidation
LogPluginManager: Mounting plugin FacialAnimation
LogPluginManager: Mounting plugin GameplayTagsEditor
LogPluginManager: Mounting plugin MacGraphicsSwitching
LogPluginManager: Mounting plugin MaterialAnalyzer
LogPluginManager: Mounting plugin MobileLauncherProfileWizard
LogPluginManager: Mounting plugin PluginBrowser
LogPluginManager: Mounting plugin SpeedTreeImporter
LogPluginManager: Mounting plugin DatasmithContent
LogPluginManager: Mounting plugin VariantManagerContent
LogPluginManager: Mounting plugin AlembicImporter
LogPluginManager: Mounting plugin AppleImageUtils
LogPluginManager: Mounting plugin AppleVision
LogPluginManager: Mounting plugin BackChannel
LogPluginManager: Mounting plugin CharacterAI
LogPluginManager: Mounting plugin GeometryCache
LogPluginManager: Mounting plugin HTML5Networking
LogPluginManager: Mounting plugin ProxyLODPlugin
LogPluginManager: Mounting plugin SkeletalReduction
LogPluginManager: Mounting plugin MagicLeap
LogPluginManager: Mounting plugin MagicLeapMedia
LogPluginManager: Mounting plugin AndroidMedia
LogPluginManager: Mounting plugin AvfMedia
LogPluginManager: Mounting plugin ImgMedia
LogPluginManager: Mounting plugin LinearTimecode
LogPluginManager: Mounting plugin MediaCompositing
LogPluginManager: Mounting plugin MediaPlayerEditor
LogPluginManager: Mounting plugin WebMMedia
LogPluginManager: Mounting plugin WmfMedia
LogPluginManager: Mounting plugin TcpMessaging
LogPluginManager: Mounting plugin UdpMessaging
LogPluginManager: Mounting plugin ActorSequence
LogPluginManager: Mounting plugin LevelSequenceEditor
LogPluginManager: Mounting plugin MatineeToLevelSequence
LogPluginManager: Mounting plugin NetcodeUnitTest
LogPluginManager: Mounting plugin NUTUnrealEngine4
LogPluginManager: Mounting plugin OnlineSubsystemGooglePlay
LogPluginManager: Mounting plugin OnlineSubsystemIOS
LogPluginManager: Mounting plugin OnlineSubsystem
LogPluginManager: Mounting plugin OnlineSubsystemNull
LogPluginManager: Mounting plugin OnlineSubsystemUtils
LogPluginManager: Mounting plugin LauncherChunkInstaller
LogPluginManager: Mounting plugin AndroidDeviceProfileSelector
LogPluginManager: Mounting plugin AndroidMoviePlayer
LogPluginManager: Mounting plugin AndroidPermission
LogPluginManager: Mounting plugin AppleMoviePlayer
LogPluginManager: Mounting plugin ArchVisCharacter
LogPluginManager: Mounting plugin AudioCapture
LogPluginManager: Mounting plugin CableComponent
LogPluginManager: Mounting plugin CustomMeshComponent
LogPluginManager: Mounting plugin EditableMesh
LogPluginManager: Mounting plugin ExampleDeviceProfileSelector
LogPluginManager: Mounting plugin Firebase
LogPluginManager: Mounting plugin GoogleCloudMessaging
LogPluginManager: Mounting plugin IOSDeviceProfileSelector
LogPluginManager: Mounting plugin LinuxDeviceProfileSelector
LogPluginManager: Mounting plugin LocationServicesBPLibrary
LogPluginManager: Mounting plugin MobilePatchingUtils
LogPluginManager: Mounting plugin OculusVR
LogPluginManager: Mounting plugin PhysXVehicles
LogPluginManager: Mounting plugin ProceduralMeshComponent
LogPluginManager: Mounting plugin RuntimePhysXCooking
LogPluginManager: Mounting plugin SignificanceManager
LogPluginManager: Mounting plugin SteamVR
LogPluginManager: Mounting plugin WebMMoviePlayer
LogPluginManager: Mounting plugin WindowsMoviePlayer
LogInit: Using libcurl 7.55.1-DEV
LogInit:  - built for x86_64-pc-win32
LogInit:  - supports SSL with OpenSSL/1.1.1
LogInit:  - supports HTTP deflate (compression) using libz 1.2.8
LogInit:  - other features:
LogInit:      CURL_VERSION_SSL
LogInit:      CURL_VERSION_LIBZ
LogInit:      CURL_VERSION_IPV6
LogInit:      CURL_VERSION_ASYNCHDNS
LogInit:      CURL_VERSION_LARGEFILE
LogInit:      CURL_VERSION_IDN
LogInit:  CurlRequestOptions (configurable via config and command line):
LogInit:  - bVerifyPeer = true  - Libcurl will verify peer certificate
LogInit:  - bUseHttpProxy = false  - Libcurl will NOT use HTTP proxy
LogInit:  - bDontReuseConnections = false  - Libcurl will reuse connections
LogInit:  - MaxHostConnections = 16  - Libcurl will limit the number of connections to a host
LogInit:  - LocalHostAddr = Default
LogInit:  - BufferSize = 65536
LogInit: WinSock: version 1.1 (2.2), MaxSocks=32767, MaxUdp=65467
LogInit: Build: ++UE4+Release-4.22-CL-7053642
LogInit: Engine Version: 4.22.3-7053642+++UE4+Release-4.22
LogInit: Compatible Engine Version: 4.22.0-5660361+++UE4+Release-4.22
LogInit: Net CL: 5660361
LogInit: OS: Windows 10 (Release 1809) (), CPU: Intel(R) Core(TM) i5-7600K CPU @ 3.80GHz, GPU: NVIDIA GeForce GTX 1060 3GB
LogInit: Compiled (64-bit): Jun 18 2019 03:09:11
LogInit: Compiled with Visual C++: 19.16.27025.01
LogInit: Build Configuration: Development
LogInit: Branch Name: ++UE4+Release-4.22
LogInit: Command Line: 
LogInit: Base Directory: R:/Unreal/UE_4.22/Engine/Binaries/Win64/
LogInit: Installed Engine Build: 1
LogDevObjectVersion: Number of dev versions registered: 23
LogDevObjectVersion:   Dev-Blueprints (B0D832E4-1F89-4F0D-ACCF-7EB736FD4AA2): 10
LogDevObjectVersion:   Dev-Build (E1C64328-A22C-4D53-A36C-8E866417BD8C): 0
LogDevObjectVersion:   Dev-Core (375EC13C-06E4-48FB-B500-84F0262A717E): 3
LogDevObjectVersion:   Dev-Editor (E4B068ED-F494-42E9-A231-DA0B2E46BB41): 30
LogDevObjectVersion:   Dev-Framework (CFFC743F-43B0-4480-9391-14DF171D2073): 35
LogDevObjectVersion:   Dev-Mobile (B02B49B5-BB20-44E9-A304-32B752E40360): 2
LogDevObjectVersion:   Dev-Networking (A4E4105C-59A1-49B5-A7C5-40C4547EDFEE): 0
LogDevObjectVersion:   Dev-Online (39C831C9-5AE6-47DC-9A44-9C173E1C8E7C): 0
LogDevObjectVersion:   Dev-Physics (78F01B33-EBEA-4F98-B9B4-84EACCB95AA2): 0
LogDevObjectVersion:   Dev-Platform (6631380F-2D4D-43E0-8009-CF276956A95A): 0
LogDevObjectVersion:   Dev-Rendering (12F88B9F-8875-4AFC-A67C-D90C383ABD29): 28
LogDevObjectVersion:   Dev-Sequencer (7B5AE74C-D270-4C10-A958-57980B212A5A): 11
LogDevObjectVersion:   Dev-VR (D7296918-1DD6-4BDD-9DE2-64A83CC13884): 2
LogDevObjectVersion:   Dev-LoadTimes (C2A15278-BFE7-4AFE-6C17-90FF531DF755): 1
LogDevObjectVersion:   Private-Geometry (6EACA3D4-40EC-4CC1-B786-8BED09428FC5): 3
LogDevObjectVersion:   Dev-AnimPhys (29E575DD-E0A3-4627-9D10-D276232CDCEA): 17
LogDevObjectVersion:   Dev-Anim (AF43A65D-7FD3-4947-9873-3E8ED9C1BB05): 2
LogDevObjectVersion:   Dev-ReflectionCapture (6B266CEC-1EC7-4B8F-A30B-E4D90942FC07): 1
LogDevObjectVersion:   Dev-Automation (0DF73D61-A23F-47EA-B727-89E90C41499A): 1
LogDevObjectVersion:   FortniteMain (601D1886-AC64-4F84-AA16-D3DE0DEAC7D6): 25
LogDevObjectVersion:   Dev-Enterprise (9DFFBCD6-494F-0158-E221-12823C92A888): 6
LogDevObjectVersion:   Dev-Niagara (F2AED0AC-9AFE-416F-8664-AA7FFA26D6FC): 1
LogDevObjectVersion:   Dev-Destruction (174F1F0B-B4C6-45A5-B13F-2EE8D0FB917D): 2
LogInit: Presizing for max 16777216 objects, including 0 objects not considered by GC, pre-allocating 0 bytes for permanent pool.
LogInit: Object subsystem initialized
LogConfig: Setting CVar [[con.DebugEarlyDefault:1]]
LogConfig: Setting CVar [[r.setres:1280x720]]
[2019.11.09-02.14.54:974][  0]LogConfig: Setting CVar [[r.VSync:0]]
[2019.11.09-02.14.54:974][  0]LogConfig: Setting CVar [[r.RHICmdBypass:0]]
[2019.11.09-02.14.54:975][  0]LogConfig: Applying CVar settings from Section [/Script/Engine.RendererSettings] File [R:/Unreal/gitProjects/ZombieCreed/ZombieCreed/Saved/Config/Windows/Engine.ini]
[2019.11.09-02.14.54:975][  0]LogConfig: Setting CVar [[r.GPUCrashDebugging:0]]
[2019.11.09-02.14.54:975][  0]LogConfig: Applying CVar settings from Section [/Script/Engine.RendererOverrideSettings] File [R:/Unreal/gitProjects/ZombieCreed/ZombieCreed/Saved/Config/Windows/Engine.ini]
[2019.11.09-02.14.54:975][  0]LogConfig: Applying CVar settings from Section [/Script/Engine.StreamingSettings] File [R:/Unreal/gitProjects/ZombieCreed/ZombieCreed/Saved/Config/Windows/Engine.ini]
[2019.11.09-02.14.54:975][  0]LogConfig: Setting CVar [[s.MinBulkDataSizeForAsyncLoading:131072]]
[2019.11.09-02.14.54:975][  0]LogConfig: Setting CVar [[s.AsyncLoadingThreadEnabled:0]]
[2019.11.09-02.14.54:975][  0]LogConfig: Setting CVar [[s.EventDrivenLoaderEnabled:1]]
[2019.11.09-02.14.54:975][  0]LogConfig: Setting CVar [[s.WarnIfTimeLimitExceeded:0]]
[2019.11.09-02.14.54:975][  0]LogConfig: Setting CVar [[s.TimeLimitExceededMultiplier:1.5]]
[2019.11.09-02.14.54:975][  0]LogConfig: Setting CVar [[s.TimeLimitExceededMinTime:0.005]]
[2019.11.09-02.14.54:975][  0]LogConfig: Setting CVar [[s.UseBackgroundLevelStreaming:1]]
[2019.11.09-02.14.54:975][  0]LogConfig: Setting CVar [[s.PriorityAsyncLoadingExtraTime:15.0]]
[2019.11.09-02.14.54:975][  0]LogConfig: Setting CVar [[s.LevelStreamingActorsUpdateTimeLimit:5.0]]
[2019.11.09-02.14.54:975][  0]LogConfig: Setting CVar [[s.PriorityLevelStreamingActorsUpdateExtraTime:5.0]]
[2019.11.09-02.14.54:975][  0]LogConfig: Setting CVar [[s.LevelStreamingComponentsRegistrationGranularity:10]]
[2019.11.09-02.14.54:975][  0]LogConfig: Setting CVar [[s.UnregisterComponentsTimeLimit:1.0]]
[2019.11.09-02.14.54:975][  0]LogConfig: Setting CVar [[s.LevelStreamingComponentsUnregistrationGranularity:5]]
[2019.11.09-02.14.54:975][  0]LogConfig: Applying CVar settings from Section [/Script/Engine.GarbageCollectionSettings] File [R:/Unreal/gitProjects/ZombieCreed/ZombieCreed/Saved/Config/Windows/Engine.ini]
[2019.11.09-02.14.54:975][  0]LogConfig: Setting CVar [[gc.MaxObjectsNotConsideredByGC:1]]
[2019.11.09-02.14.54:975][  0]LogConfig: Setting CVar [[gc.SizeOfPermanentObjectPool:0]]
[2019.11.09-02.14.54:975][  0]LogConfig: Setting CVar [[gc.FlushStreamingOnGC:0]]
[2019.11.09-02.14.54:975][  0]LogConfig: Setting CVar [[gc.NumRetriesBeforeForcingGC:10]]
[2019.11.09-02.14.54:975][  0]LogConfig: Setting CVar [[gc.AllowParallelGC:1]]
[2019.11.09-02.14.54:975][  0]LogConfig: Setting CVar [[gc.TimeBetweenPurgingPendingKillObjects:61.1]]
[2019.11.09-02.14.54:975][  0]LogConfig: Setting CVar [[gc.MaxObjectsInEditor:16777216]]
[2019.11.09-02.14.54:975][  0]LogConfig: Setting CVar [[gc.IncrementalBeginDestroyEnabled:1]]
[2019.11.09-02.14.54:975][  0]LogConfig: Setting CVar [[gc.CreateGCClusters:1]]
[2019.11.09-02.14.54:975][  0]LogConfig: Setting CVar [[gc.MinGCClusterSize:5]]
[2019.11.09-02.14.54:975][  0]LogConfig: Setting CVar [[gc.ActorClusteringEnabled:0]]
[2019.11.09-02.14.54:975][  0]LogConfig: Setting CVar [[gc.BlueprintClusteringEnabled:0]]
[2019.11.09-02.14.54:975][  0]LogConfig: Setting CVar [[gc.UseDisregardForGCOnDedicatedServers:0]]
[2019.11.09-02.14.54:975][  0]LogConfig: Applying CVar settings from Section [/Script/Engine.NetworkSettings] File [R:/Unreal/gitProjects/ZombieCreed/ZombieCreed/Saved/Config/Windows/Engine.ini]
[2019.11.09-02.14.54:975][  0]LogConfig: Applying CVar settings from Section [/Script/UnrealEd.CookerSettings] File [R:/Unreal/gitProjects/ZombieCreed/ZombieCreed/Saved/Config/Windows/Engine.ini]
[2019.11.09-02.14.55:129][  0]LogConfig: Applying CVar settings from Section [ViewDistanceQuality@3] File [R:/Unreal/gitProjects/ZombieCreed/ZombieCreed/Saved/Config/Windows/Scalability.ini]
[2019.11.09-02.14.55:129][  0]LogConfig: Setting CVar [[r.SkeletalMeshLODBias:0]]
[2019.11.09-02.14.55:129][  0]LogConfig: Setting CVar [[r.ViewDistanceScale:1.0]]
[2019.11.09-02.14.55:129][  0]LogConfig: Applying CVar settings from Section [AntiAliasingQuality@3] File [R:/Unreal/gitProjects/ZombieCreed/ZombieCreed/Saved/Config/Windows/Scalability.ini]
[2019.11.09-02.14.55:129][  0]LogConfig: Setting CVar [[r.PostProcessAAQuality:4]]
[2019.11.09-02.14.55:129][  0]LogConfig: Applying CVar settings from Section [ShadowQuality@3] File [R:/Unreal/gitProjects/ZombieCreed/ZombieCreed/Saved/Config/Windows/Scalability.ini]
[2019.11.09-02.14.55:129][  0]LogConfig: Setting CVar [[r.LightFunctionQuality:1]]
[2019.11.09-02.14.55:129][  0]LogConfig: Setting CVar [[r.ShadowQuality:5]]
[2019.11.09-02.14.55:129][  0]LogConfig: Setting CVar [[r.Shadow.CSM.MaxCascades:10]]
[2019.11.09-02.14.55:129][  0]LogConfig: Setting CVar [[r.Shadow.MaxResolution:2048]]
[2019.11.09-02.14.55:129][  0]LogConfig: Setting CVar [[r.Shadow.MaxCSMResolution:2048]]
[2019.11.09-02.14.55:129][  0]LogConfig: Setting CVar [[r.Shadow.RadiusThreshold:0.01]]
[2019.11.09-02.14.55:129][  0]LogConfig: Setting CVar [[r.Shadow.DistanceScale:1.0]]
[2019.11.09-02.14.55:129][  0]LogConfig: Setting CVar [[r.Shadow.CSM.TransitionScale:1.0]]
[2019.11.09-02.14.55:129][  0]LogConfig: Setting CVar [[r.Shadow.PreShadowResolutionFactor:1.0]]
[2019.11.09-02.14.55:129][  0]LogConfig: Setting CVar [[r.DistanceFieldShadowing:1]]
[2019.11.09-02.14.55:129][  0]LogConfig: Setting CVar [[r.DistanceFieldAO:1]]
[2019.11.09-02.14.55:129][  0]LogConfig: Setting CVar [[r.AOQuality:2]]
[2019.11.09-02.14.55:129][  0]LogConfig: Setting CVar [[r.VolumetricFog:1]]
[2019.11.09-02.14.55:129][  0]LogConfig: Setting CVar [[r.VolumetricFog.GridPixelSize:8]]
[2019.11.09-02.14.55:129][  0]LogConfig: Setting CVar [[r.VolumetricFog.GridSizeZ:128]]
[2019.11.09-02.14.55:129][  0]LogConfig: Setting CVar [[r.VolumetricFog.HistoryMissSupersampleCount:4]]
[2019.11.09-02.14.55:129][  0]LogConfig: Setting CVar [[r.LightMaxDrawDistanceScale:1]]
[2019.11.09-02.14.55:129][  0]LogConfig: Setting CVar [[r.CapsuleShadows:1]]
[2019.11.09-02.14.55:129][  0]LogConfig: Applying CVar settings from Section [PostProcessQuality@3] File [R:/Unreal/gitProjects/ZombieCreed/ZombieCreed/Saved/Config/Windows/Scalability.ini]
[2019.11.09-02.14.55:129][  0]LogConfig: Setting CVar [[r.MotionBlurQuality:4]]
[2019.11.09-02.14.55:129][  0]LogConfig: Setting CVar [[r.AmbientOcclusionMipLevelFactor:0.4]]
[2019.11.09-02.14.55:129][  0]LogConfig: Setting CVar [[r.AmbientOcclusionMaxQuality:100]]
[2019.11.09-02.14.55:129][  0]LogConfig: Setting CVar [[r.AmbientOcclusionLevels:-1]]
[2019.11.09-02.14.55:129][  0]LogConfig: Setting CVar [[r.AmbientOcclusionRadiusScale:1.0]]
[2019.11.09-02.14.55:129][  0]LogConfig: Setting CVar [[r.DepthOfFieldQuality:2]]
[2019.11.09-02.14.55:129][  0]LogConfig: Setting CVar [[r.RenderTargetPoolMin:400]]
[2019.11.09-02.14.55:129][  0]LogConfig: Setting CVar [[r.LensFlareQuality:2]]
[2019.11.09-02.14.55:129][  0]LogConfig: Setting CVar [[r.SceneColorFringeQuality:1]]
[2019.11.09-02.14.55:129][  0]LogConfig: Setting CVar [[r.EyeAdaptationQuality:2]]
[2019.11.09-02.14.55:129][  0]LogConfig: Setting CVar [[r.BloomQuality:5]]
[2019.11.09-02.14.55:129][  0]LogConfig: Setting CVar [[r.FastBlurThreshold:100]]
[2019.11.09-02.14.55:129][  0]LogConfig: Setting CVar [[r.Upscale.Quality:3]]
[2019.11.09-02.14.55:129][  0]LogConfig: Setting CVar [[r.Tonemapper.GrainQuantization:1]]
[2019.11.09-02.14.55:129][  0]LogConfig: Setting CVar [[r.LightShaftQuality:1]]
[2019.11.09-02.14.55:129][  0]LogConfig: Setting CVar [[r.Filter.SizeScale:1]]
[2019.11.09-02.14.55:129][  0]LogConfig: Setting CVar [[r.Tonemapper.Quality:5]]
[2019.11.09-02.14.55:129][  0]LogConfig: Setting CVar [[r.DOF.Gather.AccumulatorQuality:1        ; higher gathering accumulator quality]]
[2019.11.09-02.14.55:129][  0]LogConfig: Setting CVar [[r.DOF.Gather.PostfilterMethod:1          ; Median3x3 postfilering method]]
[2019.11.09-02.14.55:129][  0]LogConfig: Setting CVar [[r.DOF.Gather.EnableBokehSettings:0       ; no bokeh simulation when gathering]]
[2019.11.09-02.14.55:129][  0]LogConfig: Setting CVar [[r.DOF.Gather.RingCount:4                 ; medium number of samples when gathering]]
[2019.11.09-02.14.55:129][  0]LogConfig: Setting CVar [[r.DOF.Scatter.ForegroundCompositing:1    ; additive foreground scattering]]
[2019.11.09-02.14.55:129][  0]LogConfig: Setting CVar [[r.DOF.Scatter.BackgroundCompositing:2    ; additive background scattering]]
[2019.11.09-02.14.55:129][  0]LogConfig: Setting CVar [[r.DOF.Scatter.EnableBokehSettings:1      ; bokeh simulation when scattering]]
[2019.11.09-02.14.55:129][  0]LogConfig: Setting CVar [[r.DOF.Scatter.MaxSpriteRatio:0.1         ; only a maximum of 10% of scattered bokeh]]
[2019.11.09-02.14.55:129][  0]LogConfig: Setting CVar [[r.DOF.Recombine.Quality:1                ; cheap slight out of focus]]
[2019.11.09-02.14.55:129][  0]LogConfig: Setting CVar [[r.DOF.Recombine.EnableBokehSettings:0    ; no bokeh simulation on slight out of focus]]
[2019.11.09-02.14.55:129][  0]LogConfig: Setting CVar [[r.DOF.TemporalAAQuality:1                ; more stable temporal accumulation]]
[2019.11.09-02.14.55:129][  0]LogConfig: Setting CVar [[r.DOF.Kernel.MaxForegroundRadius:0.025]]
[2019.11.09-02.14.55:129][  0]LogConfig: Setting CVar [[r.DOF.Kernel.MaxBackgroundRadius:0.025]]
[2019.11.09-02.14.55:129][  0]LogConfig: Applying CVar settings from Section [TextureQuality@3] File [R:/Unreal/gitProjects/ZombieCreed/ZombieCreed/Saved/Config/Windows/Scalability.ini]
[2019.11.09-02.14.55:129][  0]LogConfig: Setting CVar [[r.Streaming.MipBias:0]]
[2019.11.09-02.14.55:129][  0]LogConfig: Setting CVar [[r.Streaming.AmortizeCPUToGPUCopy:0]]
[2019.11.09-02.14.55:130][  0]LogConfig: Setting CVar [[r.Streaming.MaxNumTexturesToStreamPerFrame:0]]
[2019.11.09-02.14.55:130][  0]LogConfig: Setting CVar [[r.Streaming.Boost:1]]
[2019.11.09-02.14.55:130][  0]LogConfig: Setting CVar [[r.MaxAnisotropy:8]]
[2019.11.09-02.14.55:130][  0]LogConfig: Setting CVar [[r.Streaming.LimitPoolSizeToVRAM:0]]
[2019.11.09-02.14.55:130][  0]LogConfig: Setting CVar [[r.Streaming.PoolSize:1000]]
[2019.11.09-02.14.55:130][  0]LogConfig: Setting CVar [[r.Streaming.MaxEffectiveScreenSize:0]]
[2019.11.09-02.14.55:130][  0]LogConfig: Applying CVar settings from Section [EffectsQuality@3] File [R:/Unreal/gitProjects/ZombieCreed/ZombieCreed/Saved/Config/Windows/Scalability.ini]
[2019.11.09-02.14.55:130][  0]LogConfig: Setting CVar [[r.TranslucencyLightingVolumeDim:64]]
[2019.11.09-02.14.55:130][  0]LogConfig: Setting CVar [[r.RefractionQuality:2]]
[2019.11.09-02.14.55:130][  0]LogConfig: Setting CVar [[r.SSR.Quality:3]]
[2019.11.09-02.14.55:130][  0]LogConfig: Setting CVar [[r.SceneColorFormat:4]]
[2019.11.09-02.14.55:130][  0]LogConfig: Setting CVar [[r.DetailMode:2]]
[2019.11.09-02.14.55:130][  0]LogConfig: Setting CVar [[r.TranslucencyVolumeBlur:1]]
[2019.11.09-02.14.55:130][  0]LogConfig: Setting CVar [[r.MaterialQualityLevel:1 ; High quality]]
[2019.11.09-02.14.55:130][  0]LogConfig: Setting CVar [[r.SSS.Scale:1]]
[2019.11.09-02.14.55:130][  0]LogConfig: Setting CVar [[r.SSS.SampleSet:2]]
[2019.11.09-02.14.55:130][  0]LogConfig: Setting CVar [[r.SSS.Quality:1]]
[2019.11.09-02.14.55:130][  0]LogConfig: Setting CVar [[r.SSS.HalfRes:1]]
[2019.11.09-02.14.55:130][  0]LogConfig: Setting CVar [[r.EmitterSpawnRateScale:1.0]]
[2019.11.09-02.14.55:130][  0]LogConfig: Setting CVar [[r.ParticleLightQuality:2]]
[2019.11.09-02.14.55:130][  0]LogConfig: Applying CVar settings from Section [FoliageQuality@3] File [R:/Unreal/gitProjects/ZombieCreed/ZombieCreed/Saved/Config/Windows/Scalability.ini]
[2019.11.09-02.14.55:130][  0]LogConfig: Setting CVar [[foliage.DensityScale:1.0]]
[2019.11.09-02.14.55:130][  0]LogConfig: Setting CVar [[grass.DensityScale:1.0]]
[2019.11.09-02.14.55:131][  0]LogInit: Selected Device Profile: [Windows]
[2019.11.09-02.14.55:132][  0]LogInit: Applying CVar settings loaded from the selected device profile: [Windows]
[2019.11.09-02.14.55:204][  0]LogHAL: Display: Platform has ~ 16 GB [17067368448 / 17179869184 / 16], which maps to Larger [LargestMinGB=32, LargerMinGB=12, DefaultMinGB=8, SmallerMinGB=6, SmallestMinGB=0)
[2019.11.09-02.14.55:224][  0]LogConfig: Setting CVar [[r.Vulkan.UseRealUBs:0		; Required until we fix HLR fall-out]]
[2019.11.09-02.14.55:224][  0]LogInit: Going up to parent DeviceProfile []
[2019.11.09-02.14.55:227][  0]LogConfig: Applying CVar settings from Section [ViewDistanceQuality@3] File [R:/Unreal/gitProjects/ZombieCreed/ZombieCreed/Saved/Config/Windows/Scalability.ini]
[2019.11.09-02.14.55:227][  0]LogConfig: Setting CVar [[r.SkeletalMeshLODBias:0]]
[2019.11.09-02.14.55:227][  0]LogConfig: Setting CVar [[r.ViewDistanceScale:1.0]]
[2019.11.09-02.14.55:227][  0]LogConfig: Applying CVar settings from Section [AntiAliasingQuality@3] File [R:/Unreal/gitProjects/ZombieCreed/ZombieCreed/Saved/Config/Windows/Scalability.ini]
[2019.11.09-02.14.55:227][  0]LogConfig: Setting CVar [[r.PostProcessAAQuality:4]]
[2019.11.09-02.14.55:227][  0]LogConfig: Applying CVar settings from Section [ShadowQuality@3] File [R:/Unreal/gitProjects/ZombieCreed/ZombieCreed/Saved/Config/Windows/Scalability.ini]
[2019.11.09-02.14.55:227][  0]LogConfig: Setting CVar [[r.LightFunctionQuality:1]]
[2019.11.09-02.14.55:227][  0]LogConfig: Setting CVar [[r.ShadowQuality:5]]
[2019.11.09-02.14.55:227][  0]LogConfig: Setting CVar [[r.Shadow.CSM.MaxCascades:10]]
[2019.11.09-02.14.55:227][  0]LogConfig: Setting CVar [[r.Shadow.MaxResolution:2048]]
[2019.11.09-02.14.55:227][  0]LogConfig: Setting CVar [[r.Shadow.MaxCSMResolution:2048]]
[2019.11.09-02.14.55:227][  0]LogConfig: Setting CVar [[r.Shadow.RadiusThreshold:0.01]]
[2019.11.09-02.14.55:227][  0]LogConfig: Setting CVar [[r.Shadow.DistanceScale:1.0]]
[2019.11.09-02.14.55:227][  0]LogConfig: Setting CVar [[r.Shadow.CSM.TransitionScale:1.0]]
[2019.11.09-02.14.55:227][  0]LogConfig: Setting CVar [[r.Shadow.PreShadowResolutionFactor:1.0]]
[2019.11.09-02.14.55:227][  0]LogConfig: Setting CVar [[r.DistanceFieldShadowing:1]]
[2019.11.09-02.14.55:227][  0]LogConfig: Setting CVar [[r.DistanceFieldAO:1]]
[2019.11.09-02.14.55:227][  0]LogConfig: Setting CVar [[r.AOQuality:2]]
[2019.11.09-02.14.55:227][  0]LogConfig: Setting CVar [[r.VolumetricFog:1]]
[2019.11.09-02.14.55:227][  0]LogConfig: Setting CVar [[r.VolumetricFog.GridPixelSize:8]]
[2019.11.09-02.14.55:227][  0]LogConfig: Setting CVar [[r.VolumetricFog.GridSizeZ:128]]
[2019.11.09-02.14.55:227][  0]LogConfig: Setting CVar [[r.VolumetricFog.HistoryMissSupersampleCount:4]]
[2019.11.09-02.14.55:227][  0]LogConfig: Setting CVar [[r.LightMaxDrawDistanceScale:1]]
[2019.11.09-02.14.55:227][  0]LogConfig: Setting CVar [[r.CapsuleShadows:1]]
[2019.11.09-02.14.55:227][  0]LogConfig: Applying CVar settings from Section [PostProcessQuality@3] File [R:/Unreal/gitProjects/ZombieCreed/ZombieCreed/Saved/Config/Windows/Scalability.ini]
[2019.11.09-02.14.55:227][  0]LogConfig: Setting CVar [[r.MotionBlurQuality:4]]
[2019.11.09-02.14.55:227][  0]LogConfig: Setting CVar [[r.AmbientOcclusionMipLevelFactor:0.4]]
[2019.11.09-02.14.55:227][  0]LogConfig: Setting CVar [[r.AmbientOcclusionMaxQuality:100]]
[2019.11.09-02.14.55:227][  0]LogConfig: Setting CVar [[r.AmbientOcclusionLevels:-1]]
[2019.11.09-02.14.55:227][  0]LogConfig: Setting CVar [[r.AmbientOcclusionRadiusScale:1.0]]
[2019.11.09-02.14.55:227][  0]LogConfig: Setting CVar [[r.DepthOfFieldQuality:2]]
[2019.11.09-02.14.55:227][  0]LogConfig: Setting CVar [[r.RenderTargetPoolMin:400]]
[2019.11.09-02.14.55:227][  0]LogConfig: Setting CVar [[r.LensFlareQuality:2]]
[2019.11.09-02.14.55:227][  0]LogConfig: Setting CVar [[r.SceneColorFringeQuality:1]]
[2019.11.09-02.14.55:227][  0]LogConfig: Setting CVar [[r.EyeAdaptationQuality:2]]
[2019.11.09-02.14.55:227][  0]LogConfig: Setting CVar [[r.BloomQuality:5]]
[2019.11.09-02.14.55:227][  0]LogConfig: Setting CVar [[r.FastBlurThreshold:100]]
[2019.11.09-02.14.55:227][  0]LogConfig: Setting CVar [[r.Upscale.Quality:3]]
[2019.11.09-02.14.55:227][  0]LogConfig: Setting CVar [[r.Tonemapper.GrainQuantization:1]]
[2019.11.09-02.14.55:227][  0]LogConfig: Setting CVar [[r.LightShaftQuality:1]]
[2019.11.09-02.14.55:227][  0]LogConfig: Setting CVar [[r.Filter.SizeScale:1]]
[2019.11.09-02.14.55:227][  0]LogConfig: Setting CVar [[r.Tonemapper.Quality:5]]
[2019.11.09-02.14.55:227][  0]LogConfig: Setting CVar [[r.DOF.Gather.AccumulatorQuality:1        ; higher gathering accumulator quality]]
[2019.11.09-02.14.55:227][  0]LogConfig: Setting CVar [[r.DOF.Gather.PostfilterMethod:1          ; Median3x3 postfilering method]]
[2019.11.09-02.14.55:227][  0]LogConfig: Setting CVar [[r.DOF.Gather.EnableBokehSettings:0       ; no bokeh simulation when gathering]]
[2019.11.09-02.14.55:227][  0]LogConfig: Setting CVar [[r.DOF.Gather.RingCount:4                 ; medium number of samples when gathering]]
[2019.11.09-02.14.55:227][  0]LogConfig: Setting CVar [[r.DOF.Scatter.ForegroundCompositing:1    ; additive foreground scattering]]
[2019.11.09-02.14.55:227][  0]LogConfig: Setting CVar [[r.DOF.Scatter.BackgroundCompositing:2    ; additive background scattering]]
[2019.11.09-02.14.55:227][  0]LogConfig: Setting CVar [[r.DOF.Scatter.EnableBokehSettings:1      ; bokeh simulation when scattering]]
[2019.11.09-02.14.55:227][  0]LogConfig: Setting CVar [[r.DOF.Scatter.MaxSpriteRatio:0.1         ; only a maximum of 10% of scattered bokeh]]
[2019.11.09-02.14.55:227][  0]LogConfig: Setting CVar [[r.DOF.Recombine.Quality:1                ; cheap slight out of focus]]
[2019.11.09-02.14.55:227][  0]LogConfig: Setting CVar [[r.DOF.Recombine.EnableBokehSettings:0    ; no bokeh simulation on slight out of focus]]
[2019.11.09-02.14.55:227][  0]LogConfig: Setting CVar [[r.DOF.TemporalAAQuality:1                ; more stable temporal accumulation]]
[2019.11.09-02.14.55:227][  0]LogConfig: Setting CVar [[r.DOF.Kernel.MaxForegroundRadius:0.025]]
[2019.11.09-02.14.55:227][  0]LogConfig: Setting CVar [[r.DOF.Kernel.MaxBackgroundRadius:0.025]]
[2019.11.09-02.14.55:227][  0]LogConfig: Applying CVar settings from Section [TextureQuality@3] File [R:/Unreal/gitProjects/ZombieCreed/ZombieCreed/Saved/Config/Windows/Scalability.ini]
[2019.11.09-02.14.55:227][  0]LogConfig: Setting CVar [[r.Streaming.MipBias:0]]
[2019.11.09-02.14.55:227][  0]LogConfig: Setting CVar [[r.Streaming.AmortizeCPUToGPUCopy:0]]
[2019.11.09-02.14.55:227][  0]LogConfig: Setting CVar [[r.Streaming.MaxNumTexturesToStreamPerFrame:0]]
[2019.11.09-02.14.55:227][  0]LogConfig: Setting CVar [[r.Streaming.Boost:1]]
[2019.11.09-02.14.55:227][  0]LogConfig: Setting CVar [[r.MaxAnisotropy:8]]
[2019.11.09-02.14.55:227][  0]LogConfig: Setting CVar [[r.Streaming.LimitPoolSizeToVRAM:0]]
[2019.11.09-02.14.55:227][  0]LogConfig: Setting CVar [[r.Streaming.PoolSize:1000]]
[2019.11.09-02.14.55:227][  0]LogConfig: Setting CVar [[r.Streaming.MaxEffectiveScreenSize:0]]
[2019.11.09-02.14.55:227][  0]LogConfig: Applying CVar settings from Section [EffectsQuality@3] File [R:/Unreal/gitProjects/ZombieCreed/ZombieCreed/Saved/Config/Windows/Scalability.ini]
[2019.11.09-02.14.55:227][  0]LogConfig: Setting CVar [[r.TranslucencyLightingVolumeDim:64]]
[2019.11.09-02.14.55:227][  0]LogConfig: Setting CVar [[r.RefractionQuality:2]]
[2019.11.09-02.14.55:227][  0]LogConfig: Setting CVar [[r.SSR.Quality:3]]
[2019.11.09-02.14.55:227][  0]LogConfig: Setting CVar [[r.SceneColorFormat:4]]
[2019.11.09-02.14.55:227][  0]LogConfig: Setting CVar [[r.DetailMode:2]]
[2019.11.09-02.14.55:227][  0]LogConfig: Setting CVar [[r.TranslucencyVolumeBlur:1]]
[2019.11.09-02.14.55:227][  0]LogConfig: Setting CVar [[r.MaterialQualityLevel:1 ; High quality]]
[2019.11.09-02.14.55:227][  0]LogConfig: Setting CVar [[r.SSS.Scale:1]]
[2019.11.09-02.14.55:227][  0]LogConfig: Setting CVar [[r.SSS.SampleSet:2]]
[2019.11.09-02.14.55:227][  0]LogConfig: Setting CVar [[r.SSS.Quality:1]]
[2019.11.09-02.14.55:227][  0]LogConfig: Setting CVar [[r.SSS.HalfRes:1]]
[2019.11.09-02.14.55:227][  0]LogConfig: Setting CVar [[r.EmitterSpawnRateScale:1.0]]
[2019.11.09-02.14.55:227][  0]LogConfig: Setting CVar [[r.ParticleLightQuality:2]]
[2019.11.09-02.14.55:227][  0]LogConfig: Applying CVar settings from Section [FoliageQuality@3] File [R:/Unreal/gitProjects/ZombieCreed/ZombieCreed/Saved/Config/Windows/Scalability.ini]
[2019.11.09-02.14.55:227][  0]LogConfig: Setting CVar [[foliage.DensityScale:1.0]]
[2019.11.09-02.14.55:227][  0]LogConfig: Setting CVar [[grass.DensityScale:1.0]]
[2019.11.09-02.14.55:227][  0]LogConfig: Applying CVar settings from Section [Startup] File [../../../Engine/Config/ConsoleVariables.ini]
[2019.11.09-02.14.55:268][  0]LogConfig: Setting CVar [[net.UseAdaptiveNetUpdateFrequency:0]]
[2019.11.09-02.14.55:268][  0]LogConfig: Setting CVar [[p.chaos.AllowCreatePhysxBodies:1]]
[2019.11.09-02.14.55:268][  0]LogConfig: Applying CVar settings from Section [ConsoleVariables] File [R:/Unreal/gitProjects/ZombieCreed/ZombieCreed/Saved/Config/Windows/Engine.ini]
[2019.11.09-02.14.55:315][  0]LogInit: Computer: DESKTOP-0F3IPB8
[2019.11.09-02.14.55:315][  0]LogInit: User: Adril
[2019.11.09-02.14.55:315][  0]LogInit: CPU Page size=4096, Cores=4
[2019.11.09-02.14.55:315][  0]LogInit: High frequency timer resolution =10.000000 MHz
[2019.11.09-02.14.55:341][  0]LogMemory: Memory total: Physical=15.9GB (16GB approx)
[2019.11.09-02.14.55:341][  0]LogMemory: Platform Memory Stats for Windows
[2019.11.09-02.14.55:341][  0]LogMemory: Process Physical Memory: 97.18 MB used, 97.18 MB peak
[2019.11.09-02.14.55:341][  0]LogMemory: Process Virtual Memory: 91.92 MB used, 91.92 MB peak
[2019.11.09-02.14.55:341][  0]LogMemory: Physical Memory: 9440.83 MB used,  6835.88 MB free, 16276.71 MB total
[2019.11.09-02.14.55:341][  0]LogMemory: Virtual Memory: 4647.16 MB used,  134213080.00 MB free, 134217728.00 MB total
[2019.11.09-02.14.56:577][  0]LogInit: Using OS detected language (en-US).
[2019.11.09-02.14.56:577][  0]LogInit: Using OS detected locale (en-CA).
[2019.11.09-02.14.56:819][  0]LogTextLocalizationManager: No specific localization for 'en-US' exists, so the 'en' localization will be used.
[2019.11.09-02.14.57:700][  0]LogInit: Setting process to per monitor DPI aware
[2019.11.09-02.14.59:482][  0]LogSlate: New Slate User Created.  User Index 0, Is Virtual User: 0
[2019.11.09-02.14.59:482][  0]LogSlate: Slate User Registered.  User Index 0, Is Virtual User: 0
[2019.11.09-02.15.02:676][  0]LogHMD: Failed to initialize OpenVR with code 110
[2019.11.09-02.15.02:676][  0]LogD3D11RHI: D3D11 adapters:
[2019.11.09-02.15.02:733][  0]LogD3D11RHI:    0. 'NVIDIA GeForce GTX 1060 3GB' (Feature Level 11_0)
[2019.11.09-02.15.02:733][  0]LogD3D11RHI:       2988/0/8138 MB DedicatedVideo/DedicatedSystem/SharedSystem, Outputs:2, VendorId:0x10de
[2019.11.09-02.15.02:745][  0]LogD3D11RHI:    1. 'Intel(R) HD Graphics 630' (Feature Level 11_0)
[2019.11.09-02.15.02:745][  0]LogD3D11RHI:       128/0/8138 MB DedicatedVideo/DedicatedSystem/SharedSystem, Outputs:1, VendorId:0x8086
[2019.11.09-02.15.02:746][  0]LogD3D11RHI:    2. 'Microsoft Basic Render Driver' (Feature Level 11_0)
[2019.11.09-02.15.02:746][  0]LogD3D11RHI:       0/0/8138 MB DedicatedVideo/DedicatedSystem/SharedSystem, Outputs:0, VendorId:0x1414
[2019.11.09-02.15.02:746][  0]LogD3D11RHI: Chosen D3D11 Adapter: 0
[2019.11.09-02.15.02:816][  0]LogD3D11RHI: Creating new Direct3DDevice
[2019.11.09-02.15.02:816][  0]LogD3D11RHI:     GPU DeviceId: 0x1c02 (for the marketing name, search the web for "GPU Device Id")
[2019.11.09-02.15.02:834][  0]LogWindows: EnumDisplayDevices:
[2019.11.09-02.15.02:835][  0]LogWindows:    0. 'NVIDIA GeForce GTX 1060 3GB' (P:1 D:1)
[2019.11.09-02.15.02:835][  0]LogWindows:    1. 'NVIDIA GeForce GTX 1060 3GB' (P:0 D:1)
[2019.11.09-02.15.02:835][  0]LogWindows:    2. 'NVIDIA GeForce GTX 1060 3GB' (P:0 D:0)
[2019.11.09-02.15.02:835][  0]LogWindows:    3. 'NVIDIA GeForce GTX 1060 3GB' (P:0 D:0)
[2019.11.09-02.15.02:835][  0]LogWindows:    4. 'Intel(R) HD Graphics 630' (P:0 D:1)
[2019.11.09-02.15.02:836][  0]LogWindows:    5. 'Intel(R) HD Graphics 630' (P:0 D:0)
[2019.11.09-02.15.02:836][  0]LogWindows:    6. 'Intel(R) HD Graphics 630' (P:0 D:0)
[2019.11.09-02.15.02:836][  0]LogWindows: DebugString: PrimaryIsNotTheChoosenAdapter PrimaryIsNotTheChoosenAdapter PrimaryIsNotTheChoosenAdapter FoundDriverCount:4 
[2019.11.09-02.15.02:836][  0]LogD3D11RHI:     Adapter Name: NVIDIA GeForce GTX 1060 3GB
[2019.11.09-02.15.02:836][  0]LogD3D11RHI:   Driver Version: 419.17 (internal:25.21.14.1917, unified:419.17)
[2019.11.09-02.15.02:836][  0]LogD3D11RHI:      Driver Date: 2-20-2019
[2019.11.09-02.15.02:836][  0]LogRHI: Texture pool is 2091 MB (70% of 2988 MB)
[2019.11.09-02.15.02:875][  0]LogD3D11RHI: Async texture creation enabled
[2019.11.09-02.15.03:397][  0]LogRendererCore: FGlobalReadBuffer::InitRHI
[2019.11.09-02.15.03:400][  0]LogRendererCore: FGlobalReadBuffer::InitRHI
[2019.11.09-02.15.03:400][  0]LogRendererCore: FGlobalReadBuffer::InitRHI
[2019.11.09-02.15.03:474][  0]LogD3D11RHI: GPU Timing Frequency: 1000.000000 (Debug: 2 1)
[2019.11.09-02.15.04:830][  0]LogTemp: Display: Module 'AllDesktopTargetPlatform' loaded TargetPlatform 'AllDesktop'
[2019.11.09-02.15.04:901][  0]LogTemp: Display: Module 'MacClientTargetPlatform' loaded TargetPlatform 'MacClient'
[2019.11.09-02.15.04:955][  0]LogTemp: Display: Module 'MacNoEditorTargetPlatform' loaded TargetPlatform 'MacNoEditor'
[2019.11.09-02.15.05:013][  0]LogTemp: Display: Module 'MacServerTargetPlatform' loaded TargetPlatform 'MacServer'
[2019.11.09-02.15.05:148][  0]LogTemp: Display: Module 'MacTargetPlatform' loaded TargetPlatform 'Mac'
[2019.11.09-02.15.05:186][  0]LogTemp: Display: Module 'WindowsClientTargetPlatform' loaded TargetPlatform 'WindowsClient'
[2019.11.09-02.15.05:223][  0]LogTemp: Display: Module 'WindowsNoEditorTargetPlatform' loaded TargetPlatform 'WindowsNoEditor'
[2019.11.09-02.15.05:266][  0]LogTemp: Display: Module 'WindowsServerTargetPlatform' loaded TargetPlatform 'WindowsServer'
[2019.11.09-02.15.05:301][  0]LogTemp: Display: Module 'WindowsTargetPlatform' loaded TargetPlatform 'Windows'
[2019.11.09-02.15.05:515][  0]LogTemp: Display: Module 'AndroidTargetPlatform' loaded TargetPlatform 'Android'
[2019.11.09-02.15.05:515][  0]LogTemp: Display: Module 'AndroidTargetPlatform' loaded TargetPlatform 'Android_ASTC'
[2019.11.09-02.15.05:515][  0]LogTemp: Display: Module 'AndroidTargetPlatform' loaded TargetPlatform 'Android_ATC'
[2019.11.09-02.15.05:515][  0]LogTemp: Display: Module 'AndroidTargetPlatform' loaded TargetPlatform 'Android_DXT'
[2019.11.09-02.15.05:515][  0]LogTemp: Display: Module 'AndroidTargetPlatform' loaded TargetPlatform 'Android_ETC1'
[2019.11.09-02.15.05:515][  0]LogTemp: Display: Module 'AndroidTargetPlatform' loaded TargetPlatform 'Android_ETC1a'
[2019.11.09-02.15.05:515][  0]LogTemp: Display: Module 'AndroidTargetPlatform' loaded TargetPlatform 'Android_ETC2'
[2019.11.09-02.15.05:515][  0]LogTemp: Display: Module 'AndroidTargetPlatform' loaded TargetPlatform 'Android_PVRTC'
[2019.11.09-02.15.05:515][  0]LogTemp: Display: Module 'AndroidTargetPlatform' loaded TargetPlatform 'AndroidClient'
[2019.11.09-02.15.05:515][  0]LogTemp: Display: Module 'AndroidTargetPlatform' loaded TargetPlatform 'Android_ASTCClient'
[2019.11.09-02.15.05:515][  0]LogTemp: Display: Module 'AndroidTargetPlatform' loaded TargetPlatform 'Android_ATCClient'
[2019.11.09-02.15.05:515][  0]LogTemp: Display: Module 'AndroidTargetPlatform' loaded TargetPlatform 'Android_DXTClient'
[2019.11.09-02.15.05:515][  0]LogTemp: Display: Module 'AndroidTargetPlatform' loaded TargetPlatform 'Android_ETC1Client'
[2019.11.09-02.15.05:515][  0]LogTemp: Display: Module 'AndroidTargetPlatform' loaded TargetPlatform 'Android_ETC1aClient'
[2019.11.09-02.15.05:515][  0]LogTemp: Display: Module 'AndroidTargetPlatform' loaded TargetPlatform 'Android_ETC2Client'
[2019.11.09-02.15.05:515][  0]LogTemp: Display: Module 'AndroidTargetPlatform' loaded TargetPlatform 'Android_PVRTCClient'
[2019.11.09-02.15.05:515][  0]LogTemp: Display: Module 'AndroidTargetPlatform' loaded TargetPlatform 'Android_Multi'
[2019.11.09-02.15.05:515][  0]LogTemp: Display: Module 'AndroidTargetPlatform' loaded TargetPlatform 'Android_MultiClient'
[2019.11.09-02.15.05:545][  0]LogTemp: Display: Module 'HTML5TargetPlatform' loaded TargetPlatform 'HTML5'
[2019.11.09-02.15.05:736][  0]LogTemp: Display: Module 'IOSTargetPlatform' loaded TargetPlatform 'IOSClient'
[2019.11.09-02.15.05:736][  0]LogTemp: Display: Module 'IOSTargetPlatform' loaded TargetPlatform 'IOS'
[2019.11.09-02.15.05:782][  0]LogTemp: Display: Module 'TVOSTargetPlatform' loaded TargetPlatform 'TVOSClient'
[2019.11.09-02.15.05:782][  0]LogTemp: Display: Module 'TVOSTargetPlatform' loaded TargetPlatform 'TVOS'
[2019.11.09-02.15.05:835][  0]LogTemp: Display: Module 'LinuxClientTargetPlatform' loaded TargetPlatform 'LinuxClient'
[2019.11.09-02.15.05:857][  0]LogTemp: Display: Module 'LinuxNoEditorTargetPlatform' loaded TargetPlatform 'LinuxNoEditor'
[2019.11.09-02.15.05:955][  0]LogTemp: Display: Module 'LinuxServerTargetPlatform' loaded TargetPlatform 'LinuxServer'
[2019.11.09-02.15.06:046][  0]LogTemp: Display: Module 'LinuxTargetPlatform' loaded TargetPlatform 'Linux'
[2019.11.09-02.15.06:156][  0]LogTemp: Display: Module 'LuminTargetPlatform' loaded TargetPlatform 'Lumin'
[2019.11.09-02.15.06:156][  0]LogTemp: Display: Module 'LuminTargetPlatform' loaded TargetPlatform 'LuminClient'
[2019.11.09-02.15.06:156][  0]LogTargetPlatformManager: Display: Building Assets For Windows
[2019.11.09-02.15.07:169][  0]LogAudioDebug: Display: Lib vorbis DLL was dynamically loaded.
[2019.11.09-02.15.08:425][  0]LogShaderCompilers: Guid format shader working directory is -2 characters bigger than the processId version (../../../../gitProjects/ZombieCreed/ZombieCreed/Intermediate/Shaders/WorkingDirectory/17752/).
[2019.11.09-02.15.08:426][  0]LogShaderCompilers: Cleaned the shader compiler working directory 'C:/Users/Adril/AppData/Local/Temp/UnrealShaderWorkingDir/F14410EB4B8990F9EDBA2FA2E375158D/'.
[2019.11.09-02.15.08:469][  0]LogXGEController: Cleaning working directory: C:/Users/Adril/AppData/Local/Temp/UnrealXGEWorkingDir/
[2019.11.09-02.15.08:469][  0]LogXGEController: Cannot use XGE Controller as Incredibuild is not installed on this machine.
[2019.11.09-02.15.08:469][  0]LogShaderCompilers: Cannot use XGE Shader Compiler as Incredibuild is not installed on this machine.
[2019.11.09-02.15.08:469][  0]LogShaderCompilers: Display: Using Local Shader Compiler.
[2019.11.09-02.15.12:331][  0]LogDerivedDataCache: Display: Max Cache Size: 512 MB
[2019.11.09-02.15.12:517][  0]LogDerivedDataCache: Loaded boot cache 0.18s 71MB C:/Users/Adril/AppData/Local/UnrealEngine/4.22/DerivedDataCache/Boot.ddc.
[2019.11.09-02.15.12:517][  0]LogDerivedDataCache: Display: Loaded Boot cache: C:/Users/Adril/AppData/Local/UnrealEngine/4.22/DerivedDataCache/Boot.ddc
[2019.11.09-02.15.12:517][  0]LogDerivedDataCache: FDerivedDataBackendGraph:  Pak pak cache file ../../../../gitProjects/ZombieCreed/ZombieCreed/DerivedDataCache/DDC.ddp not found, will not use a pak cache.
[2019.11.09-02.15.12:517][  0]LogDerivedDataCache: Unable to find inner node Pak for hierarchical cache Hierarchy.
[2019.11.09-02.15.12:517][  0]LogDerivedDataCache: FDerivedDataBackendGraph:  CompressedPak pak cache file ../../../../gitProjects/ZombieCreed/ZombieCreed/DerivedDataCache/Compressed.ddp not found, will not use a pak cache.
[2019.11.09-02.15.12:517][  0]LogDerivedDataCache: Unable to find inner node CompressedPak for hierarchical cache Hierarchy.
[2019.11.09-02.15.12:663][  0]LogDerivedDataCache: Display: Pak cache opened for reading ../../../Engine/DerivedDataCache/Compressed.ddp.
[2019.11.09-02.15.12:663][  0]LogDerivedDataCache: FDerivedDataBackendGraph:  EnterprisePak pak cache file ../../../Enterprise/DerivedDataCache/Compressed.ddp not found, will not use a pak cache.
[2019.11.09-02.15.12:663][  0]LogDerivedDataCache: Unable to find inner node EnterprisePak for hierarchical cache Hierarchy.
[2019.11.09-02.15.12:675][  0]LogDerivedDataCache: Using Local data cache path C:/Users/Adril/AppData/Local/UnrealEngine/Common/DerivedDataCache: Writable
[2019.11.09-02.15.12:675][  0]LogDerivedDataCache: Shared data cache path not found in *engine.ini, will not use an Shared cache.
[2019.11.09-02.15.12:675][  0]LogDerivedDataCache: Unable to find inner node Shared for hierarchical cache Hierarchy.
[2019.11.09-02.15.12:767][  0]LogMaterial: Verifying Global Shaders for PCD3D_SM5
[2019.11.09-02.15.12:875][  0]LogSlate: Using FreeType 2.6.0
[2019.11.09-02.15.13:115][  0]LogSlate: SlateFontServices - WITH_FREETYPE: 1, WITH_HARFBUZZ: 1
[2019.11.09-02.15.18:229][  0]LogAssetRegistry: FAssetRegistry took 0.0725 seconds to start up
[2019.11.09-02.15.25:660][  0]LogInit: Selected Device Profile: [Windows]
[2019.11.09-02.15.27:939][  0]LogMeshReduction: Using QuadricMeshReduction for automatic static mesh reduction
[2019.11.09-02.15.27:939][  0]LogMeshReduction: Using SimplygonMeshReduction for automatic skeletal mesh reduction
[2019.11.09-02.15.27:939][  0]LogMeshReduction: Using ProxyLODMeshReduction for automatic mesh merging
[2019.11.09-02.15.27:939][  0]LogMeshReduction: No distributed automatic mesh merging module available
[2019.11.09-02.15.27:939][  0]LogMeshMerging: No distributed automatic mesh merging module available
[2019.11.09-02.15.29:017][  0]LogNetVersion: ZombieCreed 1.0.0, NetCL: 5660361, EngineNetVer: 10, GameNetVer: 0 (Checksum: 2797403465)
[2019.11.09-02.15.41:537][  0]LogPackageLocalizationCache: Processed 10 localized package path(s) for 1 prioritized culture(s) in 0.117760 seconds
[2019.11.09-02.15.41:618][  0]LogUObjectArray: 42205 objects as part of root set at end of initial load.
[2019.11.09-02.15.41:619][  0]LogUObjectAllocator: 7325032 out of 0 bytes used by permanent object pool.
[2019.11.09-02.15.41:619][  0]LogUObjectArray: CloseDisregardForGC: 0/0 objects in disregard for GC pool
[2019.11.09-02.16.15:346][  0]LogTcpMessaging: Initializing TcpMessaging bridge
[2019.11.09-02.16.15:394][  0]LogUdpMessaging: Initializing bridge on interface 0.0.0.0:0 to multicast group 230.0.0.1:6666.
[2019.11.09-02.16.16:744][  0]SourceControl: Source control is disabled
[2019.11.09-02.16.16:760][  0]SourceControl: Source control is disabled
[2019.11.09-02.16.16:853][  0]SourceControl: Source control is disabled
[2019.11.09-02.16.16:904][  0]SourceControl: Source control is disabled
[2019.11.09-02.16.19:677][  0]LogAndroidPermission: UAndroidPermissionCallbackProxy::GetInstance
[2019.11.09-02.16.20:846][  0]LogOcInput: OculusInput pre-init called
[2019.11.09-02.16.25:023][  0]LogEngine: Initializing Engine...
[2019.11.09-02.16.25:163][  0]LogHMD: Failed to initialize OpenVR with code 110
[2019.11.09-02.16.25:231][  0]LogStats: UGameplayTagsManager::InitializeManager -  0.037 s
[2019.11.09-02.16.26:430][  0]LogInit: Initializing FReadOnlyCVARCache
[2019.11.09-02.16.27:324][  0]LogAIModule: Creating AISystem for world Untitled
[2019.11.09-02.16.27:676][  0]LogInit: XAudio2 using 'Headset Earphone (CORSAIR VOID PRO Wireless Gaming Headset)' : 6 channels at 48 kHz using 16 bits per sample (channel mask 0x3f)
[2019.11.09-02.16.27:700][  0]LogInit: FAudioDevice initialized.
[2019.11.09-02.16.27:700][  0]LogNetVersion: Set ProjectVersion to 1.0.0.0. Version Checksum will be recalculated on next use.
[2019.11.09-02.16.27:780][  0]LogDerivedDataCache: Saved boot cache 0.08s 71MB C:/Users/Adril/AppData/Local/UnrealEngine/4.22/DerivedDataCache/Boot.ddc.
[2019.11.09-02.16.27:785][  0]LogInit: Texture streaming: Enabled
[2019.11.09-02.16.28:214][  0]LogEngineSessionManager: EngineSessionManager initialized
[2019.11.09-02.16.28:867][  0]LogInit: Transaction tracking system initialized
[2019.11.09-02.16.29:598][  0]BlueprintLog: New page: Editor Load
[2019.11.09-02.16.35:843][  0]LocalizationService: Localization service is disabled
[2019.11.09-02.16.43:529][  0]LogCook: Display: Max memory allowance for cook 16384mb min free memory 0mb
[2019.11.09-02.16.43:530][  0]LogCook: Display: Mobile HDR setting 1
[2019.11.09-02.16.44:439][  0]LogFileCache: Scanning file cache for directory 'R:/Unreal/gitProjects/ZombieCreed/ZombieCreed/Content/' took 0.10s
[2019.11.09-02.16.49:833][  0]SourceControl: Source control is disabled
[2019.11.09-02.16.49:901][  0]Cmd: MAP LOAD FILE="../../../../gitProjects/ZombieCreed/ZombieCreed/Content/Maps/City1.umap" TEMPLATE=0 SHOWPROGRESS=1 FEATURELEVEL=3
[2019.11.09-02.16.49:966][  0]LightingResults: New page: Lighting Build
[2019.11.09-02.16.50:267][  0]MapCheck: New page: Map Check
[2019.11.09-02.16.50:267][  0]LightingResults: New page: Lighting Build
[2019.11.09-02.16.50:957][  0]LogUObjectHash: Compacting FUObjectHashTables data took  18.29ms
[2019.11.09-02.17.02:379][  0]LogAIModule: Creating AISystem for world City1
[2019.11.09-02.17.03:333][  0]LogEditorServer: Finished looking for orphan Actors (0.000 secs)
[2019.11.09-02.17.03:774][  0]LogUObjectHash: Compacting FUObjectHashTables data took   1.91ms
[2019.11.09-02.17.03:794][  0]Cmd: MAP CHECKDEP NOCLEARLOG
[2019.11.09-02.17.03:800][  0]MapCheck: Map check complete: 0 Error(s), 0 Warning(s), took 1.868ms to complete.
[2019.11.09-02.17.03:805][  0]LogFileHelpers: Loading map 'City1' took 13.922
[2019.11.09-02.17.07:535][  0]LogSlate: Updating window title bar state: overlay mode, drag disabled, window buttons hidden, title bar hidden
[2019.11.09-02.17.07:545][  0]LogSlate: Updating window title bar state: overlay mode, drag disabled, window buttons hidden, title bar hidden
[2019.11.09-02.17.07:551][  0]LogSlate: Updating window title bar state: overlay mode, drag disabled, window buttons hidden, title bar hidden
[2019.11.09-02.17.07:557][  0]LogSlate: Updating window title bar state: overlay mode, drag disabled, window buttons hidden, title bar hidden
[2019.11.09-02.17.07:763][  0]LogCollectionManager: Loaded 0 collections in 0.000761 seconds
[2019.11.09-02.17.08:139][  0]LogFileCache: Scanning file cache for directory 'R:/Unreal/gitProjects/ZombieCreed/ZombieCreed/Saved/Collections/' took 0.01s
[2019.11.09-02.17.08:139][  0]LogFileCache: Scanning file cache for directory 'R:/Unreal/gitProjects/ZombieCreed/ZombieCreed/Content/Developers/Adril/Collections/' took 0.01s
[2019.11.09-02.17.08:139][  0]LogFileCache: Scanning file cache for directory 'R:/Unreal/gitProjects/ZombieCreed/ZombieCreed/Content/Collections/' took 0.00s
[2019.11.09-02.17.08:139][  0]LogCollectionManager: Rebuilt the GUID cache for 0 collections in 0.000001 seconds
[2019.11.09-02.17.08:154][  0]LogContentBrowser: Native class hierarchy populated in 0.0100 seconds. Added 2732 classes and 659 folders.
[2019.11.09-02.17.08:457][  0]LogContentBrowser: Native class hierarchy updated for 'WidgetCarousel' in 0.0002 seconds. Added 0 classes and 0 folders.
[2019.11.09-02.17.08:591][  0]LogPakFile: Registered encryption key '00000000000000000000000000000000': 0 pak files mounted, 0 remain pending
[2019.11.09-02.17.08:708][  0]LogPakFile: Registered encryption key '00000000000000000000000000000000': 0 pak files mounted, 0 remain pending
[2019.11.09-02.17.08:728][  0]LogPakFile: Registered encryption key '00000000000000000000000000000000': 0 pak files mounted, 0 remain pending
[2019.11.09-02.17.08:753][  0]LogPakFile: Registered encryption key '00000000000000000000000000000000': 0 pak files mounted, 0 remain pending
[2019.11.09-02.17.08:773][  0]LogPakFile: Registered encryption key '00000000000000000000000000000000': 0 pak files mounted, 0 remain pending
[2019.11.09-02.17.08:779][  0]LogPakFile: Registered encryption key '00000000000000000000000000000000': 0 pak files mounted, 0 remain pending
[2019.11.09-02.17.08:788][  0]LogPakFile: Registered encryption key '00000000000000000000000000000000': 0 pak files mounted, 0 remain pending
[2019.11.09-02.17.08:808][  0]LogPakFile: Registered encryption key '00000000000000000000000000000000': 0 pak files mounted, 0 remain pending
[2019.11.09-02.17.08:819][  0]LogPakFile: Registered encryption key '00000000000000000000000000000000': 0 pak files mounted, 0 remain pending
[2019.11.09-02.17.08:887][  0]LogPakFile: Registered encryption key '00000000000000000000000000000000': 0 pak files mounted, 0 remain pending
[2019.11.09-02.17.08:893][  0]LogPakFile: Registered encryption key '00000000000000000000000000000000': 0 pak files mounted, 0 remain pending
[2019.11.09-02.17.08:962][  0]LogPakFile: Registered encryption key '00000000000000000000000000000000': 0 pak files mounted, 0 remain pending
[2019.11.09-02.17.08:969][  0]LogPakFile: Registered encryption key '00000000000000000000000000000000': 0 pak files mounted, 0 remain pending
[2019.11.09-02.17.08:977][  0]LogPakFile: Registered encryption key '00000000000000000000000000000000': 0 pak files mounted, 0 remain pending
[2019.11.09-02.17.09:000][  0]LogPakFile: Registered encryption key '00000000000000000000000000000000': 0 pak files mounted, 0 remain pending
[2019.11.09-02.17.09:005][  0]LogPakFile: Registered encryption key '00000000000000000000000000000000': 0 pak files mounted, 0 remain pending
[2019.11.09-02.17.09:029][  0]LogPakFile: Registered encryption key '00000000000000000000000000000000': 0 pak files mounted, 0 remain pending
[2019.11.09-02.17.09:036][  0]LogPakFile: Registered encryption key '00000000000000000000000000000000': 0 pak files mounted, 0 remain pending
[2019.11.09-02.17.09:041][  0]LogPakFile: Registered encryption key '00000000000000000000000000000000': 0 pak files mounted, 0 remain pending
[2019.11.09-02.17.09:047][  0]LogPakFile: Registered encryption key '00000000000000000000000000000000': 0 pak files mounted, 0 remain pending
[2019.11.09-02.17.09:051][  0]LogPakFile: Registered encryption key '00000000000000000000000000000000': 0 pak files mounted, 0 remain pending
[2019.11.09-02.17.09:058][  0]LogPakFile: Registered encryption key '00000000000000000000000000000000': 0 pak files mounted, 0 remain pending
[2019.11.09-02.17.09:063][  0]LogPakFile: Registered encryption key '00000000000000000000000000000000': 0 pak files mounted, 0 remain pending
[2019.11.09-02.17.09:102][  0]LogPakFile: Registered encryption key '00000000000000000000000000000000': 0 pak files mounted, 0 remain pending
[2019.11.09-02.17.09:142][  0]LogPakFile: Registered encryption key '00000000000000000000000000000000': 0 pak files mounted, 0 remain pending
[2019.11.09-02.17.09:149][  0]LogPakFile: Registered encryption key '00000000000000000000000000000000': 0 pak files mounted, 0 remain pending
[2019.11.09-02.17.09:796][  0]LogContentBrowser: Native class hierarchy updated for 'AddContentDialog' in 0.0002 seconds. Added 0 classes and 0 folders.
[2019.11.09-02.17.09:836][  0]LogContentBrowser: Native class hierarchy updated for 'SceneOutliner' in 0.0002 seconds. Added 1 classes and 2 folders.
[2019.11.09-02.17.10:931][  0]LogSlate: Took 0.043352 seconds to synchronously load lazily loaded font '../../../Engine/Content/Slate/Fonts/Roboto-Regular.ttf' (155K)
[2019.11.09-02.17.11:008][  0]LogSlate: Took 0.049670 seconds to synchronously load lazily loaded font '../../../Engine/Content/Slate/Fonts/Roboto-Bold.ttf' (160K)
[2019.11.09-02.17.11:263][  0]LogSlate: Took 0.077688 seconds to synchronously load lazily loaded font '../../../Engine/Content/Editor/Slate/Fonts/FontAwesome.ttf' (139K)
[2019.11.09-02.17.12:333][  0]LogRenderer: Reallocating scene render targets to support 1208x572 Format 10 NumSamples 1 (Frame:1).
[2019.11.09-02.17.13:779][  0]LogContentBrowser: Native class hierarchy updated for 'HierarchicalLODOutliner' in 0.0002 seconds. Added 0 classes and 0 folders.
[2019.11.09-02.17.13:779][  0]LogLoad: (Engine Initialization) Total time: 180.10 seconds
[2019.11.09-02.17.13:779][  0]LogLoad: (Engine Initialization) Total Blueprint compile time: 0.00 seconds
[2019.11.09-02.17.15:111][  0]LogContentStreaming: Texture pool size now 1000 MB
[2019.11.09-02.17.15:730][  1]LogFileCache: Retrieving MD5 hashes for directory 'R:/Unreal/gitProjects/ZombieCreed/ZombieCreed/Content/' took 1.43s
[2019.11.09-02.17.16:014][  1]LogSlate: Took 0.047537 seconds to synchronously load lazily loaded font '../../../Engine/Content/Slate/Fonts/Roboto-Light.ttf' (167K)
[2019.11.09-02.17.16:204][  2]LogAssetRegistry: Asset discovery search completed in 118.0359 seconds
[2019.11.09-02.17.16:311][  2]LogCollectionManager: Rebuilt the object cache for 0 collections in 0.000000 seconds (found 0 objects)
[2019.11.09-02.17.16:311][  2]LogCollectionManager: Fixed up redirectors for 0 collections in 0.017535 seconds (updated 0 objects)
[2019.11.09-02.31.27:577][800]LogWindowsTextInputMethodSystem: Display: IME system now deactivated.
[2019.11.09-02.31.27:577][800]LogWindowsTextInputMethodSystem: Display: IME system now deactivated.
[2019.11.09-02.33.33:693][537]LogSlate: FSceneViewport::OnFocusLost() reason 2
[2019.11.09-02.33.46:196][  4]LogBlueprintUserMessages: Early PlayInEditor Detection: Level '/Game/Maps/City1.City1:PersistentLevel' has LevelScriptBlueprint '/Game/Maps/City1.City1:PersistentLevel.City1' with GeneratedClass '/Game/Maps/City1.City1_C' with ClassGeneratedBy '/Game/Maps/City1.City1:PersistentLevel.City1'
[2019.11.09-02.33.46:229][  4]LogPlayLevel: PlayLevel: No blueprints needed recompiling
[2019.11.09-02.33.46:445][  4]PIE: New page: SIE session: City1 (Nov 8, 2019, 4:33:46 PM)
[2019.11.09-02.33.46:709][  4]LogPlayLevel: Creating play world package: /Game/Maps/UEDPIE_0_City1
[2019.11.09-02.33.47:333][  4]LogPlayLevel: PIE: StaticDuplicateObject took: (0.623824s)
[2019.11.09-02.33.47:430][  4]LogAIModule: Creating AISystem for world City1
[2019.11.09-02.33.47:474][  4]LogPlayLevel: PIE: World Init took: (0.141355s)
[2019.11.09-02.33.47:474][  4]LogPlayLevel: PIE: Created PIE world by copying editor world from /Game/Maps/City1.City1 to /Game/Maps/UEDPIE_0_City1.City1 (0.765455s)
[2019.11.09-02.33.47:497][  4]LogUObjectHash: Compacting FUObjectHashTables data took   0.95ms
[2019.11.09-02.33.47:616][  4]LogInit: XAudio2 using 'Headset Earphone (CORSAIR VOID PRO Wireless Gaming Headset)' : 6 channels at 48 kHz using 16 bits per sample (channel mask 0x3f)
[2019.11.09-02.33.47:625][  4]LogInit: FAudioDevice initialized.
[2019.11.09-02.33.48:028][  4]LogLoad: Game class is 'ThirdPersonGameMode_C'
[2019.11.09-02.33.48:239][  4]LogWorld: Bringing World /Game/Maps/UEDPIE_0_City1.City1 up for play (max tick rate 0) at 2019.11.08-21.33.48
[2019.11.09-02.33.48:444][  4]LogWorld: Bringing up level for play took: 0.211553
[2019.11.09-02.33.48:998][  4]LogContentBrowser: Native class hierarchy updated for 'MovieSceneCapture' in 0.0003 seconds. Added 20 classes and 0 folders.
[2019.11.09-02.33.49:136][  4]PIE: Play in editor start time for /Game/Maps/UEDPIE_0_City1 2.911
[2019.11.09-02.33.49:383][  4]LogBlueprintUserMessages: Late PlayInEditor Detection: Level '/Game/Maps/City1.City1:PersistentLevel' has LevelScriptBlueprint '/Game/Maps/City1.City1:PersistentLevel.City1' with GeneratedClass '/Game/Maps/City1.City1_C' with ClassGeneratedBy '/Game/Maps/City1.City1:PersistentLevel.City1'
[2019.11.09-02.33.51:178][  6]LogSlate: FSceneViewport::OnFocusLost() reason 2
[2019.11.09-02.33.51:471][  6]LogSlate: FSceneViewport::OnFocusLost() reason 2
[2019.11.09-02.33.57:984][666]LogScript: Warning: Accessed None trying to read property GM_REF
	Zombie_Spawner_C /Game/Maps/UEDPIE_0_City1.City1:PersistentLevel.Zombie_Spawner10_101
	Function /Game/ZombieCreed_Game/Characters/Zombie_Enemy/Blueprints/Zombie_Spawner.Zombie_Spawner_C:ExecuteUbergraph_Zombie_Spawner:01D3
[2019.11.09-02.33.58:098][666]PIE: Error: Blueprint Runtime Error: "Accessed None trying to read property GM_REF". Blueprint:  Zombie_Spawner Function:  Execute Ubergraph Zombie Spawner Graph:  EventGraph Node:  Branch
[2019.11.09-02.33.58:098][666]LogScript: Warning: Accessed None trying to read property GM_REF
	Zombie_Spawner_C /Game/Maps/UEDPIE_0_City1.City1:PersistentLevel.Zombie_Spawner2_77
	Function /Game/ZombieCreed_Game/Characters/Zombie_Enemy/Blueprints/Zombie_Spawner.Zombie_Spawner_C:ExecuteUbergraph_Zombie_Spawner:01D3
[2019.11.09-02.33.58:098][666]PIE: Error: Blueprint Runtime Error: "Accessed None trying to read property GM_REF". Blueprint:  Zombie_Spawner Function:  Execute Ubergraph Zombie Spawner Graph:  EventGraph Node:  Branch
[2019.11.09-02.33.58:098][666]LogScript: Warning: Accessed None trying to read property GM_REF
	Zombie_Spawner_C /Game/Maps/UEDPIE_0_City1.City1:PersistentLevel.Zombie_Spawner3_80
	Function /Game/ZombieCreed_Game/Characters/Zombie_Enemy/Blueprints/Zombie_Spawner.Zombie_Spawner_C:ExecuteUbergraph_Zombie_Spawner:01D3
[2019.11.09-02.33.58:098][666]PIE: Error: Blueprint Runtime Error: "Accessed None trying to read property GM_REF". Blueprint:  Zombie_Spawner Function:  Execute Ubergraph Zombie Spawner Graph:  EventGraph Node:  Branch
[2019.11.09-02.33.58:098][666]LogScript: Warning: Accessed None trying to read property GM_REF
	Zombie_Spawner_C /Game/Maps/UEDPIE_0_City1.City1:PersistentLevel.Zombie_Spawner4_83
	Function /Game/ZombieCreed_Game/Characters/Zombie_Enemy/Blueprints/Zombie_Spawner.Zombie_Spawner_C:ExecuteUbergraph_Zombie_Spawner:01D3
[2019.11.09-02.33.58:098][666]PIE: Error: Blueprint Runtime Error: "Accessed None trying to read property GM_REF". Blueprint:  Zombie_Spawner Function:  Execute Ubergraph Zombie Spawner Graph:  EventGraph Node:  Branch
[2019.11.09-02.33.58:098][666]LogScript: Warning: Accessed None trying to read property GM_REF
	Zombie_Spawner_C /Game/Maps/UEDPIE_0_City1.City1:PersistentLevel.Zombie_Spawner5_86
	Function /Game/ZombieCreed_Game/Characters/Zombie_Enemy/Blueprints/Zombie_Spawner.Zombie_Spawner_C:ExecuteUbergraph_Zombie_Spawner:01D3
[2019.11.09-02.33.58:099][666]PIE: Error: Blueprint Runtime Error: "Accessed None trying to read property GM_REF". Blueprint:  Zombie_Spawner Function:  Execute Ubergraph Zombie Spawner Graph:  EventGraph Node:  Branch
[2019.11.09-02.33.58:099][666]LogScript: Warning: Accessed None trying to read property GM_REF
	Zombie_Spawner_C /Game/Maps/UEDPIE_0_City1.City1:PersistentLevel.Zombie_Spawner6_89
	Function /Game/ZombieCreed_Game/Characters/Zombie_Enemy/Blueprints/Zombie_Spawner.Zombie_Spawner_C:ExecuteUbergraph_Zombie_Spawner:01D3
[2019.11.09-02.33.58:099][666]PIE: Error: Blueprint Runtime Error: "Accessed None trying to read property GM_REF". Blueprint:  Zombie_Spawner Function:  Execute Ubergraph Zombie Spawner Graph:  EventGraph Node:  Branch
[2019.11.09-02.33.58:099][666]LogScript: Warning: Accessed None trying to read property GM_REF
	Zombie_Spawner_C /Game/Maps/UEDPIE_0_City1.City1:PersistentLevel.Zombie_Spawner7_92
	Function /Game/ZombieCreed_Game/Characters/Zombie_Enemy/Blueprints/Zombie_Spawner.Zombie_Spawner_C:ExecuteUbergraph_Zombie_Spawner:01D3
[2019.11.09-02.33.58:099][666]PIE: Error: Blueprint Runtime Error: "Accessed None trying to read property GM_REF". Blueprint:  Zombie_Spawner Function:  Execute Ubergraph Zombie Spawner Graph:  EventGraph Node:  Branch
[2019.11.09-02.33.58:099][666]LogScript: Warning: Accessed None trying to read property GM_REF
	Zombie_Spawner_C /Game/Maps/UEDPIE_0_City1.City1:PersistentLevel.Zombie_Spawner8_95
	Function /Game/ZombieCreed_Game/Characters/Zombie_Enemy/Blueprints/Zombie_Spawner.Zombie_Spawner_C:ExecuteUbergraph_Zombie_Spawner:01D3
[2019.11.09-02.33.58:099][666]PIE: Error: Blueprint Runtime Error: "Accessed None trying to read property GM_REF". Blueprint:  Zombie_Spawner Function:  Execute Ubergraph Zombie Spawner Graph:  EventGraph Node:  Branch
[2019.11.09-02.33.58:099][666]LogScript: Warning: Accessed None trying to read property GM_REF
	Zombie_Spawner_C /Game/Maps/UEDPIE_0_City1.City1:PersistentLevel.Zombie_Spawner_74
	Function /Game/ZombieCreed_Game/Characters/Zombie_Enemy/Blueprints/Zombie_Spawner.Zombie_Spawner_C:ExecuteUbergraph_Zombie_Spawner:01D3
[2019.11.09-02.33.58:099][666]PIE: Error: Blueprint Runtime Error: "Accessed None trying to read property GM_REF". Blueprint:  Zombie_Spawner Function:  Execute Ubergraph Zombie Spawner Graph:  EventGraph Node:  Branch
[2019.11.09-02.33.58:099][666]LogScript: Warning: Accessed None trying to read property GM_REF
	BP_GroundSpawner_C /Game/Maps/UEDPIE_0_City1.City1:PersistentLevel.BP_GroundSpawner_2
	Function /Game/ZombieCreed_Game/Characters/Zombie_Enemy/Blueprints/Zombie_Spawner.Zombie_Spawner_C:ExecuteUbergraph_Zombie_Spawner:01D3
[2019.11.09-02.33.58:099][666]PIE: Error: Blueprint Runtime Error: "Accessed None trying to read property GM_REF". Blueprint:  Zombie_Spawner Function:  Execute Ubergraph Zombie Spawner Graph:  EventGraph Node:  Branch
[2019.11.09-02.34.02:965][681]LogScript: Warning: Accessed None trying to read property GM_REF
	Zombie_Spawner_C /Game/Maps/UEDPIE_0_City1.City1:PersistentLevel.Zombie_Spawner10_101
	Function /Game/ZombieCreed_Game/Characters/Zombie_Enemy/Blueprints/Zombie_Spawner.Zombie_Spawner_C:ExecuteUbergraph_Zombie_Spawner:01D3
[2019.11.09-02.34.02:965][681]PIE: Error: Blueprint Runtime Error: "Accessed None trying to read property GM_REF". Blueprint:  Zombie_Spawner Function:  Execute Ubergraph Zombie Spawner Graph:  EventGraph Node:  Branch
[2019.11.09-02.34.02:965][681]LogScript: Warning: Accessed None trying to read property GM_REF
	Zombie_Spawner_C /Game/Maps/UEDPIE_0_City1.City1:PersistentLevel.Zombie_Spawner2_77
	Function /Game/ZombieCreed_Game/Characters/Zombie_Enemy/Blueprints/Zombie_Spawner.Zombie_Spawner_C:ExecuteUbergraph_Zombie_Spawner:01D3
[2019.11.09-02.34.02:965][681]PIE: Error: Blueprint Runtime Error: "Accessed None trying to read property GM_REF". Blueprint:  Zombie_Spawner Function:  Execute Ubergraph Zombie Spawner Graph:  EventGraph Node:  Branch
[2019.11.09-02.34.02:965][681]LogScript: Warning: Accessed None trying to read property GM_REF
	Zombie_Spawner_C /Game/Maps/UEDPIE_0_City1.City1:PersistentLevel.Zombie_Spawner3_80
	Function /Game/ZombieCreed_Game/Characters/Zombie_Enemy/Blueprints/Zombie_Spawner.Zombie_Spawner_C:ExecuteUbergraph_Zombie_Spawner:01D3
[2019.11.09-02.34.02:965][681]PIE: Error: Blueprint Runtime Error: "Accessed None trying to read property GM_REF". Blueprint:  Zombie_Spawner Function:  Execute Ubergraph Zombie Spawner Graph:  EventGraph Node:  Branch
[2019.11.09-02.34.02:965][681]LogScript: Warning: Accessed None trying to read property GM_REF
	Zombie_Spawner_C /Game/Maps/UEDPIE_0_City1.City1:PersistentLevel.Zombie_Spawner4_83
	Function /Game/ZombieCreed_Game/Characters/Zombie_Enemy/Blueprints/Zombie_Spawner.Zombie_Spawner_C:ExecuteUbergraph_Zombie_Spawner:01D3
[2019.11.09-02.34.02:965][681]PIE: Error: Blueprint Runtime Error: "Accessed None trying to read property GM_REF". Blueprint:  Zombie_Spawner Function:  Execute Ubergraph Zombie Spawner Graph:  EventGraph Node:  Branch
[2019.11.09-02.34.02:965][681]LogScript: Warning: Accessed None trying to read property GM_REF
	Zombie_Spawner_C /Game/Maps/UEDPIE_0_City1.City1:PersistentLevel.Zombie_Spawner5_86
	Function /Game/ZombieCreed_Game/Characters/Zombie_Enemy/Blueprints/Zombie_Spawner.Zombie_Spawner_C:ExecuteUbergraph_Zombie_Spawner:01D3
[2019.11.09-02.34.02:965][681]PIE: Error: Blueprint Runtime Error: "Accessed None trying to read property GM_REF". Blueprint:  Zombie_Spawner Function:  Execute Ubergraph Zombie Spawner Graph:  EventGraph Node:  Branch
[2019.11.09-02.34.02:965][681]LogScript: Warning: Accessed None trying to read property GM_REF
	Zombie_Spawner_C /Game/Maps/UEDPIE_0_City1.City1:PersistentLevel.Zombie_Spawner6_89
	Function /Game/ZombieCreed_Game/Characters/Zombie_Enemy/Blueprints/Zombie_Spawner.Zombie_Spawner_C:ExecuteUbergraph_Zombie_Spawner:01D3
[2019.11.09-02.34.02:965][681]PIE: Error: Blueprint Runtime Error: "Accessed None trying to read property GM_REF". Blueprint:  Zombie_Spawner Function:  Execute Ubergraph Zombie Spawner Graph:  EventGraph Node:  Branch
[2019.11.09-02.34.02:965][681]LogScript: Warning: Accessed None trying to read property GM_REF
	Zombie_Spawner_C /Game/Maps/UEDPIE_0_City1.City1:PersistentLevel.Zombie_Spawner7_92
	Function /Game/ZombieCreed_Game/Characters/Zombie_Enemy/Blueprints/Zombie_Spawner.Zombie_Spawner_C:ExecuteUbergraph_Zombie_Spawner:01D3
[2019.11.09-02.34.02:965][681]PIE: Error: Blueprint Runtime Error: "Accessed None trying to read property GM_REF". Blueprint:  Zombie_Spawner Function:  Execute Ubergraph Zombie Spawner Graph:  EventGraph Node:  Branch
[2019.11.09-02.34.02:965][681]LogScript: Warning: Accessed None trying to read property GM_REF
	Zombie_Spawner_C /Game/Maps/UEDPIE_0_City1.City1:PersistentLevel.Zombie_Spawner8_95
	Function /Game/ZombieCreed_Game/Characters/Zombie_Enemy/Blueprints/Zombie_Spawner.Zombie_Spawner_C:ExecuteUbergraph_Zombie_Spawner:01D3
[2019.11.09-02.34.02:965][681]PIE: Error: Blueprint Runtime Error: "Accessed None trying to read property GM_REF". Blueprint:  Zombie_Spawner Function:  Execute Ubergraph Zombie Spawner Graph:  EventGraph Node:  Branch
[2019.11.09-02.34.02:965][681]LogScript: Warning: Accessed None trying to read property GM_REF
	Zombie_Spawner_C /Game/Maps/UEDPIE_0_City1.City1:PersistentLevel.Zombie_Spawner_74
	Function /Game/ZombieCreed_Game/Characters/Zombie_Enemy/Blueprints/Zombie_Spawner.Zombie_Spawner_C:ExecuteUbergraph_Zombie_Spawner:01D3
[2019.11.09-02.34.02:965][681]PIE: Error: Blueprint Runtime Error: "Accessed None trying to read property GM_REF". Blueprint:  Zombie_Spawner Function:  Execute Ubergraph Zombie Spawner Graph:  EventGraph Node:  Branch
[2019.11.09-02.34.02:966][681]LogScript: Warning: Accessed None trying to read property GM_REF
	BP_GroundSpawner_C /Game/Maps/UEDPIE_0_City1.City1:PersistentLevel.BP_GroundSpawner_2
	Function /Game/ZombieCreed_Game/Characters/Zombie_Enemy/Blueprints/Zombie_Spawner.Zombie_Spawner_C:ExecuteUbergraph_Zombie_Spawner:01D3
[2019.11.09-02.34.02:966][681]PIE: Error: Blueprint Runtime Error: "Accessed None trying to read property GM_REF". Blueprint:  Zombie_Spawner Function:  Execute Ubergraph Zombie Spawner Graph:  EventGraph Node:  Branch
[2019.11.09-02.34.07:738][830]LogSlate: FSceneViewport::OnFocusLost() reason 0
[2019.11.09-02.34.11:367][249]LogBlueprintUserMessages: Early EndPlayMap Detection: Level '/Game/Maps/City1.City1:PersistentLevel' has LevelScriptBlueprint '/Game/Maps/City1.City1:PersistentLevel.City1' with GeneratedClass '/Game/Maps/City1.City1_C' with ClassGeneratedBy '/Game/Maps/City1.City1:PersistentLevel.City1'
[2019.11.09-02.34.11:605][249]LogSlate: Updating window title bar state: overlay mode, drag disabled, window buttons hidden, title bar hidden
[2019.11.09-02.34.12:000][249]LogPlayLevel: Display: Shutting down PIE online subsystems
[2019.11.09-02.34.12:001][249]LogBlueprintUserMessages: Late EndPlayMap Detection: Level '/Game/Maps/City1.City1:PersistentLevel' has LevelScriptBlueprint '/Game/Maps/City1.City1:PersistentLevel.City1' with GeneratedClass '/Game/Maps/City1.City1_C' with ClassGeneratedBy '/Game/Maps/City1.City1:PersistentLevel.City1'
[2019.11.09-02.34.12:298][249]LogSlate: Updating window title bar state: overlay mode, drag disabled, window buttons hidden, title bar hidden
[2019.11.09-02.34.12:484][249]LogUObjectHash: Compacting FUObjectHashTables data took   1.51ms
[2019.11.09-02.34.12:743][250]LogPlayLevel: Display: Destroying online subsystem :Context_1
[2019.11.09-02.34.14:583][455]LogSlate: Window 'Message Log' being destroyed
[2019.11.09-02.34.14:586][455]LogSlate: Window 'Message Log' being destroyed
[2019.11.09-02.34.16:793][711]LogSlate: FSceneViewport::OnFocusLost() reason 2
[2019.11.09-02.34.37:007][101]LogBlueprintUserMessages: Early PlayInEditor Detection: Level '/Game/Maps/City1.City1:PersistentLevel' has LevelScriptBlueprint '/Game/Maps/City1.City1:PersistentLevel.City1' with GeneratedClass '/Game/Maps/City1.City1_C' with ClassGeneratedBy '/Game/Maps/City1.City1:PersistentLevel.City1'
[2019.11.09-02.34.37:007][101]LogPlayLevel: PlayLevel: No blueprints needed recompiling
[2019.11.09-02.34.37:007][101]PIE: New page: PIE session: City1 (Nov 8, 2019, 4:34:37 PM)
[2019.11.09-02.34.37:007][101]LogPlayLevel: Creating play world package: /Game/Maps/UEDPIE_0_City1
[2019.11.09-02.34.37:062][101]LogPlayLevel: PIE: StaticDuplicateObject took: (0.055163s)
[2019.11.09-02.34.37:063][101]LogAIModule: Creating AISystem for world City1
[2019.11.09-02.34.37:115][101]LogPlayLevel: PIE: World Init took: (0.052300s)
[2019.11.09-02.34.37:115][101]LogPlayLevel: PIE: Created PIE world by copying editor world from /Game/Maps/City1.City1 to /Game/Maps/UEDPIE_0_City1.City1 (0.107596s)
[2019.11.09-02.34.37:136][101]LogUObjectHash: Compacting FUObjectHashTables data took   0.89ms
[2019.11.09-02.34.37:164][101]LogInit: XAudio2 using 'Headset Earphone (CORSAIR VOID PRO Wireless Gaming Headset)' : 6 channels at 48 kHz using 16 bits per sample (channel mask 0x3f)
[2019.11.09-02.34.37:182][101]LogInit: FAudioDevice initialized.
[2019.11.09-02.34.37:206][101]LogSlate: FSceneViewport::OnFocusLost() reason 2
[2019.11.09-02.34.37:209][101]LogSlate: Updating window title bar state: overlay mode, drag disabled, window buttons hidden, title bar hidden
[2019.11.09-02.34.37:262][101]LogLoad: Game class is 'ThirdPersonGameMode_C'
[2019.11.09-02.34.37:266][101]LogWorld: Bringing World /Game/Maps/UEDPIE_0_City1.City1 up for play (max tick rate 0) at 2019.11.08-21.34.37
[2019.11.09-02.34.37:267][101]LogWorld: Bringing up level for play took: 0.004472
[2019.11.09-02.34.37:849][101]PIE: Play in editor start time for /Game/Maps/UEDPIE_0_City1 1.623
[2019.11.09-02.34.37:871][101]LogBlueprintUserMessages: Late PlayInEditor Detection: Level '/Game/Maps/City1.City1:PersistentLevel' has LevelScriptBlueprint '/Game/Maps/City1.City1:PersistentLevel.City1' with GeneratedClass '/Game/Maps/City1.City1_C' with ClassGeneratedBy '/Game/Maps/City1.City1:PersistentLevel.City1'
[2019.11.09-02.34.37:930][102]LogRenderer: Reallocating scene render targets to support 1272x688 Format 10 NumSamples 1 (Frame:1).
[2019.11.09-02.34.39:128][154]LogRenderer: Reallocating scene render targets to support 1920x1016 Format 10 NumSamples 1 (Frame:54).
[2019.11.09-02.34.49:408][255]LogBlueprintUserMessages: Early EndPlayMap Detection: Level '/Game/Maps/City1.City1:PersistentLevel' has LevelScriptBlueprint '/Game/Maps/City1.City1:PersistentLevel.City1' with GeneratedClass '/Game/Maps/City1.City1_C' with ClassGeneratedBy '/Game/Maps/City1.City1:PersistentLevel.City1'
[2019.11.09-02.34.49:426][255]LogSlate: Updating window title bar state: overlay mode, drag disabled, window buttons hidden, title bar hidden
[2019.11.09-02.34.49:443][255]LogSlate: Window 'ZombieCreed Game Preview Standalone (64-bit/PCD3D_SM5)' being destroyed
[2019.11.09-02.34.49:548][255]LogPlayLevel: Display: Shutting down PIE online subsystems
[2019.11.09-02.34.49:548][255]LogBlueprintUserMessages: Late EndPlayMap Detection: Level '/Game/Maps/City1.City1:PersistentLevel' has LevelScriptBlueprint '/Game/Maps/City1.City1:PersistentLevel.City1' with GeneratedClass '/Game/Maps/City1.City1_C' with ClassGeneratedBy '/Game/Maps/City1.City1:PersistentLevel.City1'
[2019.11.09-02.34.49:654][255]LogUObjectHash: Compacting FUObjectHashTables data took   1.31ms
[2019.11.09-02.34.49:662][256]LogPlayLevel: Display: Destroying online subsystem :Context_3
[2019.11.09-02.34.58:183][245]LogSlate: FSceneViewport::OnFocusLost() reason 0
[2019.11.09-02.34.58:225][250]LogTemp: Repeating last play command: New Editor Window (PIE)
[2019.11.09-02.34.58:238][250]LogBlueprintUserMessages: Early PlayInEditor Detection: Level '/Game/Maps/City1.City1:PersistentLevel' has LevelScriptBlueprint '/Game/Maps/City1.City1:PersistentLevel.City1' with GeneratedClass '/Game/Maps/City1.City1_C' with ClassGeneratedBy '/Game/Maps/City1.City1:PersistentLevel.City1'
[2019.11.09-02.34.58:238][250]LogPlayLevel: PlayLevel: No blueprints needed recompiling
[2019.11.09-02.34.58:238][250]PIE: New page: PIE session: City1 (Nov 8, 2019, 4:34:58 PM)
[2019.11.09-02.34.58:238][250]LogPlayLevel: Creating play world package: /Game/Maps/UEDPIE_0_City1
[2019.11.09-02.34.58:291][250]LogPlayLevel: PIE: StaticDuplicateObject took: (0.053396s)
[2019.11.09-02.34.58:292][250]LogAIModule: Creating AISystem for world City1
[2019.11.09-02.34.58:292][250]LogPlayLevel: PIE: World Init took: (0.000426s)
[2019.11.09-02.34.58:292][250]LogPlayLevel: PIE: Created PIE world by copying editor world from /Game/Maps/City1.City1 to /Game/Maps/UEDPIE_0_City1.City1 (0.053935s)
[2019.11.09-02.34.58:311][250]LogUObjectHash: Compacting FUObjectHashTables data took   0.82ms
[2019.11.09-02.34.58:328][250]LogInit: XAudio2 using 'Headset Earphone (CORSAIR VOID PRO Wireless Gaming Headset)' : 6 channels at 48 kHz using 16 bits per sample (channel mask 0x3f)
[2019.11.09-02.34.58:334][250]LogInit: FAudioDevice initialized.
[2019.11.09-02.34.58:339][250]LogSlate: Updating window title bar state: overlay mode, drag disabled, window buttons hidden, title bar hidden
[2019.11.09-02.34.58:370][250]LogLoad: Game class is 'ThirdPersonGameMode_C'
[2019.11.09-02.34.58:376][250]LogWorld: Bringing World /Game/Maps/UEDPIE_0_City1.City1 up for play (max tick rate 0) at 2019.11.08-21.34.58
[2019.11.09-02.34.58:376][250]LogWorld: Bringing up level for play took: 0.004928
[2019.11.09-02.34.58:392][250]PIE: Play in editor start time for /Game/Maps/UEDPIE_0_City1 0.167
[2019.11.09-02.34.58:392][250]LogBlueprintUserMessages: Late PlayInEditor Detection: Level '/Game/Maps/City1.City1:PersistentLevel' has LevelScriptBlueprint '/Game/Maps/City1.City1:PersistentLevel.City1' with GeneratedClass '/Game/Maps/City1.City1_C' with ClassGeneratedBy '/Game/Maps/City1.City1:PersistentLevel.City1'
[2019.11.09-02.35.08:219][359]LogBlueprintUserMessages: Early EndPlayMap Detection: Level '/Game/Maps/City1.City1:PersistentLevel' has LevelScriptBlueprint '/Game/Maps/City1.City1:PersistentLevel.City1' with GeneratedClass '/Game/Maps/City1.City1_C' with ClassGeneratedBy '/Game/Maps/City1.City1:PersistentLevel.City1'
[2019.11.09-02.35.08:219][359]LogSlate: Updating window title bar state: overlay mode, drag disabled, window buttons hidden, title bar hidden
[2019.11.09-02.35.08:233][359]LogSlate: Window 'ZombieCreed Game Preview Standalone (64-bit/PCD3D_SM5)' being destroyed
[2019.11.09-02.35.08:263][359]LogPlayLevel: Display: Shutting down PIE online subsystems
[2019.11.09-02.35.08:263][359]LogBlueprintUserMessages: Late EndPlayMap Detection: Level '/Game/Maps/City1.City1:PersistentLevel' has LevelScriptBlueprint '/Game/Maps/City1.City1:PersistentLevel.City1' with GeneratedClass '/Game/Maps/City1.City1_C' with ClassGeneratedBy '/Game/Maps/City1.City1:PersistentLevel.City1'
[2019.11.09-02.35.08:321][359]LogUObjectHash: Compacting FUObjectHashTables data took   0.96ms
[2019.11.09-02.35.08:334][360]LogPlayLevel: Display: Destroying online subsystem :Context_4
[2019.11.09-02.35.53:359][ 67]LogSlate: Took 0.000257 seconds to synchronously load lazily loaded font '../../../Engine/Content/Slate/Fonts/Roboto-Light.ttf' (167K)
[2019.11.09-02.36.34:732][162]LogD3D11RHI: Error: Result failed 
 at D:\Build\++UE4\Sync\Engine\Source\Runtime\Windows\D3D11RHI\Private\D3D11Query.cpp:296 
 with error DXGI_ERROR_DEVICE_REMOVED DXGI_ERROR_DEVICE_REMOVED
[2019.11.09-02.36.34:732][162]LogD3D11RHI: [Aftermath] GDynamicRHI=000001F2CC8740C0, GDX11NVAfterMathEnabled=0, Result=0xFFFFFFFF, bDeviceActive=0
[2019.11.09-02.36.35:077][163]LogWindows: Windows GetLastError: The operation completed successfully. (0)
[2019.11.09-02.37.03:527][163]LogOutputDevice: Warning: 

Script Stack (0 frames):

[2019.11.09-02.37.03:527][163]LogWindows: Windows GetLastError: The operation completed successfully. (0)
[2019.11.09-02.37.03:568][163]LogThreadingWindows: Error: Runnable thread RenderThread 11 crashed.
[2019.11.09-02.37.03:568][163]LogWindows: Error: === Critical error: ===
[2019.11.09-02.37.03:568][163]LogWindows: Error: 
[2019.11.09-02.37.03:568][163]LogWindows: Error: Fatal error: [File:D:\Build\++UE4\Sync\Engine\Source\Runtime\RenderCore\Private\RenderingThread.cpp] [Line: 819] 
[2019.11.09-02.37.03:568][163]LogWindows: Error: Rendering thread exception:
[2019.11.09-02.37.03:568][163]LogWindows: Error: Fatal error: [File:D:\Build\++UE4\Sync\Engine\Source\Runtime\Windows\D3D11RHI\Private\D3D11Util.cpp] [Line: 198] 
[2019.11.09-02.37.03:568][163]LogWindows: Error: Unreal Engine is exiting due to D3D device being lost. (Error: 0x887A0005 - 'REMOVED')
[2019.11.09-02.37.03:568][163]LogWindows: Error: 
[2019.11.09-02.37.03:568][163]LogWindows: Error: 
[2019.11.09-02.37.03:568][163]LogWindows: Error: Unhandled Exception: 0x00008000
[2019.11.09-02.37.03:568][163]LogWindows: Error: 
[2019.11.09-02.37.03:568][163]LogWindows: Error: [Callstack] 0x00007ffc23fe9129 KERNELBASE.dll!UnknownFunction []
[2019.11.09-02.37.03:568][163]LogWindows: Error: [Callstack] 0x00007ffbbf983667 UE4Editor-Core.dll!UnknownFunction []
[2019.11.09-02.37.03:568][163]LogWindows: Error: [Callstack] 0x00007ffbbf9846e0 UE4Editor-Core.dll!UnknownFunction []
[2019.11.09-02.37.03:568][163]LogWindows: Error: [Callstack] 0x00007ffbbf797d1a UE4Editor-Core.dll!UnknownFunction []
[2019.11.09-02.37.03:568][163]LogWindows: Error: [Callstack] 0x00007ffbbf71fe33 UE4Editor-Core.dll!UnknownFunction []
[2019.11.09-02.37.03:568][163]LogWindows: Error: [Callstack] 0x00007ffbbf71fd18 UE4Editor-Core.dll!UnknownFunction []
[2019.11.09-02.37.03:568][163]LogWindows: Error: [Callstack] 0x00007ffc044f2a23 UE4Editor-D3D11RHI.dll!UnknownFunction []
[2019.11.09-02.37.03:568][163]LogWindows: Error: [Callstack] 0x00007ffc044f629e UE4Editor-D3D11RHI.dll!UnknownFunction []
[2019.11.09-02.37.03:568][163]LogWindows: Error: [Callstack] 0x00007ffc044d1228 UE4Editor-D3D11RHI.dll!UnknownFunction []
[2019.11.09-02.37.03:569][163]LogWindows: Error: [Callstack] 0x00007ffc044e48ad UE4Editor-D3D11RHI.dll!UnknownFunction []
[2019.11.09-02.37.03:569][163]LogWindows: Error: [Callstack] 0x00007ffbe6a3e8e0 UE4Editor-RHI.dll!UnknownFunction []
[2019.11.09-02.37.03:569][163]LogWindows: Error: [Callstack] 0x00007ffbe6a3e4c4 UE4Editor-RHI.dll!UnknownFunction []
[2019.11.09-02.37.03:569][163]LogWindows: Error: [Callstack] 0x00007ffbe6a3f444 UE4Editor-RHI.dll!UnknownFunction []
[2019.11.09-02.37.03:569][163]LogWindows: Error: [Callstack] 0x00007ffbe6a36bb4 UE4Editor-RHI.dll!UnknownFunction []
[2019.11.09-02.37.03:569][163]LogWindows: Error: [Callstack] 0x00007ffc0427769b UE4Editor-SlateRHIRenderer.dll!UnknownFunction []
[2019.11.09-02.37.03:569][163]LogWindows: Error: [Callstack] 0x00007ffc0427e220 UE4Editor-SlateRHIRenderer.dll!UnknownFunction []
[2019.11.09-02.37.03:569][163]LogWindows: Error: [Callstack] 0x00007ffbbf5a22d8 UE4Editor-Core.dll!UnknownFunction []
[2019.11.09-02.37.03:569][163]LogWindows: Error: [Callstack] 0x00007ffbbf5a2563 UE4Editor-Core.dll!UnknownFunction []
[2019.11.09-02.37.03:569][163]LogWindows: Error: [Callstack] 0x00007ffbe06459f1 UE4Editor-RenderCore.dll!UnknownFunction []
[2019.11.09-02.37.03:569][163]LogWindows: Error: [Callstack] 0x00007ffbe064c184 UE4Editor-RenderCore.dll!UnknownFunction []
[2019.11.09-02.37.03:569][163]LogWindows: Error: [Callstack] 0x00007ffbbf994b3f UE4Editor-Core.dll!UnknownFunction []
[2019.11.09-02.37.03:569][163]LogWindows: Error: [Callstack] 0x00007ffbbf9908a7 UE4Editor-Core.dll!UnknownFunction []
[2019.11.09-02.37.03:569][163]LogWindows: Error: [Callstack] 0x00007ffc25f37974 KERNEL32.DLL!UnknownFunction []
[2019.11.09-02.37.03:569][163]LogWindows: Error: [Callstack] 0x00007ffc272fa271 ntdll.dll!UnknownFunction []
[2019.11.09-02.37.03:569][163]LogWindows: Error: 
[2019.11.09-02.37.03:569][163]LogWindows: Error: 
[2019.11.09-02.37.03:569][163]LogWindows: Error: 
[2019.11.09-02.37.03:569][163]LogWindows: Error: 
[2019.11.09-02.37.03:569][163]LogWindows: Error: Crash in runnable thread RenderThread 11
[2019.11.09-02.37.03:571][163]LogWindows: Error: HandleError re-entered.
[2019.11.09-02.37.03:837][163]LogExit: Executing StaticShutdownAfterError
[2019.11.09-02.37.03:837][163]LogWindows: FPlatformMisc::RequestExit(1)
[2019.11.09-02.37.03:890][163]Log file closed, 11/08/19 21:37:03
